ERROR - 2023-06-13 05:38:21 --> Error connecting to the database: mysqli_sql_exception: No connection could be made because the target machine actively refused it in C:\xampp\htdocs\monitoring_1\system\Database\MySQLi\Connection.php:174
Stack trace:
#0 C:\xampp\htdocs\monitoring_1\system\Database\MySQLi\Connection.php(174): mysqli->real_connect('localhost', 'root', '', 'monitoring', 3306, '', 0)
#1 C:\xampp\htdocs\monitoring_1\system\Database\BaseConnection.php(391): CodeIgniter\Database\MySQLi\Connection->connect(false)
#2 C:\xampp\htdocs\monitoring_1\system\Database\BaseConnection.php(574): CodeIgniter\Database\BaseConnection->initialize()
#3 C:\xampp\htdocs\monitoring_1\app\Controllers\admin.php(19): CodeIgniter\Database\BaseConnection->query('SELECT * FROM  ...')
#4 C:\xampp\htdocs\monitoring_1\system\CodeIgniter.php(934): App\Controllers\admin->employee_db()
#5 C:\xampp\htdocs\monitoring_1\system\CodeIgniter.php(499): CodeIgniter\CodeIgniter->runController(Object(App\Controllers\admin))
#6 C:\xampp\htdocs\monitoring_1\system\CodeIgniter.php(368): CodeIgniter\CodeIgniter->handleRequest(NULL, Object(Config\Cache), false)
#7 C:\xampp\htdocs\monitoring_1\public\index.php(67): CodeIgniter\CodeIgniter->run()
#8 C:\xampp\htdocs\monitoring_1\system\Commands\Server\rewrite.php(47): require_once('C:\\xampp\\htdocs...')
#9 {main}

Next CodeIgniter\Database\Exceptions\DatabaseException: No connection could be made because the target machine actively refused it in C:\xampp\htdocs\monitoring_1\system\Database\MySQLi\Connection.php:218
Stack trace:
#0 C:\xampp\htdocs\monitoring_1\system\Database\BaseConnection.php(391): CodeIgniter\Database\MySQLi\Connection->connect(false)
#1 C:\xampp\htdocs\monitoring_1\system\Database\BaseConnection.php(574): CodeIgniter\Database\BaseConnection->initialize()
#2 C:\xampp\htdocs\monitoring_1\app\Controllers\admin.php(19): CodeIgniter\Database\BaseConnection->query('SELECT * FROM  ...')
#3 C:\xampp\htdocs\monitoring_1\system\CodeIgniter.php(934): App\Controllers\admin->employee_db()
#4 C:\xampp\htdocs\monitoring_1\system\CodeIgniter.php(499): CodeIgniter\CodeIgniter->runController(Object(App\Controllers\admin))
#5 C:\xampp\htdocs\monitoring_1\system\CodeIgniter.php(368): CodeIgniter\CodeIgniter->handleRequest(NULL, Object(Config\Cache), false)
#6 C:\xampp\htdocs\monitoring_1\public\index.php(67): CodeIgniter\CodeIgniter->run()
#7 C:\xampp\htdocs\monitoring_1\system\Commands\Server\rewrite.php(47): require_once('C:\\xampp\\htdocs...')
#8 {main}
CRITICAL - 2023-06-13 05:38:21 --> Unable to connect to the database.
Main connection [MySQLi]: No connection could be made because the target machine actively refused it
in SYSTEMPATH\Database\BaseConnection.php on line 427.
 1 SYSTEMPATH\Database\BaseConnection.php(574): CodeIgniter\Database\BaseConnection->initialize()
 2 APPPATH\Controllers\admin.php(19): CodeIgniter\Database\BaseConnection->query('SELECT * FROM  employee')
 3 SYSTEMPATH\CodeIgniter.php(934): App\Controllers\admin->employee_db()
 4 SYSTEMPATH\CodeIgniter.php(499): CodeIgniter\CodeIgniter->runController(Object(App\Controllers\admin))
 5 SYSTEMPATH\CodeIgniter.php(368): CodeIgniter\CodeIgniter->handleRequest(null, Object(Config\Cache), false)
 6 FCPATH\index.php(67): CodeIgniter\CodeIgniter->run()
 7 SYSTEMPATH\Commands\Server\rewrite.php(47): require_once('C:\\xampp\\htdocs\\monitoring_1\\public\\index.php')
ERROR - 2023-06-13 05:49:05 --> mysqli_sql_exception: Cannot delete or update a parent row: a foreign key constraint fails (`monitoring`.`employee`, CONSTRAINT `manager_id` FOREIGN KEY (`evaluator_id`) REFERENCES `employee` (`users_id`)) in C:\xampp\htdocs\monitoring_1\system\Database\MySQLi\Connection.php:295
Stack trace:
#0 C:\xampp\htdocs\monitoring_1\system\Database\MySQLi\Connection.php(295): mysqli->query('DELETE FROM `em...', 0)
#1 C:\xampp\htdocs\monitoring_1\system\Database\BaseConnection.php(692): CodeIgniter\Database\MySQLi\Connection->execute('DELETE FROM `em...')
#2 C:\xampp\htdocs\monitoring_1\system\Database\BaseConnection.php(606): CodeIgniter\Database\BaseConnection->simpleQuery('DELETE FROM `em...')
#3 C:\xampp\htdocs\monitoring_1\system\Database\BaseBuilder.php(2791): CodeIgniter\Database\BaseConnection->query('DELETE FROM `em...', Array, false)
#4 C:\xampp\htdocs\monitoring_1\app\Controllers\admin.php(111): CodeIgniter\Database\BaseBuilder->delete()
#5 C:\xampp\htdocs\monitoring_1\system\CodeIgniter.php(934): App\Controllers\admin->delete_employee('22')
#6 C:\xampp\htdocs\monitoring_1\system\CodeIgniter.php(499): CodeIgniter\CodeIgniter->runController(Object(App\Controllers\admin))
#7 C:\xampp\htdocs\monitoring_1\system\CodeIgniter.php(368): CodeIgniter\CodeIgniter->handleRequest(NULL, Object(Config\Cache), false)
#8 C:\xampp\htdocs\monitoring_1\public\index.php(67): CodeIgniter\CodeIgniter->run()
#9 C:\xampp\htdocs\monitoring_1\system\Commands\Server\rewrite.php(47): require_once('C:\\xampp\\htdocs...')
#10 {main}
CRITICAL - 2023-06-13 05:49:05 --> Cannot delete or update a parent row: a foreign key constraint fails (`monitoring`.`employee`, CONSTRAINT `manager_id` FOREIGN KEY (`evaluator_id`) REFERENCES `employee` (`users_id`))
in SYSTEMPATH\Database\MySQLi\Connection.php on line 295.
 1 SYSTEMPATH\Database\MySQLi\Connection.php(295): mysqli->query('DELETE FROM `employee`
WHERE `users_id` = \'22\'', 0)
 2 SYSTEMPATH\Database\BaseConnection.php(692): CodeIgniter\Database\MySQLi\Connection->execute('DELETE FROM `employee`
WHERE `users_id` = \'22\'')
 3 SYSTEMPATH\Database\BaseConnection.php(606): CodeIgniter\Database\BaseConnection->simpleQuery('DELETE FROM `employee`
WHERE `users_id` = \'22\'')
 4 SYSTEMPATH\Database\BaseBuilder.php(2791): CodeIgniter\Database\BaseConnection->query('DELETE FROM `employee`
WHERE `users_id` = :users_id:', [...], false)
 5 APPPATH\Controllers\admin.php(111): CodeIgniter\Database\BaseBuilder->delete()
 6 SYSTEMPATH\CodeIgniter.php(934): App\Controllers\admin->delete_employee('22')
 7 SYSTEMPATH\CodeIgniter.php(499): CodeIgniter\CodeIgniter->runController(Object(App\Controllers\admin))
 8 SYSTEMPATH\CodeIgniter.php(368): CodeIgniter\CodeIgniter->handleRequest(null, Object(Config\Cache), false)
 9 FCPATH\index.php(67): CodeIgniter\CodeIgniter->run()
10 SYSTEMPATH\Commands\Server\rewrite.php(47): require_once('C:\\xampp\\htdocs\\monitoring_1\\public\\index.php')
CRITICAL - 2023-06-13 05:50:43 --> Undefined variable $data
in APPPATH\Controllers\admin.php on line 110.
 1 APPPATH\Controllers\admin.php(110): CodeIgniter\Debug\Exceptions->errorHandler(2, 'Undefined variable $data', 'C:\\xampp\\htdocs\\monitoring_1\\app\\Controllers\\admin.php', 110)
 2 SYSTEMPATH\CodeIgniter.php(934): App\Controllers\admin->delete_employee('20')
 3 SYSTEMPATH\CodeIgniter.php(499): CodeIgniter\CodeIgniter->runController(Object(App\Controllers\admin))
 4 SYSTEMPATH\CodeIgniter.php(368): CodeIgniter\CodeIgniter->handleRequest(null, Object(Config\Cache), false)
 5 FCPATH\index.php(67): CodeIgniter\CodeIgniter->run()
 6 SYSTEMPATH\Commands\Server\rewrite.php(47): require_once('C:\\xampp\\htdocs\\monitoring_1\\public\\index.php')
ERROR - 2023-06-13 05:52:00 --> mysqli_sql_exception: Cannot delete or update a parent row: a foreign key constraint fails (`monitoring`.`employee`, CONSTRAINT `manager_id` FOREIGN KEY (`evaluator_id`) REFERENCES `employee` (`users_id`)) in C:\xampp\htdocs\monitoring_1\system\Database\MySQLi\Connection.php:295
Stack trace:
#0 C:\xampp\htdocs\monitoring_1\system\Database\MySQLi\Connection.php(295): mysqli->query('DELETE FROM `em...', 0)
#1 C:\xampp\htdocs\monitoring_1\system\Database\BaseConnection.php(692): CodeIgniter\Database\MySQLi\Connection->execute('DELETE FROM `em...')
#2 C:\xampp\htdocs\monitoring_1\system\Database\BaseConnection.php(606): CodeIgniter\Database\BaseConnection->simpleQuery('DELETE FROM `em...')
#3 C:\xampp\htdocs\monitoring_1\system\Database\BaseBuilder.php(2791): CodeIgniter\Database\BaseConnection->query('DELETE FROM `em...', Array, false)
#4 C:\xampp\htdocs\monitoring_1\app\Controllers\admin.php(112): CodeIgniter\Database\BaseBuilder->delete()
#5 C:\xampp\htdocs\monitoring_1\system\CodeIgniter.php(934): App\Controllers\admin->delete_employee('22')
#6 C:\xampp\htdocs\monitoring_1\system\CodeIgniter.php(499): CodeIgniter\CodeIgniter->runController(Object(App\Controllers\admin))
#7 C:\xampp\htdocs\monitoring_1\system\CodeIgniter.php(368): CodeIgniter\CodeIgniter->handleRequest(NULL, Object(Config\Cache), false)
#8 C:\xampp\htdocs\monitoring_1\public\index.php(67): CodeIgniter\CodeIgniter->run()
#9 C:\xampp\htdocs\monitoring_1\system\Commands\Server\rewrite.php(47): require_once('C:\\xampp\\htdocs...')
#10 {main}
CRITICAL - 2023-06-13 05:52:00 --> Cannot delete or update a parent row: a foreign key constraint fails (`monitoring`.`employee`, CONSTRAINT `manager_id` FOREIGN KEY (`evaluator_id`) REFERENCES `employee` (`users_id`))
in SYSTEMPATH\Database\MySQLi\Connection.php on line 295.
 1 SYSTEMPATH\Database\MySQLi\Connection.php(295): mysqli->query('DELETE FROM `employee`
WHERE `users_id` = \'22\'', 0)
 2 SYSTEMPATH\Database\BaseConnection.php(692): CodeIgniter\Database\MySQLi\Connection->execute('DELETE FROM `employee`
WHERE `users_id` = \'22\'')
 3 SYSTEMPATH\Database\BaseConnection.php(606): CodeIgniter\Database\BaseConnection->simpleQuery('DELETE FROM `employee`
WHERE `users_id` = \'22\'')
 4 SYSTEMPATH\Database\BaseBuilder.php(2791): CodeIgniter\Database\BaseConnection->query('DELETE FROM `employee`
WHERE `users_id` = :users_id:', [...], false)
 5 APPPATH\Controllers\admin.php(112): CodeIgniter\Database\BaseBuilder->delete()
 6 SYSTEMPATH\CodeIgniter.php(934): App\Controllers\admin->delete_employee('22')
 7 SYSTEMPATH\CodeIgniter.php(499): CodeIgniter\CodeIgniter->runController(Object(App\Controllers\admin))
 8 SYSTEMPATH\CodeIgniter.php(368): CodeIgniter\CodeIgniter->handleRequest(null, Object(Config\Cache), false)
 9 FCPATH\index.php(67): CodeIgniter\CodeIgniter->run()
10 SYSTEMPATH\Commands\Server\rewrite.php(47): require_once('C:\\xampp\\htdocs\\monitoring_1\\public\\index.php')
ERROR - 2023-06-13 06:01:37 --> mysqli_sql_exception: Cannot delete or update a parent row: a foreign key constraint fails (`monitoring`.`employee`, CONSTRAINT `manager_id` FOREIGN KEY (`evaluator_id`) REFERENCES `employee` (`users_id`)) in C:\xampp\htdocs\monitoring_1\system\Database\MySQLi\Connection.php:295
Stack trace:
#0 C:\xampp\htdocs\monitoring_1\system\Database\MySQLi\Connection.php(295): mysqli->query('DELETE FROM `em...', 0)
#1 C:\xampp\htdocs\monitoring_1\system\Database\BaseConnection.php(692): CodeIgniter\Database\MySQLi\Connection->execute('DELETE FROM `em...')
#2 C:\xampp\htdocs\monitoring_1\system\Database\BaseConnection.php(606): CodeIgniter\Database\BaseConnection->simpleQuery('DELETE FROM `em...')
#3 C:\xampp\htdocs\monitoring_1\system\Database\BaseBuilder.php(2791): CodeIgniter\Database\BaseConnection->query('DELETE FROM `em...', Array, false)
#4 C:\xampp\htdocs\monitoring_1\app\Controllers\admin.php(112): CodeIgniter\Database\BaseBuilder->delete(Array)
#5 C:\xampp\htdocs\monitoring_1\system\CodeIgniter.php(934): App\Controllers\admin->delete_employee('27')
#6 C:\xampp\htdocs\monitoring_1\system\CodeIgniter.php(499): CodeIgniter\CodeIgniter->runController(Object(App\Controllers\admin))
#7 C:\xampp\htdocs\monitoring_1\system\CodeIgniter.php(368): CodeIgniter\CodeIgniter->handleRequest(NULL, Object(Config\Cache), false)
#8 C:\xampp\htdocs\monitoring_1\public\index.php(67): CodeIgniter\CodeIgniter->run()
#9 C:\xampp\htdocs\monitoring_1\system\Commands\Server\rewrite.php(47): require_once('C:\\xampp\\htdocs...')
#10 {main}
CRITICAL - 2023-06-13 06:01:37 --> Cannot delete or update a parent row: a foreign key constraint fails (`monitoring`.`employee`, CONSTRAINT `manager_id` FOREIGN KEY (`evaluator_id`) REFERENCES `employee` (`users_id`))
in SYSTEMPATH\Database\MySQLi\Connection.php on line 295.
 1 SYSTEMPATH\Database\MySQLi\Connection.php(295): mysqli->query('DELETE FROM `employee`
WHERE `users_id` = \'27\'', 0)
 2 SYSTEMPATH\Database\BaseConnection.php(692): CodeIgniter\Database\MySQLi\Connection->execute('DELETE FROM `employee`
WHERE `users_id` = \'27\'')
 3 SYSTEMPATH\Database\BaseConnection.php(606): CodeIgniter\Database\BaseConnection->simpleQuery('DELETE FROM `employee`
WHERE `users_id` = \'27\'')
 4 SYSTEMPATH\Database\BaseBuilder.php(2791): CodeIgniter\Database\BaseConnection->query('DELETE FROM `employee`
WHERE `users_id` = :users_id:', [...], false)
 5 APPPATH\Controllers\admin.php(112): CodeIgniter\Database\BaseBuilder->delete([])
 6 SYSTEMPATH\CodeIgniter.php(934): App\Controllers\admin->delete_employee('27')
 7 SYSTEMPATH\CodeIgniter.php(499): CodeIgniter\CodeIgniter->runController(Object(App\Controllers\admin))
 8 SYSTEMPATH\CodeIgniter.php(368): CodeIgniter\CodeIgniter->handleRequest(null, Object(Config\Cache), false)
 9 FCPATH\index.php(67): CodeIgniter\CodeIgniter->run()
10 SYSTEMPATH\Commands\Server\rewrite.php(47): require_once('C:\\xampp\\htdocs\\monitoring_1\\public\\index.php')
ERROR - 2023-06-13 06:03:28 --> mysqli_sql_exception: Cannot delete or update a parent row: a foreign key constraint fails (`monitoring`.`employee`, CONSTRAINT `manager_id` FOREIGN KEY (`evaluator_id`) REFERENCES `employee` (`users_id`)) in C:\xampp\htdocs\monitoring_1\system\Database\MySQLi\Connection.php:295
Stack trace:
#0 C:\xampp\htdocs\monitoring_1\system\Database\MySQLi\Connection.php(295): mysqli->query('DELETE FROM `em...', 0)
#1 C:\xampp\htdocs\monitoring_1\system\Database\BaseConnection.php(692): CodeIgniter\Database\MySQLi\Connection->execute('DELETE FROM `em...')
#2 C:\xampp\htdocs\monitoring_1\system\Database\BaseConnection.php(606): CodeIgniter\Database\BaseConnection->simpleQuery('DELETE FROM `em...')
#3 C:\xampp\htdocs\monitoring_1\system\Database\BaseBuilder.php(2791): CodeIgniter\Database\BaseConnection->query('DELETE FROM `em...', Array, false)
#4 C:\xampp\htdocs\monitoring_1\app\Controllers\admin.php(112): CodeIgniter\Database\BaseBuilder->delete(Array)
#5 C:\xampp\htdocs\monitoring_1\system\CodeIgniter.php(934): App\Controllers\admin->delete_employee('27')
#6 C:\xampp\htdocs\monitoring_1\system\CodeIgniter.php(499): CodeIgniter\CodeIgniter->runController(Object(App\Controllers\admin))
#7 C:\xampp\htdocs\monitoring_1\system\CodeIgniter.php(368): CodeIgniter\CodeIgniter->handleRequest(NULL, Object(Config\Cache), false)
#8 C:\xampp\htdocs\monitoring_1\public\index.php(67): CodeIgniter\CodeIgniter->run()
#9 C:\xampp\htdocs\monitoring_1\system\Commands\Server\rewrite.php(47): require_once('C:\\xampp\\htdocs...')
#10 {main}
CRITICAL - 2023-06-13 06:03:28 --> Cannot delete or update a parent row: a foreign key constraint fails (`monitoring`.`employee`, CONSTRAINT `manager_id` FOREIGN KEY (`evaluator_id`) REFERENCES `employee` (`users_id`))
in SYSTEMPATH\Database\MySQLi\Connection.php on line 295.
 1 SYSTEMPATH\Database\MySQLi\Connection.php(295): mysqli->query('DELETE FROM `employee`
WHERE `users_id` = \'27\'', 0)
 2 SYSTEMPATH\Database\BaseConnection.php(692): CodeIgniter\Database\MySQLi\Connection->execute('DELETE FROM `employee`
WHERE `users_id` = \'27\'')
 3 SYSTEMPATH\Database\BaseConnection.php(606): CodeIgniter\Database\BaseConnection->simpleQuery('DELETE FROM `employee`
WHERE `users_id` = \'27\'')
 4 SYSTEMPATH\Database\BaseBuilder.php(2791): CodeIgniter\Database\BaseConnection->query('DELETE FROM `employee`
WHERE `users_id` = :users_id:', [...], false)
 5 APPPATH\Controllers\admin.php(112): CodeIgniter\Database\BaseBuilder->delete([])
 6 SYSTEMPATH\CodeIgniter.php(934): App\Controllers\admin->delete_employee('27')
 7 SYSTEMPATH\CodeIgniter.php(499): CodeIgniter\CodeIgniter->runController(Object(App\Controllers\admin))
 8 SYSTEMPATH\CodeIgniter.php(368): CodeIgniter\CodeIgniter->handleRequest(null, Object(Config\Cache), false)
 9 FCPATH\index.php(67): CodeIgniter\CodeIgniter->run()
10 SYSTEMPATH\Commands\Server\rewrite.php(47): require_once('C:\\xampp\\htdocs\\monitoring_1\\public\\index.php')
ERROR - 2023-06-13 06:12:49 --> mysqli_sql_exception: Cannot delete or update a parent row: a foreign key constraint fails (`monitoring`.`employee`, CONSTRAINT `manager_id` FOREIGN KEY (`evaluator_id`) REFERENCES `employee` (`users_id`)) in C:\xampp\htdocs\monitoring_1\system\Database\MySQLi\Connection.php:295
Stack trace:
#0 C:\xampp\htdocs\monitoring_1\system\Database\MySQLi\Connection.php(295): mysqli->query('DELETE FROM `em...', 0)
#1 C:\xampp\htdocs\monitoring_1\system\Database\BaseConnection.php(692): CodeIgniter\Database\MySQLi\Connection->execute('DELETE FROM `em...')
#2 C:\xampp\htdocs\monitoring_1\system\Database\BaseConnection.php(606): CodeIgniter\Database\BaseConnection->simpleQuery('DELETE FROM `em...')
#3 C:\xampp\htdocs\monitoring_1\system\Database\BaseBuilder.php(2791): CodeIgniter\Database\BaseConnection->query('DELETE FROM `em...', Array, false)
#4 C:\xampp\htdocs\monitoring_1\app\Controllers\admin.php(112): CodeIgniter\Database\BaseBuilder->delete(Array)
#5 C:\xampp\htdocs\monitoring_1\system\CodeIgniter.php(934): App\Controllers\admin->delete_employee('27')
#6 C:\xampp\htdocs\monitoring_1\system\CodeIgniter.php(499): CodeIgniter\CodeIgniter->runController(Object(App\Controllers\admin))
#7 C:\xampp\htdocs\monitoring_1\system\CodeIgniter.php(368): CodeIgniter\CodeIgniter->handleRequest(NULL, Object(Config\Cache), false)
#8 C:\xampp\htdocs\monitoring_1\public\index.php(67): CodeIgniter\CodeIgniter->run()
#9 C:\xampp\htdocs\monitoring_1\system\Commands\Server\rewrite.php(47): require_once('C:\\xampp\\htdocs...')
#10 {main}
CRITICAL - 2023-06-13 06:12:49 --> Cannot delete or update a parent row: a foreign key constraint fails (`monitoring`.`employee`, CONSTRAINT `manager_id` FOREIGN KEY (`evaluator_id`) REFERENCES `employee` (`users_id`))
in SYSTEMPATH\Database\MySQLi\Connection.php on line 295.
 1 SYSTEMPATH\Database\MySQLi\Connection.php(295): mysqli->query('DELETE FROM `employee`
WHERE `users_id` = \'27\'', 0)
 2 SYSTEMPATH\Database\BaseConnection.php(692): CodeIgniter\Database\MySQLi\Connection->execute('DELETE FROM `employee`
WHERE `users_id` = \'27\'')
 3 SYSTEMPATH\Database\BaseConnection.php(606): CodeIgniter\Database\BaseConnection->simpleQuery('DELETE FROM `employee`
WHERE `users_id` = \'27\'')
 4 SYSTEMPATH\Database\BaseBuilder.php(2791): CodeIgniter\Database\BaseConnection->query('DELETE FROM `employee`
WHERE `users_id` = :users_id:', [...], false)
 5 APPPATH\Controllers\admin.php(112): CodeIgniter\Database\BaseBuilder->delete([])
 6 SYSTEMPATH\CodeIgniter.php(934): App\Controllers\admin->delete_employee('27')
 7 SYSTEMPATH\CodeIgniter.php(499): CodeIgniter\CodeIgniter->runController(Object(App\Controllers\admin))
 8 SYSTEMPATH\CodeIgniter.php(368): CodeIgniter\CodeIgniter->handleRequest(null, Object(Config\Cache), false)
 9 FCPATH\index.php(67): CodeIgniter\CodeIgniter->run()
10 SYSTEMPATH\Commands\Server\rewrite.php(47): require_once('C:\\xampp\\htdocs\\monitoring_1\\public\\index.php')
ERROR - 2023-06-13 06:13:32 --> mysqli_sql_exception: Cannot delete or update a parent row: a foreign key constraint fails (`monitoring`.`employee`, CONSTRAINT `manager_id` FOREIGN KEY (`evaluator_id`) REFERENCES `employee` (`users_id`)) in C:\xampp\htdocs\monitoring_1\system\Database\MySQLi\Connection.php:295
Stack trace:
#0 C:\xampp\htdocs\monitoring_1\system\Database\MySQLi\Connection.php(295): mysqli->query('DELETE FROM `em...', 0)
#1 C:\xampp\htdocs\monitoring_1\system\Database\BaseConnection.php(692): CodeIgniter\Database\MySQLi\Connection->execute('DELETE FROM `em...')
#2 C:\xampp\htdocs\monitoring_1\system\Database\BaseConnection.php(606): CodeIgniter\Database\BaseConnection->simpleQuery('DELETE FROM `em...')
#3 C:\xampp\htdocs\monitoring_1\system\Database\BaseBuilder.php(2791): CodeIgniter\Database\BaseConnection->query('DELETE FROM `em...', Array, false)
#4 C:\xampp\htdocs\monitoring_1\app\Controllers\admin.php(112): CodeIgniter\Database\BaseBuilder->delete(Array)
#5 C:\xampp\htdocs\monitoring_1\system\CodeIgniter.php(934): App\Controllers\admin->delete_employee('27')
#6 C:\xampp\htdocs\monitoring_1\system\CodeIgniter.php(499): CodeIgniter\CodeIgniter->runController(Object(App\Controllers\admin))
#7 C:\xampp\htdocs\monitoring_1\system\CodeIgniter.php(368): CodeIgniter\CodeIgniter->handleRequest(NULL, Object(Config\Cache), false)
#8 C:\xampp\htdocs\monitoring_1\public\index.php(67): CodeIgniter\CodeIgniter->run()
#9 C:\xampp\htdocs\monitoring_1\system\Commands\Server\rewrite.php(47): require_once('C:\\xampp\\htdocs...')
#10 {main}
CRITICAL - 2023-06-13 06:13:32 --> Cannot delete or update a parent row: a foreign key constraint fails (`monitoring`.`employee`, CONSTRAINT `manager_id` FOREIGN KEY (`evaluator_id`) REFERENCES `employee` (`users_id`))
in SYSTEMPATH\Database\MySQLi\Connection.php on line 295.
 1 SYSTEMPATH\Database\MySQLi\Connection.php(295): mysqli->query('DELETE FROM `employee`
WHERE `users_id` = \'27\'', 0)
 2 SYSTEMPATH\Database\BaseConnection.php(692): CodeIgniter\Database\MySQLi\Connection->execute('DELETE FROM `employee`
WHERE `users_id` = \'27\'')
 3 SYSTEMPATH\Database\BaseConnection.php(606): CodeIgniter\Database\BaseConnection->simpleQuery('DELETE FROM `employee`
WHERE `users_id` = \'27\'')
 4 SYSTEMPATH\Database\BaseBuilder.php(2791): CodeIgniter\Database\BaseConnection->query('DELETE FROM `employee`
WHERE `users_id` = :users_id:', [...], false)
 5 APPPATH\Controllers\admin.php(112): CodeIgniter\Database\BaseBuilder->delete([])
 6 SYSTEMPATH\CodeIgniter.php(934): App\Controllers\admin->delete_employee('27')
 7 SYSTEMPATH\CodeIgniter.php(499): CodeIgniter\CodeIgniter->runController(Object(App\Controllers\admin))
 8 SYSTEMPATH\CodeIgniter.php(368): CodeIgniter\CodeIgniter->handleRequest(null, Object(Config\Cache), false)
 9 FCPATH\index.php(67): CodeIgniter\CodeIgniter->run()
10 SYSTEMPATH\Commands\Server\rewrite.php(47): require_once('C:\\xampp\\htdocs\\monitoring_1\\public\\index.php')
ERROR - 2023-06-13 06:14:09 --> mysqli_sql_exception: Cannot delete or update a parent row: a foreign key constraint fails (`monitoring`.`employee`, CONSTRAINT `manager_id` FOREIGN KEY (`evaluator_id`) REFERENCES `employee` (`users_id`)) in C:\xampp\htdocs\monitoring_1\system\Database\MySQLi\Connection.php:295
Stack trace:
#0 C:\xampp\htdocs\monitoring_1\system\Database\MySQLi\Connection.php(295): mysqli->query('DELETE FROM `em...', 0)
#1 C:\xampp\htdocs\monitoring_1\system\Database\BaseConnection.php(692): CodeIgniter\Database\MySQLi\Connection->execute('DELETE FROM `em...')
#2 C:\xampp\htdocs\monitoring_1\system\Database\BaseConnection.php(606): CodeIgniter\Database\BaseConnection->simpleQuery('DELETE FROM `em...')
#3 C:\xampp\htdocs\monitoring_1\system\Database\BaseBuilder.php(2791): CodeIgniter\Database\BaseConnection->query('DELETE FROM `em...', Array, false)
#4 C:\xampp\htdocs\monitoring_1\app\Controllers\admin.php(112): CodeIgniter\Database\BaseBuilder->delete(Array)
#5 C:\xampp\htdocs\monitoring_1\system\CodeIgniter.php(934): App\Controllers\admin->delete_employee('27')
#6 C:\xampp\htdocs\monitoring_1\system\CodeIgniter.php(499): CodeIgniter\CodeIgniter->runController(Object(App\Controllers\admin))
#7 C:\xampp\htdocs\monitoring_1\system\CodeIgniter.php(368): CodeIgniter\CodeIgniter->handleRequest(NULL, Object(Config\Cache), false)
#8 C:\xampp\htdocs\monitoring_1\public\index.php(67): CodeIgniter\CodeIgniter->run()
#9 C:\xampp\htdocs\monitoring_1\system\Commands\Server\rewrite.php(47): require_once('C:\\xampp\\htdocs...')
#10 {main}
CRITICAL - 2023-06-13 06:14:09 --> Cannot delete or update a parent row: a foreign key constraint fails (`monitoring`.`employee`, CONSTRAINT `manager_id` FOREIGN KEY (`evaluator_id`) REFERENCES `employee` (`users_id`))
in SYSTEMPATH\Database\MySQLi\Connection.php on line 295.
 1 SYSTEMPATH\Database\MySQLi\Connection.php(295): mysqli->query('DELETE FROM `employee`
WHERE `users_id` = \'27\'', 0)
 2 SYSTEMPATH\Database\BaseConnection.php(692): CodeIgniter\Database\MySQLi\Connection->execute('DELETE FROM `employee`
WHERE `users_id` = \'27\'')
 3 SYSTEMPATH\Database\BaseConnection.php(606): CodeIgniter\Database\BaseConnection->simpleQuery('DELETE FROM `employee`
WHERE `users_id` = \'27\'')
 4 SYSTEMPATH\Database\BaseBuilder.php(2791): CodeIgniter\Database\BaseConnection->query('DELETE FROM `employee`
WHERE `users_id` = :users_id:', [...], false)
 5 APPPATH\Controllers\admin.php(112): CodeIgniter\Database\BaseBuilder->delete([])
 6 SYSTEMPATH\CodeIgniter.php(934): App\Controllers\admin->delete_employee('27')
 7 SYSTEMPATH\CodeIgniter.php(499): CodeIgniter\CodeIgniter->runController(Object(App\Controllers\admin))
 8 SYSTEMPATH\CodeIgniter.php(368): CodeIgniter\CodeIgniter->handleRequest(null, Object(Config\Cache), false)
 9 FCPATH\index.php(67): CodeIgniter\CodeIgniter->run()
10 SYSTEMPATH\Commands\Server\rewrite.php(47): require_once('C:\\xampp\\htdocs\\monitoring_1\\public\\index.php')
ERROR - 2023-06-13 06:14:46 --> mysqli_sql_exception: Cannot delete or update a parent row: a foreign key constraint fails (`monitoring`.`employee`, CONSTRAINT `manager_id` FOREIGN KEY (`evaluator_id`) REFERENCES `employee` (`users_id`)) in C:\xampp\htdocs\monitoring_1\system\Database\MySQLi\Connection.php:295
Stack trace:
#0 C:\xampp\htdocs\monitoring_1\system\Database\MySQLi\Connection.php(295): mysqli->query('DELETE FROM `em...', 0)
#1 C:\xampp\htdocs\monitoring_1\system\Database\BaseConnection.php(692): CodeIgniter\Database\MySQLi\Connection->execute('DELETE FROM `em...')
#2 C:\xampp\htdocs\monitoring_1\system\Database\BaseConnection.php(606): CodeIgniter\Database\BaseConnection->simpleQuery('DELETE FROM `em...')
#3 C:\xampp\htdocs\monitoring_1\system\Database\BaseBuilder.php(2791): CodeIgniter\Database\BaseConnection->query('DELETE FROM `em...', Array, false)
#4 C:\xampp\htdocs\monitoring_1\app\Controllers\admin.php(112): CodeIgniter\Database\BaseBuilder->delete(Array)
#5 C:\xampp\htdocs\monitoring_1\system\CodeIgniter.php(934): App\Controllers\admin->delete_employee('27')
#6 C:\xampp\htdocs\monitoring_1\system\CodeIgniter.php(499): CodeIgniter\CodeIgniter->runController(Object(App\Controllers\admin))
#7 C:\xampp\htdocs\monitoring_1\system\CodeIgniter.php(368): CodeIgniter\CodeIgniter->handleRequest(NULL, Object(Config\Cache), false)
#8 C:\xampp\htdocs\monitoring_1\public\index.php(67): CodeIgniter\CodeIgniter->run()
#9 C:\xampp\htdocs\monitoring_1\system\Commands\Server\rewrite.php(47): require_once('C:\\xampp\\htdocs...')
#10 {main}
CRITICAL - 2023-06-13 06:14:46 --> Cannot delete or update a parent row: a foreign key constraint fails (`monitoring`.`employee`, CONSTRAINT `manager_id` FOREIGN KEY (`evaluator_id`) REFERENCES `employee` (`users_id`))
in SYSTEMPATH\Database\MySQLi\Connection.php on line 295.
 1 SYSTEMPATH\Database\MySQLi\Connection.php(295): mysqli->query('DELETE FROM `employee`
WHERE `users_id` = \'27\'', 0)
 2 SYSTEMPATH\Database\BaseConnection.php(692): CodeIgniter\Database\MySQLi\Connection->execute('DELETE FROM `employee`
WHERE `users_id` = \'27\'')
 3 SYSTEMPATH\Database\BaseConnection.php(606): CodeIgniter\Database\BaseConnection->simpleQuery('DELETE FROM `employee`
WHERE `users_id` = \'27\'')
 4 SYSTEMPATH\Database\BaseBuilder.php(2791): CodeIgniter\Database\BaseConnection->query('DELETE FROM `employee`
WHERE `users_id` = :users_id:', [...], false)
 5 APPPATH\Controllers\admin.php(112): CodeIgniter\Database\BaseBuilder->delete([])
 6 SYSTEMPATH\CodeIgniter.php(934): App\Controllers\admin->delete_employee('27')
 7 SYSTEMPATH\CodeIgniter.php(499): CodeIgniter\CodeIgniter->runController(Object(App\Controllers\admin))
 8 SYSTEMPATH\CodeIgniter.php(368): CodeIgniter\CodeIgniter->handleRequest(null, Object(Config\Cache), false)
 9 FCPATH\index.php(67): CodeIgniter\CodeIgniter->run()
10 SYSTEMPATH\Commands\Server\rewrite.php(47): require_once('C:\\xampp\\htdocs\\monitoring_1\\public\\index.php')
ERROR - 2023-06-13 06:21:43 --> mysqli_sql_exception: Cannot delete or update a parent row: a foreign key constraint fails (`monitoring`.`employee`, CONSTRAINT `manager_id` FOREIGN KEY (`evaluator_id`) REFERENCES `employee` (`users_id`)) in C:\xampp\htdocs\monitoring_1\system\Database\MySQLi\Connection.php:295
Stack trace:
#0 C:\xampp\htdocs\monitoring_1\system\Database\MySQLi\Connection.php(295): mysqli->query('DELETE FROM `em...', 0)
#1 C:\xampp\htdocs\monitoring_1\system\Database\BaseConnection.php(692): CodeIgniter\Database\MySQLi\Connection->execute('DELETE FROM `em...')
#2 C:\xampp\htdocs\monitoring_1\system\Database\BaseConnection.php(606): CodeIgniter\Database\BaseConnection->simpleQuery('DELETE FROM `em...')
#3 C:\xampp\htdocs\monitoring_1\system\Database\BaseBuilder.php(2791): CodeIgniter\Database\BaseConnection->query('DELETE FROM `em...', Array, false)
#4 C:\xampp\htdocs\monitoring_1\app\Controllers\admin.php(112): CodeIgniter\Database\BaseBuilder->delete(Array)
#5 C:\xampp\htdocs\monitoring_1\system\CodeIgniter.php(934): App\Controllers\admin->delete_employee('28')
#6 C:\xampp\htdocs\monitoring_1\system\CodeIgniter.php(499): CodeIgniter\CodeIgniter->runController(Object(App\Controllers\admin))
#7 C:\xampp\htdocs\monitoring_1\system\CodeIgniter.php(368): CodeIgniter\CodeIgniter->handleRequest(NULL, Object(Config\Cache), false)
#8 C:\xampp\htdocs\monitoring_1\public\index.php(67): CodeIgniter\CodeIgniter->run()
#9 C:\xampp\htdocs\monitoring_1\system\Commands\Server\rewrite.php(47): require_once('C:\\xampp\\htdocs...')
#10 {main}
CRITICAL - 2023-06-13 06:21:43 --> Cannot delete or update a parent row: a foreign key constraint fails (`monitoring`.`employee`, CONSTRAINT `manager_id` FOREIGN KEY (`evaluator_id`) REFERENCES `employee` (`users_id`))
in SYSTEMPATH\Database\MySQLi\Connection.php on line 295.
 1 SYSTEMPATH\Database\MySQLi\Connection.php(295): mysqli->query('DELETE FROM `employee`
WHERE `users_id` = \'28\'', 0)
 2 SYSTEMPATH\Database\BaseConnection.php(692): CodeIgniter\Database\MySQLi\Connection->execute('DELETE FROM `employee`
WHERE `users_id` = \'28\'')
 3 SYSTEMPATH\Database\BaseConnection.php(606): CodeIgniter\Database\BaseConnection->simpleQuery('DELETE FROM `employee`
WHERE `users_id` = \'28\'')
 4 SYSTEMPATH\Database\BaseBuilder.php(2791): CodeIgniter\Database\BaseConnection->query('DELETE FROM `employee`
WHERE `users_id` = :users_id:', [...], false)
 5 APPPATH\Controllers\admin.php(112): CodeIgniter\Database\BaseBuilder->delete([])
 6 SYSTEMPATH\CodeIgniter.php(934): App\Controllers\admin->delete_employee('28')
 7 SYSTEMPATH\CodeIgniter.php(499): CodeIgniter\CodeIgniter->runController(Object(App\Controllers\admin))
 8 SYSTEMPATH\CodeIgniter.php(368): CodeIgniter\CodeIgniter->handleRequest(null, Object(Config\Cache), false)
 9 FCPATH\index.php(67): CodeIgniter\CodeIgniter->run()
10 SYSTEMPATH\Commands\Server\rewrite.php(47): require_once('C:\\xampp\\htdocs\\monitoring_1\\public\\index.php')
ERROR - 2023-06-13 06:21:55 --> mysqli_sql_exception: Cannot delete or update a parent row: a foreign key constraint fails (`monitoring`.`employee`, CONSTRAINT `manager_id` FOREIGN KEY (`evaluator_id`) REFERENCES `employee` (`users_id`)) in C:\xampp\htdocs\monitoring_1\system\Database\MySQLi\Connection.php:295
Stack trace:
#0 C:\xampp\htdocs\monitoring_1\system\Database\MySQLi\Connection.php(295): mysqli->query('DELETE FROM `em...', 0)
#1 C:\xampp\htdocs\monitoring_1\system\Database\BaseConnection.php(692): CodeIgniter\Database\MySQLi\Connection->execute('DELETE FROM `em...')
#2 C:\xampp\htdocs\monitoring_1\system\Database\BaseConnection.php(606): CodeIgniter\Database\BaseConnection->simpleQuery('DELETE FROM `em...')
#3 C:\xampp\htdocs\monitoring_1\system\Database\BaseBuilder.php(2791): CodeIgniter\Database\BaseConnection->query('DELETE FROM `em...', Array, false)
#4 C:\xampp\htdocs\monitoring_1\app\Controllers\admin.php(112): CodeIgniter\Database\BaseBuilder->delete(Array)
#5 C:\xampp\htdocs\monitoring_1\system\CodeIgniter.php(934): App\Controllers\admin->delete_employee('26')
#6 C:\xampp\htdocs\monitoring_1\system\CodeIgniter.php(499): CodeIgniter\CodeIgniter->runController(Object(App\Controllers\admin))
#7 C:\xampp\htdocs\monitoring_1\system\CodeIgniter.php(368): CodeIgniter\CodeIgniter->handleRequest(NULL, Object(Config\Cache), false)
#8 C:\xampp\htdocs\monitoring_1\public\index.php(67): CodeIgniter\CodeIgniter->run()
#9 C:\xampp\htdocs\monitoring_1\system\Commands\Server\rewrite.php(47): require_once('C:\\xampp\\htdocs...')
#10 {main}
CRITICAL - 2023-06-13 06:21:55 --> Cannot delete or update a parent row: a foreign key constraint fails (`monitoring`.`employee`, CONSTRAINT `manager_id` FOREIGN KEY (`evaluator_id`) REFERENCES `employee` (`users_id`))
in SYSTEMPATH\Database\MySQLi\Connection.php on line 295.
 1 SYSTEMPATH\Database\MySQLi\Connection.php(295): mysqli->query('DELETE FROM `employee`
WHERE `users_id` = \'26\'', 0)
 2 SYSTEMPATH\Database\BaseConnection.php(692): CodeIgniter\Database\MySQLi\Connection->execute('DELETE FROM `employee`
WHERE `users_id` = \'26\'')
 3 SYSTEMPATH\Database\BaseConnection.php(606): CodeIgniter\Database\BaseConnection->simpleQuery('DELETE FROM `employee`
WHERE `users_id` = \'26\'')
 4 SYSTEMPATH\Database\BaseBuilder.php(2791): CodeIgniter\Database\BaseConnection->query('DELETE FROM `employee`
WHERE `users_id` = :users_id:', [...], false)
 5 APPPATH\Controllers\admin.php(112): CodeIgniter\Database\BaseBuilder->delete([])
 6 SYSTEMPATH\CodeIgniter.php(934): App\Controllers\admin->delete_employee('26')
 7 SYSTEMPATH\CodeIgniter.php(499): CodeIgniter\CodeIgniter->runController(Object(App\Controllers\admin))
 8 SYSTEMPATH\CodeIgniter.php(368): CodeIgniter\CodeIgniter->handleRequest(null, Object(Config\Cache), false)
 9 FCPATH\index.php(67): CodeIgniter\CodeIgniter->run()
10 SYSTEMPATH\Commands\Server\rewrite.php(47): require_once('C:\\xampp\\htdocs\\monitoring_1\\public\\index.php')
ERROR - 2023-06-13 06:23:29 --> mysqli_sql_exception: Cannot delete or update a parent row: a foreign key constraint fails (`monitoring`.`employee`, CONSTRAINT `manager_id` FOREIGN KEY (`evaluator_id`) REFERENCES `employee` (`users_id`)) in C:\xampp\htdocs\monitoring_1\system\Database\MySQLi\Connection.php:295
Stack trace:
#0 C:\xampp\htdocs\monitoring_1\system\Database\MySQLi\Connection.php(295): mysqli->query('DELETE FROM `em...', 0)
#1 C:\xampp\htdocs\monitoring_1\system\Database\BaseConnection.php(692): CodeIgniter\Database\MySQLi\Connection->execute('DELETE FROM `em...')
#2 C:\xampp\htdocs\monitoring_1\system\Database\BaseConnection.php(606): CodeIgniter\Database\BaseConnection->simpleQuery('DELETE FROM `em...')
#3 C:\xampp\htdocs\monitoring_1\system\Database\BaseBuilder.php(2791): CodeIgniter\Database\BaseConnection->query('DELETE FROM `em...', Array, false)
#4 C:\xampp\htdocs\monitoring_1\app\Controllers\admin.php(111): CodeIgniter\Database\BaseBuilder->delete()
#5 C:\xampp\htdocs\monitoring_1\system\CodeIgniter.php(934): App\Controllers\admin->delete_employee('26')
#6 C:\xampp\htdocs\monitoring_1\system\CodeIgniter.php(499): CodeIgniter\CodeIgniter->runController(Object(App\Controllers\admin))
#7 C:\xampp\htdocs\monitoring_1\system\CodeIgniter.php(368): CodeIgniter\CodeIgniter->handleRequest(NULL, Object(Config\Cache), false)
#8 C:\xampp\htdocs\monitoring_1\public\index.php(67): CodeIgniter\CodeIgniter->run()
#9 C:\xampp\htdocs\monitoring_1\system\Commands\Server\rewrite.php(47): require_once('C:\\xampp\\htdocs...')
#10 {main}
CRITICAL - 2023-06-13 06:23:29 --> Cannot delete or update a parent row: a foreign key constraint fails (`monitoring`.`employee`, CONSTRAINT `manager_id` FOREIGN KEY (`evaluator_id`) REFERENCES `employee` (`users_id`))
in SYSTEMPATH\Database\MySQLi\Connection.php on line 295.
 1 SYSTEMPATH\Database\MySQLi\Connection.php(295): mysqli->query('DELETE FROM `employee`
WHERE `users_id` = \'26\'', 0)
 2 SYSTEMPATH\Database\BaseConnection.php(692): CodeIgniter\Database\MySQLi\Connection->execute('DELETE FROM `employee`
WHERE `users_id` = \'26\'')
 3 SYSTEMPATH\Database\BaseConnection.php(606): CodeIgniter\Database\BaseConnection->simpleQuery('DELETE FROM `employee`
WHERE `users_id` = \'26\'')
 4 SYSTEMPATH\Database\BaseBuilder.php(2791): CodeIgniter\Database\BaseConnection->query('DELETE FROM `employee`
WHERE `users_id` = :users_id:', [...], false)
 5 APPPATH\Controllers\admin.php(111): CodeIgniter\Database\BaseBuilder->delete()
 6 SYSTEMPATH\CodeIgniter.php(934): App\Controllers\admin->delete_employee('26')
 7 SYSTEMPATH\CodeIgniter.php(499): CodeIgniter\CodeIgniter->runController(Object(App\Controllers\admin))
 8 SYSTEMPATH\CodeIgniter.php(368): CodeIgniter\CodeIgniter->handleRequest(null, Object(Config\Cache), false)
 9 FCPATH\index.php(67): CodeIgniter\CodeIgniter->run()
10 SYSTEMPATH\Commands\Server\rewrite.php(47): require_once('C:\\xampp\\htdocs\\monitoring_1\\public\\index.php')
ERROR - 2023-06-13 06:25:02 --> mysqli_sql_exception: Cannot delete or update a parent row: a foreign key constraint fails (`monitoring`.`employee`, CONSTRAINT `manager_id` FOREIGN KEY (`evaluator_id`) REFERENCES `employee` (`users_id`)) in C:\xampp\htdocs\monitoring_1\system\Database\MySQLi\Connection.php:295
Stack trace:
#0 C:\xampp\htdocs\monitoring_1\system\Database\MySQLi\Connection.php(295): mysqli->query('DELETE FROM `em...', 0)
#1 C:\xampp\htdocs\monitoring_1\system\Database\BaseConnection.php(692): CodeIgniter\Database\MySQLi\Connection->execute('DELETE FROM `em...')
#2 C:\xampp\htdocs\monitoring_1\system\Database\BaseConnection.php(606): CodeIgniter\Database\BaseConnection->simpleQuery('DELETE FROM `em...')
#3 C:\xampp\htdocs\monitoring_1\system\Database\BaseBuilder.php(2791): CodeIgniter\Database\BaseConnection->query('DELETE FROM `em...', Array, false)
#4 C:\xampp\htdocs\monitoring_1\app\Controllers\admin.php(111): CodeIgniter\Database\BaseBuilder->delete()
#5 C:\xampp\htdocs\monitoring_1\system\CodeIgniter.php(934): App\Controllers\admin->delete_employee('24')
#6 C:\xampp\htdocs\monitoring_1\system\CodeIgniter.php(499): CodeIgniter\CodeIgniter->runController(Object(App\Controllers\admin))
#7 C:\xampp\htdocs\monitoring_1\system\CodeIgniter.php(368): CodeIgniter\CodeIgniter->handleRequest(NULL, Object(Config\Cache), false)
#8 C:\xampp\htdocs\monitoring_1\public\index.php(67): CodeIgniter\CodeIgniter->run()
#9 C:\xampp\htdocs\monitoring_1\system\Commands\Server\rewrite.php(47): require_once('C:\\xampp\\htdocs...')
#10 {main}
CRITICAL - 2023-06-13 06:25:02 --> Cannot delete or update a parent row: a foreign key constraint fails (`monitoring`.`employee`, CONSTRAINT `manager_id` FOREIGN KEY (`evaluator_id`) REFERENCES `employee` (`users_id`))
in SYSTEMPATH\Database\MySQLi\Connection.php on line 295.
 1 SYSTEMPATH\Database\MySQLi\Connection.php(295): mysqli->query('DELETE FROM `employee`
WHERE `users_id` = \'24\'', 0)
 2 SYSTEMPATH\Database\BaseConnection.php(692): CodeIgniter\Database\MySQLi\Connection->execute('DELETE FROM `employee`
WHERE `users_id` = \'24\'')
 3 SYSTEMPATH\Database\BaseConnection.php(606): CodeIgniter\Database\BaseConnection->simpleQuery('DELETE FROM `employee`
WHERE `users_id` = \'24\'')
 4 SYSTEMPATH\Database\BaseBuilder.php(2791): CodeIgniter\Database\BaseConnection->query('DELETE FROM `employee`
WHERE `users_id` = :users_id:', [...], false)
 5 APPPATH\Controllers\admin.php(111): CodeIgniter\Database\BaseBuilder->delete()
 6 SYSTEMPATH\CodeIgniter.php(934): App\Controllers\admin->delete_employee('24')
 7 SYSTEMPATH\CodeIgniter.php(499): CodeIgniter\CodeIgniter->runController(Object(App\Controllers\admin))
 8 SYSTEMPATH\CodeIgniter.php(368): CodeIgniter\CodeIgniter->handleRequest(null, Object(Config\Cache), false)
 9 FCPATH\index.php(67): CodeIgniter\CodeIgniter->run()
10 SYSTEMPATH\Commands\Server\rewrite.php(47): require_once('C:\\xampp\\htdocs\\monitoring_1\\public\\index.php')
ERROR - 2023-06-13 06:25:20 --> mysqli_sql_exception: Cannot delete or update a parent row: a foreign key constraint fails (`monitoring`.`employee`, CONSTRAINT `manager_id` FOREIGN KEY (`evaluator_id`) REFERENCES `employee` (`users_id`)) in C:\xampp\htdocs\monitoring_1\system\Database\MySQLi\Connection.php:295
Stack trace:
#0 C:\xampp\htdocs\monitoring_1\system\Database\MySQLi\Connection.php(295): mysqli->query('DELETE FROM `em...', 0)
#1 C:\xampp\htdocs\monitoring_1\system\Database\BaseConnection.php(692): CodeIgniter\Database\MySQLi\Connection->execute('DELETE FROM `em...')
#2 C:\xampp\htdocs\monitoring_1\system\Database\BaseConnection.php(606): CodeIgniter\Database\BaseConnection->simpleQuery('DELETE FROM `em...')
#3 C:\xampp\htdocs\monitoring_1\system\Database\BaseBuilder.php(2791): CodeIgniter\Database\BaseConnection->query('DELETE FROM `em...', Array, false)
#4 C:\xampp\htdocs\monitoring_1\app\Controllers\admin.php(112): CodeIgniter\Database\BaseBuilder->delete(Array)
#5 C:\xampp\htdocs\monitoring_1\system\CodeIgniter.php(934): App\Controllers\admin->delete_employee('24')
#6 C:\xampp\htdocs\monitoring_1\system\CodeIgniter.php(499): CodeIgniter\CodeIgniter->runController(Object(App\Controllers\admin))
#7 C:\xampp\htdocs\monitoring_1\system\CodeIgniter.php(368): CodeIgniter\CodeIgniter->handleRequest(NULL, Object(Config\Cache), false)
#8 C:\xampp\htdocs\monitoring_1\public\index.php(67): CodeIgniter\CodeIgniter->run()
#9 C:\xampp\htdocs\monitoring_1\system\Commands\Server\rewrite.php(47): require_once('C:\\xampp\\htdocs...')
#10 {main}
CRITICAL - 2023-06-13 06:25:20 --> Cannot delete or update a parent row: a foreign key constraint fails (`monitoring`.`employee`, CONSTRAINT `manager_id` FOREIGN KEY (`evaluator_id`) REFERENCES `employee` (`users_id`))
in SYSTEMPATH\Database\MySQLi\Connection.php on line 295.
 1 SYSTEMPATH\Database\MySQLi\Connection.php(295): mysqli->query('DELETE FROM `employee`
WHERE `users_id` = \'24\'', 0)
 2 SYSTEMPATH\Database\BaseConnection.php(692): CodeIgniter\Database\MySQLi\Connection->execute('DELETE FROM `employee`
WHERE `users_id` = \'24\'')
 3 SYSTEMPATH\Database\BaseConnection.php(606): CodeIgniter\Database\BaseConnection->simpleQuery('DELETE FROM `employee`
WHERE `users_id` = \'24\'')
 4 SYSTEMPATH\Database\BaseBuilder.php(2791): CodeIgniter\Database\BaseConnection->query('DELETE FROM `employee`
WHERE `users_id` = :users_id:', [...], false)
 5 APPPATH\Controllers\admin.php(112): CodeIgniter\Database\BaseBuilder->delete([])
 6 SYSTEMPATH\CodeIgniter.php(934): App\Controllers\admin->delete_employee('24')
 7 SYSTEMPATH\CodeIgniter.php(499): CodeIgniter\CodeIgniter->runController(Object(App\Controllers\admin))
 8 SYSTEMPATH\CodeIgniter.php(368): CodeIgniter\CodeIgniter->handleRequest(null, Object(Config\Cache), false)
 9 FCPATH\index.php(67): CodeIgniter\CodeIgniter->run()
10 SYSTEMPATH\Commands\Server\rewrite.php(47): require_once('C:\\xampp\\htdocs\\monitoring_1\\public\\index.php')
ERROR - 2023-06-13 08:50:23 --> mysqli_sql_exception: Cannot delete or update a parent row: a foreign key constraint fails (`monitoring`.`employee`, CONSTRAINT `manager_id` FOREIGN KEY (`evaluator_id`) REFERENCES `employee` (`users_id`)) in C:\xampp\htdocs\monitoring_1\system\Database\MySQLi\Connection.php:295
Stack trace:
#0 C:\xampp\htdocs\monitoring_1\system\Database\MySQLi\Connection.php(295): mysqli->query('DELETE FROM `em...', 0)
#1 C:\xampp\htdocs\monitoring_1\system\Database\BaseConnection.php(692): CodeIgniter\Database\MySQLi\Connection->execute('DELETE FROM `em...')
#2 C:\xampp\htdocs\monitoring_1\system\Database\BaseConnection.php(606): CodeIgniter\Database\BaseConnection->simpleQuery('DELETE FROM `em...')
#3 C:\xampp\htdocs\monitoring_1\system\Database\BaseBuilder.php(2791): CodeIgniter\Database\BaseConnection->query('DELETE FROM `em...', Array, false)
#4 C:\xampp\htdocs\monitoring_1\app\Controllers\admin.php(124): CodeIgniter\Database\BaseBuilder->delete()
#5 C:\xampp\htdocs\monitoring_1\system\CodeIgniter.php(934): App\Controllers\admin->delete_employee('27')
#6 C:\xampp\htdocs\monitoring_1\system\CodeIgniter.php(499): CodeIgniter\CodeIgniter->runController(Object(App\Controllers\admin))
#7 C:\xampp\htdocs\monitoring_1\system\CodeIgniter.php(368): CodeIgniter\CodeIgniter->handleRequest(NULL, Object(Config\Cache), false)
#8 C:\xampp\htdocs\monitoring_1\public\index.php(67): CodeIgniter\CodeIgniter->run()
#9 C:\xampp\htdocs\monitoring_1\system\Commands\Server\rewrite.php(47): require_once('C:\\xampp\\htdocs...')
#10 {main}
CRITICAL - 2023-06-13 08:50:23 --> Cannot delete or update a parent row: a foreign key constraint fails (`monitoring`.`employee`, CONSTRAINT `manager_id` FOREIGN KEY (`evaluator_id`) REFERENCES `employee` (`users_id`))
in SYSTEMPATH\Database\MySQLi\Connection.php on line 295.
 1 SYSTEMPATH\Database\MySQLi\Connection.php(295): mysqli->query('DELETE FROM `employee`
WHERE `users_id` = \'27\'', 0)
 2 SYSTEMPATH\Database\BaseConnection.php(692): CodeIgniter\Database\MySQLi\Connection->execute('DELETE FROM `employee`
WHERE `users_id` = \'27\'')
 3 SYSTEMPATH\Database\BaseConnection.php(606): CodeIgniter\Database\BaseConnection->simpleQuery('DELETE FROM `employee`
WHERE `users_id` = \'27\'')
 4 SYSTEMPATH\Database\BaseBuilder.php(2791): CodeIgniter\Database\BaseConnection->query('DELETE FROM `employee`
WHERE `users_id` = :users_id:', [...], false)
 5 APPPATH\Controllers\admin.php(124): CodeIgniter\Database\BaseBuilder->delete()
 6 SYSTEMPATH\CodeIgniter.php(934): App\Controllers\admin->delete_employee('27')
 7 SYSTEMPATH\CodeIgniter.php(499): CodeIgniter\CodeIgniter->runController(Object(App\Controllers\admin))
 8 SYSTEMPATH\CodeIgniter.php(368): CodeIgniter\CodeIgniter->handleRequest(null, Object(Config\Cache), false)
 9 FCPATH\index.php(67): CodeIgniter\CodeIgniter->run()
10 SYSTEMPATH\Commands\Server\rewrite.php(47): require_once('C:\\xampp\\htdocs\\monitoring_1\\public\\index.php')
ERROR - 2023-06-13 08:50:30 --> mysqli_sql_exception: Cannot delete or update a parent row: a foreign key constraint fails (`monitoring`.`employee`, CONSTRAINT `manager_id` FOREIGN KEY (`evaluator_id`) REFERENCES `employee` (`users_id`)) in C:\xampp\htdocs\monitoring_1\system\Database\MySQLi\Connection.php:295
Stack trace:
#0 C:\xampp\htdocs\monitoring_1\system\Database\MySQLi\Connection.php(295): mysqli->query('DELETE FROM `em...', 0)
#1 C:\xampp\htdocs\monitoring_1\system\Database\BaseConnection.php(692): CodeIgniter\Database\MySQLi\Connection->execute('DELETE FROM `em...')
#2 C:\xampp\htdocs\monitoring_1\system\Database\BaseConnection.php(606): CodeIgniter\Database\BaseConnection->simpleQuery('DELETE FROM `em...')
#3 C:\xampp\htdocs\monitoring_1\system\Database\BaseBuilder.php(2791): CodeIgniter\Database\BaseConnection->query('DELETE FROM `em...', Array, false)
#4 C:\xampp\htdocs\monitoring_1\app\Controllers\admin.php(124): CodeIgniter\Database\BaseBuilder->delete()
#5 C:\xampp\htdocs\monitoring_1\system\CodeIgniter.php(934): App\Controllers\admin->delete_employee('28')
#6 C:\xampp\htdocs\monitoring_1\system\CodeIgniter.php(499): CodeIgniter\CodeIgniter->runController(Object(App\Controllers\admin))
#7 C:\xampp\htdocs\monitoring_1\system\CodeIgniter.php(368): CodeIgniter\CodeIgniter->handleRequest(NULL, Object(Config\Cache), false)
#8 C:\xampp\htdocs\monitoring_1\public\index.php(67): CodeIgniter\CodeIgniter->run()
#9 C:\xampp\htdocs\monitoring_1\system\Commands\Server\rewrite.php(47): require_once('C:\\xampp\\htdocs...')
#10 {main}
CRITICAL - 2023-06-13 08:50:30 --> Cannot delete or update a parent row: a foreign key constraint fails (`monitoring`.`employee`, CONSTRAINT `manager_id` FOREIGN KEY (`evaluator_id`) REFERENCES `employee` (`users_id`))
in SYSTEMPATH\Database\MySQLi\Connection.php on line 295.
 1 SYSTEMPATH\Database\MySQLi\Connection.php(295): mysqli->query('DELETE FROM `employee`
WHERE `users_id` = \'28\'', 0)
 2 SYSTEMPATH\Database\BaseConnection.php(692): CodeIgniter\Database\MySQLi\Connection->execute('DELETE FROM `employee`
WHERE `users_id` = \'28\'')
 3 SYSTEMPATH\Database\BaseConnection.php(606): CodeIgniter\Database\BaseConnection->simpleQuery('DELETE FROM `employee`
WHERE `users_id` = \'28\'')
 4 SYSTEMPATH\Database\BaseBuilder.php(2791): CodeIgniter\Database\BaseConnection->query('DELETE FROM `employee`
WHERE `users_id` = :users_id:', [...], false)
 5 APPPATH\Controllers\admin.php(124): CodeIgniter\Database\BaseBuilder->delete()
 6 SYSTEMPATH\CodeIgniter.php(934): App\Controllers\admin->delete_employee('28')
 7 SYSTEMPATH\CodeIgniter.php(499): CodeIgniter\CodeIgniter->runController(Object(App\Controllers\admin))
 8 SYSTEMPATH\CodeIgniter.php(368): CodeIgniter\CodeIgniter->handleRequest(null, Object(Config\Cache), false)
 9 FCPATH\index.php(67): CodeIgniter\CodeIgniter->run()
10 SYSTEMPATH\Commands\Server\rewrite.php(47): require_once('C:\\xampp\\htdocs\\monitoring_1\\public\\index.php')
ERROR - 2023-06-13 08:50:36 --> mysqli_sql_exception: Cannot delete or update a parent row: a foreign key constraint fails (`monitoring`.`employee`, CONSTRAINT `manager_id` FOREIGN KEY (`evaluator_id`) REFERENCES `employee` (`users_id`)) in C:\xampp\htdocs\monitoring_1\system\Database\MySQLi\Connection.php:295
Stack trace:
#0 C:\xampp\htdocs\monitoring_1\system\Database\MySQLi\Connection.php(295): mysqli->query('DELETE FROM `em...', 0)
#1 C:\xampp\htdocs\monitoring_1\system\Database\BaseConnection.php(692): CodeIgniter\Database\MySQLi\Connection->execute('DELETE FROM `em...')
#2 C:\xampp\htdocs\monitoring_1\system\Database\BaseConnection.php(606): CodeIgniter\Database\BaseConnection->simpleQuery('DELETE FROM `em...')
#3 C:\xampp\htdocs\monitoring_1\system\Database\BaseBuilder.php(2791): CodeIgniter\Database\BaseConnection->query('DELETE FROM `em...', Array, false)
#4 C:\xampp\htdocs\monitoring_1\app\Controllers\admin.php(124): CodeIgniter\Database\BaseBuilder->delete()
#5 C:\xampp\htdocs\monitoring_1\system\CodeIgniter.php(934): App\Controllers\admin->delete_employee('24')
#6 C:\xampp\htdocs\monitoring_1\system\CodeIgniter.php(499): CodeIgniter\CodeIgniter->runController(Object(App\Controllers\admin))
#7 C:\xampp\htdocs\monitoring_1\system\CodeIgniter.php(368): CodeIgniter\CodeIgniter->handleRequest(NULL, Object(Config\Cache), false)
#8 C:\xampp\htdocs\monitoring_1\public\index.php(67): CodeIgniter\CodeIgniter->run()
#9 C:\xampp\htdocs\monitoring_1\system\Commands\Server\rewrite.php(47): require_once('C:\\xampp\\htdocs...')
#10 {main}
CRITICAL - 2023-06-13 08:50:36 --> Cannot delete or update a parent row: a foreign key constraint fails (`monitoring`.`employee`, CONSTRAINT `manager_id` FOREIGN KEY (`evaluator_id`) REFERENCES `employee` (`users_id`))
in SYSTEMPATH\Database\MySQLi\Connection.php on line 295.
 1 SYSTEMPATH\Database\MySQLi\Connection.php(295): mysqli->query('DELETE FROM `employee`
WHERE `users_id` = \'24\'', 0)
 2 SYSTEMPATH\Database\BaseConnection.php(692): CodeIgniter\Database\MySQLi\Connection->execute('DELETE FROM `employee`
WHERE `users_id` = \'24\'')
 3 SYSTEMPATH\Database\BaseConnection.php(606): CodeIgniter\Database\BaseConnection->simpleQuery('DELETE FROM `employee`
WHERE `users_id` = \'24\'')
 4 SYSTEMPATH\Database\BaseBuilder.php(2791): CodeIgniter\Database\BaseConnection->query('DELETE FROM `employee`
WHERE `users_id` = :users_id:', [...], false)
 5 APPPATH\Controllers\admin.php(124): CodeIgniter\Database\BaseBuilder->delete()
 6 SYSTEMPATH\CodeIgniter.php(934): App\Controllers\admin->delete_employee('24')
 7 SYSTEMPATH\CodeIgniter.php(499): CodeIgniter\CodeIgniter->runController(Object(App\Controllers\admin))
 8 SYSTEMPATH\CodeIgniter.php(368): CodeIgniter\CodeIgniter->handleRequest(null, Object(Config\Cache), false)
 9 FCPATH\index.php(67): CodeIgniter\CodeIgniter->run()
10 SYSTEMPATH\Commands\Server\rewrite.php(47): require_once('C:\\xampp\\htdocs\\monitoring_1\\public\\index.php')
ERROR - 2023-06-13 08:54:18 --> mysqli_sql_exception: Cannot delete or update a parent row: a foreign key constraint fails (`monitoring`.`employee`, CONSTRAINT `manager_id` FOREIGN KEY (`evaluator_id`) REFERENCES `employee` (`users_id`)) in C:\xampp\htdocs\monitoring_1\system\Database\MySQLi\Connection.php:295
Stack trace:
#0 C:\xampp\htdocs\monitoring_1\system\Database\MySQLi\Connection.php(295): mysqli->query('DELETE FROM `em...', 0)
#1 C:\xampp\htdocs\monitoring_1\system\Database\BaseConnection.php(692): CodeIgniter\Database\MySQLi\Connection->execute('DELETE FROM `em...')
#2 C:\xampp\htdocs\monitoring_1\system\Database\BaseConnection.php(606): CodeIgniter\Database\BaseConnection->simpleQuery('DELETE FROM `em...')
#3 C:\xampp\htdocs\monitoring_1\system\Database\BaseBuilder.php(2791): CodeIgniter\Database\BaseConnection->query('DELETE FROM `em...', Array, false)
#4 C:\xampp\htdocs\monitoring_1\app\Controllers\admin.php(125): CodeIgniter\Database\BaseBuilder->delete()
#5 C:\xampp\htdocs\monitoring_1\system\CodeIgniter.php(934): App\Controllers\admin->delete_employee('27')
#6 C:\xampp\htdocs\monitoring_1\system\CodeIgniter.php(499): CodeIgniter\CodeIgniter->runController(Object(App\Controllers\admin))
#7 C:\xampp\htdocs\monitoring_1\system\CodeIgniter.php(368): CodeIgniter\CodeIgniter->handleRequest(NULL, Object(Config\Cache), false)
#8 C:\xampp\htdocs\monitoring_1\public\index.php(67): CodeIgniter\CodeIgniter->run()
#9 C:\xampp\htdocs\monitoring_1\system\Commands\Server\rewrite.php(47): require_once('C:\\xampp\\htdocs...')
#10 {main}
CRITICAL - 2023-06-13 08:54:18 --> Cannot delete or update a parent row: a foreign key constraint fails (`monitoring`.`employee`, CONSTRAINT `manager_id` FOREIGN KEY (`evaluator_id`) REFERENCES `employee` (`users_id`))
in SYSTEMPATH\Database\MySQLi\Connection.php on line 295.
 1 SYSTEMPATH\Database\MySQLi\Connection.php(295): mysqli->query('DELETE FROM `employee`
WHERE `users_id` = \'27\'', 0)
 2 SYSTEMPATH\Database\BaseConnection.php(692): CodeIgniter\Database\MySQLi\Connection->execute('DELETE FROM `employee`
WHERE `users_id` = \'27\'')
 3 SYSTEMPATH\Database\BaseConnection.php(606): CodeIgniter\Database\BaseConnection->simpleQuery('DELETE FROM `employee`
WHERE `users_id` = \'27\'')
 4 SYSTEMPATH\Database\BaseBuilder.php(2791): CodeIgniter\Database\BaseConnection->query('DELETE FROM `employee`
WHERE `users_id` = :users_id:', [...], false)
 5 APPPATH\Controllers\admin.php(125): CodeIgniter\Database\BaseBuilder->delete()
 6 SYSTEMPATH\CodeIgniter.php(934): App\Controllers\admin->delete_employee('27')
 7 SYSTEMPATH\CodeIgniter.php(499): CodeIgniter\CodeIgniter->runController(Object(App\Controllers\admin))
 8 SYSTEMPATH\CodeIgniter.php(368): CodeIgniter\CodeIgniter->handleRequest(null, Object(Config\Cache), false)
 9 FCPATH\index.php(67): CodeIgniter\CodeIgniter->run()
10 SYSTEMPATH\Commands\Server\rewrite.php(47): require_once('C:\\xampp\\htdocs\\monitoring_1\\public\\index.php')
ERROR - 2023-06-13 08:54:50 --> mysqli_sql_exception: Cannot delete or update a parent row: a foreign key constraint fails (`monitoring`.`employee`, CONSTRAINT `manager_id` FOREIGN KEY (`evaluator_id`) REFERENCES `employee` (`users_id`)) in C:\xampp\htdocs\monitoring_1\system\Database\MySQLi\Connection.php:295
Stack trace:
#0 C:\xampp\htdocs\monitoring_1\system\Database\MySQLi\Connection.php(295): mysqli->query('DELETE FROM `em...', 0)
#1 C:\xampp\htdocs\monitoring_1\system\Database\BaseConnection.php(692): CodeIgniter\Database\MySQLi\Connection->execute('DELETE FROM `em...')
#2 C:\xampp\htdocs\monitoring_1\system\Database\BaseConnection.php(606): CodeIgniter\Database\BaseConnection->simpleQuery('DELETE FROM `em...')
#3 C:\xampp\htdocs\monitoring_1\system\Database\BaseBuilder.php(2791): CodeIgniter\Database\BaseConnection->query('DELETE FROM `em...', Array, false)
#4 C:\xampp\htdocs\monitoring_1\app\Controllers\admin.php(125): CodeIgniter\Database\BaseBuilder->delete()
#5 C:\xampp\htdocs\monitoring_1\system\CodeIgniter.php(934): App\Controllers\admin->delete_employee('28')
#6 C:\xampp\htdocs\monitoring_1\system\CodeIgniter.php(499): CodeIgniter\CodeIgniter->runController(Object(App\Controllers\admin))
#7 C:\xampp\htdocs\monitoring_1\system\CodeIgniter.php(368): CodeIgniter\CodeIgniter->handleRequest(NULL, Object(Config\Cache), false)
#8 C:\xampp\htdocs\monitoring_1\public\index.php(67): CodeIgniter\CodeIgniter->run()
#9 C:\xampp\htdocs\monitoring_1\system\Commands\Server\rewrite.php(47): require_once('C:\\xampp\\htdocs...')
#10 {main}
CRITICAL - 2023-06-13 08:54:50 --> Cannot delete or update a parent row: a foreign key constraint fails (`monitoring`.`employee`, CONSTRAINT `manager_id` FOREIGN KEY (`evaluator_id`) REFERENCES `employee` (`users_id`))
in SYSTEMPATH\Database\MySQLi\Connection.php on line 295.
 1 SYSTEMPATH\Database\MySQLi\Connection.php(295): mysqli->query('DELETE FROM `employee`
WHERE `users_id` = \'28\'', 0)
 2 SYSTEMPATH\Database\BaseConnection.php(692): CodeIgniter\Database\MySQLi\Connection->execute('DELETE FROM `employee`
WHERE `users_id` = \'28\'')
 3 SYSTEMPATH\Database\BaseConnection.php(606): CodeIgniter\Database\BaseConnection->simpleQuery('DELETE FROM `employee`
WHERE `users_id` = \'28\'')
 4 SYSTEMPATH\Database\BaseBuilder.php(2791): CodeIgniter\Database\BaseConnection->query('DELETE FROM `employee`
WHERE `users_id` = :users_id:', [...], false)
 5 APPPATH\Controllers\admin.php(125): CodeIgniter\Database\BaseBuilder->delete()
 6 SYSTEMPATH\CodeIgniter.php(934): App\Controllers\admin->delete_employee('28')
 7 SYSTEMPATH\CodeIgniter.php(499): CodeIgniter\CodeIgniter->runController(Object(App\Controllers\admin))
 8 SYSTEMPATH\CodeIgniter.php(368): CodeIgniter\CodeIgniter->handleRequest(null, Object(Config\Cache), false)
 9 FCPATH\index.php(67): CodeIgniter\CodeIgniter->run()
10 SYSTEMPATH\Commands\Server\rewrite.php(47): require_once('C:\\xampp\\htdocs\\monitoring_1\\public\\index.php')
ERROR - 2023-06-13 08:59:43 --> mysqli_sql_exception: Cannot delete or update a parent row: a foreign key constraint fails (`monitoring`.`employee`, CONSTRAINT `manager_id` FOREIGN KEY (`evaluator_id`) REFERENCES `employee` (`users_id`)) in C:\xampp\htdocs\monitoring_1\system\Database\MySQLi\Connection.php:295
Stack trace:
#0 C:\xampp\htdocs\monitoring_1\system\Database\MySQLi\Connection.php(295): mysqli->query('DELETE FROM `em...', 0)
#1 C:\xampp\htdocs\monitoring_1\system\Database\BaseConnection.php(692): CodeIgniter\Database\MySQLi\Connection->execute('DELETE FROM `em...')
#2 C:\xampp\htdocs\monitoring_1\system\Database\BaseConnection.php(606): CodeIgniter\Database\BaseConnection->simpleQuery('DELETE FROM `em...')
#3 C:\xampp\htdocs\monitoring_1\system\Database\BaseBuilder.php(2791): CodeIgniter\Database\BaseConnection->query('DELETE FROM `em...', Array, false)
#4 C:\xampp\htdocs\monitoring_1\app\Controllers\admin.php(111): CodeIgniter\Database\BaseBuilder->delete()
#5 C:\xampp\htdocs\monitoring_1\system\CodeIgniter.php(934): App\Controllers\admin->delete_employee('28')
#6 C:\xampp\htdocs\monitoring_1\system\CodeIgniter.php(499): CodeIgniter\CodeIgniter->runController(Object(App\Controllers\admin))
#7 C:\xampp\htdocs\monitoring_1\system\CodeIgniter.php(368): CodeIgniter\CodeIgniter->handleRequest(NULL, Object(Config\Cache), false)
#8 C:\xampp\htdocs\monitoring_1\public\index.php(67): CodeIgniter\CodeIgniter->run()
#9 C:\xampp\htdocs\monitoring_1\system\Commands\Server\rewrite.php(47): require_once('C:\\xampp\\htdocs...')
#10 {main}
CRITICAL - 2023-06-13 08:59:43 --> Cannot delete or update a parent row: a foreign key constraint fails (`monitoring`.`employee`, CONSTRAINT `manager_id` FOREIGN KEY (`evaluator_id`) REFERENCES `employee` (`users_id`))
in SYSTEMPATH\Database\MySQLi\Connection.php on line 295.
 1 SYSTEMPATH\Database\MySQLi\Connection.php(295): mysqli->query('DELETE FROM `employee`
WHERE `users_id` = \'28\'', 0)
 2 SYSTEMPATH\Database\BaseConnection.php(692): CodeIgniter\Database\MySQLi\Connection->execute('DELETE FROM `employee`
WHERE `users_id` = \'28\'')
 3 SYSTEMPATH\Database\BaseConnection.php(606): CodeIgniter\Database\BaseConnection->simpleQuery('DELETE FROM `employee`
WHERE `users_id` = \'28\'')
 4 SYSTEMPATH\Database\BaseBuilder.php(2791): CodeIgniter\Database\BaseConnection->query('DELETE FROM `employee`
WHERE `users_id` = :users_id:', [...], false)
 5 APPPATH\Controllers\admin.php(111): CodeIgniter\Database\BaseBuilder->delete()
 6 SYSTEMPATH\CodeIgniter.php(934): App\Controllers\admin->delete_employee('28')
 7 SYSTEMPATH\CodeIgniter.php(499): CodeIgniter\CodeIgniter->runController(Object(App\Controllers\admin))
 8 SYSTEMPATH\CodeIgniter.php(368): CodeIgniter\CodeIgniter->handleRequest(null, Object(Config\Cache), false)
 9 FCPATH\index.php(67): CodeIgniter\CodeIgniter->run()
10 SYSTEMPATH\Commands\Server\rewrite.php(47): require_once('C:\\xampp\\htdocs\\monitoring_1\\public\\index.php')
ERROR - 2023-06-13 09:00:16 --> mysqli_sql_exception: Cannot delete or update a parent row: a foreign key constraint fails (`monitoring`.`employee`, CONSTRAINT `manager_id` FOREIGN KEY (`evaluator_id`) REFERENCES `employee` (`users_id`)) in C:\xampp\htdocs\monitoring_1\system\Database\MySQLi\Connection.php:295
Stack trace:
#0 C:\xampp\htdocs\monitoring_1\system\Database\MySQLi\Connection.php(295): mysqli->query('DELETE FROM `em...', 0)
#1 C:\xampp\htdocs\monitoring_1\system\Database\BaseConnection.php(692): CodeIgniter\Database\MySQLi\Connection->execute('DELETE FROM `em...')
#2 C:\xampp\htdocs\monitoring_1\system\Database\BaseConnection.php(606): CodeIgniter\Database\BaseConnection->simpleQuery('DELETE FROM `em...')
#3 C:\xampp\htdocs\monitoring_1\system\Database\BaseBuilder.php(2791): CodeIgniter\Database\BaseConnection->query('DELETE FROM `em...', Array, false)
#4 C:\xampp\htdocs\monitoring_1\app\Controllers\admin.php(112): CodeIgniter\Database\BaseBuilder->delete(Array)
#5 C:\xampp\htdocs\monitoring_1\system\CodeIgniter.php(934): App\Controllers\admin->delete_employee('28')
#6 C:\xampp\htdocs\monitoring_1\system\CodeIgniter.php(499): CodeIgniter\CodeIgniter->runController(Object(App\Controllers\admin))
#7 C:\xampp\htdocs\monitoring_1\system\CodeIgniter.php(368): CodeIgniter\CodeIgniter->handleRequest(NULL, Object(Config\Cache), false)
#8 C:\xampp\htdocs\monitoring_1\public\index.php(67): CodeIgniter\CodeIgniter->run()
#9 C:\xampp\htdocs\monitoring_1\system\Commands\Server\rewrite.php(47): require_once('C:\\xampp\\htdocs...')
#10 {main}
CRITICAL - 2023-06-13 09:00:16 --> Cannot delete or update a parent row: a foreign key constraint fails (`monitoring`.`employee`, CONSTRAINT `manager_id` FOREIGN KEY (`evaluator_id`) REFERENCES `employee` (`users_id`))
in SYSTEMPATH\Database\MySQLi\Connection.php on line 295.
 1 SYSTEMPATH\Database\MySQLi\Connection.php(295): mysqli->query('DELETE FROM `employee`
WHERE `users_id` = \'28\'', 0)
 2 SYSTEMPATH\Database\BaseConnection.php(692): CodeIgniter\Database\MySQLi\Connection->execute('DELETE FROM `employee`
WHERE `users_id` = \'28\'')
 3 SYSTEMPATH\Database\BaseConnection.php(606): CodeIgniter\Database\BaseConnection->simpleQuery('DELETE FROM `employee`
WHERE `users_id` = \'28\'')
 4 SYSTEMPATH\Database\BaseBuilder.php(2791): CodeIgniter\Database\BaseConnection->query('DELETE FROM `employee`
WHERE `users_id` = :users_id:', [...], false)
 5 APPPATH\Controllers\admin.php(112): CodeIgniter\Database\BaseBuilder->delete([])
 6 SYSTEMPATH\CodeIgniter.php(934): App\Controllers\admin->delete_employee('28')
 7 SYSTEMPATH\CodeIgniter.php(499): CodeIgniter\CodeIgniter->runController(Object(App\Controllers\admin))
 8 SYSTEMPATH\CodeIgniter.php(368): CodeIgniter\CodeIgniter->handleRequest(null, Object(Config\Cache), false)
 9 FCPATH\index.php(67): CodeIgniter\CodeIgniter->run()
10 SYSTEMPATH\Commands\Server\rewrite.php(47): require_once('C:\\xampp\\htdocs\\monitoring_1\\public\\index.php')
CRITICAL - 2023-06-13 09:02:06 --> The action you requested is not allowed.
in SYSTEMPATH\Security\Security.php on line 306.
 1 SYSTEMPATH\Security\Security.php(306): CodeIgniter\Security\Exceptions\SecurityException::forDisallowedAction()
 2 SYSTEMPATH\Filters\CSRF.php(55): CodeIgniter\Security\Security->verify(Object(CodeIgniter\HTTP\IncomingRequest))
 3 SYSTEMPATH\Filters\Filters.php(173): CodeIgniter\Filters\CSRF->before(Object(CodeIgniter\HTTP\IncomingRequest), null)
 4 SYSTEMPATH\CodeIgniter.php(473): CodeIgniter\Filters\Filters->run('admin/delete_employee/28', 'before')
 5 SYSTEMPATH\CodeIgniter.php(368): CodeIgniter\CodeIgniter->handleRequest(null, Object(Config\Cache), false)
 6 FCPATH\index.php(67): CodeIgniter\CodeIgniter->run()
 7 SYSTEMPATH\Commands\Server\rewrite.php(47): require_once('C:\\xampp\\htdocs\\monitoring_1\\public\\index.php')
CRITICAL - 2023-06-13 09:15:53 --> The action you requested is not allowed.
in SYSTEMPATH\Security\Security.php on line 306.
 1 SYSTEMPATH\Security\Security.php(306): CodeIgniter\Security\Exceptions\SecurityException::forDisallowedAction()
 2 SYSTEMPATH\Filters\CSRF.php(55): CodeIgniter\Security\Security->verify(Object(CodeIgniter\HTTP\IncomingRequest))
 3 SYSTEMPATH\Filters\Filters.php(173): CodeIgniter\Filters\CSRF->before(Object(CodeIgniter\HTTP\IncomingRequest), null)
 4 SYSTEMPATH\CodeIgniter.php(473): CodeIgniter\Filters\Filters->run('admin/delete_employee/1', 'before')
 5 SYSTEMPATH\CodeIgniter.php(368): CodeIgniter\CodeIgniter->handleRequest(null, Object(Config\Cache), false)
 6 FCPATH\index.php(67): CodeIgniter\CodeIgniter->run()
 7 SYSTEMPATH\Commands\Server\rewrite.php(47): require_once('C:\\xampp\\htdocs\\monitoring_1\\public\\index.php')
CRITICAL - 2023-06-13 15:42:31 --> Undefined constant "App\Controllers\BCRYPT"
in APPPATH\Controllers\Home.php on line 15.
 1 SYSTEMPATH\CodeIgniter.php(934): App\Controllers\Home->generate()
 2 SYSTEMPATH\CodeIgniter.php(499): CodeIgniter\CodeIgniter->runController(Object(App\Controllers\Home))
 3 SYSTEMPATH\CodeIgniter.php(368): CodeIgniter\CodeIgniter->handleRequest(null, Object(Config\Cache), false)
 4 FCPATH\index.php(67): CodeIgniter\CodeIgniter->run()
 5 SYSTEMPATH\Commands\Server\rewrite.php(47): require_once('C:\\xampp\\htdocs\\monitoring_1\\public\\index.php')
CRITICAL - 2023-06-13 15:42:34 --> Undefined constant "App\Controllers\BCRYPT"
in APPPATH\Controllers\Home.php on line 15.
 1 SYSTEMPATH\CodeIgniter.php(934): App\Controllers\Home->generate()
 2 SYSTEMPATH\CodeIgniter.php(499): CodeIgniter\CodeIgniter->runController(Object(App\Controllers\Home))
 3 SYSTEMPATH\CodeIgniter.php(368): CodeIgniter\CodeIgniter->handleRequest(null, Object(Config\Cache), false)
 4 FCPATH\index.php(67): CodeIgniter\CodeIgniter->run()
 5 SYSTEMPATH\Commands\Server\rewrite.php(47): require_once('C:\\xampp\\htdocs\\monitoring_1\\public\\index.php')
