CRITICAL - 2023-06-12 07:23:15 --> Undefined property: stdClass::$job_description
in APPPATH\Views\admin\admin_employee.php on line 41.
 1 APPPATH\Views\admin\admin_employee.php(41): CodeIgniter\Debug\Exceptions->errorHandler(2, 'Undefined property: stdClass::$job_description', 'C:\\xampp\\htdocs\\monitoring_1\\app\\Views\\admin\\admin_employee.php', 41)
 2 SYSTEMPATH\View\View.php(213): include('C:\\xampp\\htdocs\\monitoring_1\\app\\Views\\admin\\admin_employee.php')
 3 SYSTEMPATH\View\View.php(216): CodeIgniter\View\View->CodeIgniter\View\{closure}()
 4 SYSTEMPATH\Common.php(1184): CodeIgniter\View\View->render('admin/admin_employee', [], true)
 5 APPPATH\Controllers\admin.php(22): view('admin/admin_employee', [...])
 6 SYSTEMPATH\CodeIgniter.php(934): App\Controllers\admin->employee_db()
 7 SYSTEMPATH\CodeIgniter.php(499): CodeIgniter\CodeIgniter->runController(Object(App\Controllers\admin))
 8 SYSTEMPATH\CodeIgniter.php(368): CodeIgniter\CodeIgniter->handleRequest(null, Object(Config\Cache), false)
 9 FCPATH\index.php(67): CodeIgniter\CodeIgniter->run()
10 SYSTEMPATH\Commands\Server\rewrite.php(47): require_once('C:\\xampp\\htdocs\\monitoring_1\\public\\index.php')
CRITICAL - 2023-06-12 10:32:48 --> Undefined property: stdClass::$user_id
in APPPATH\Views\admin\admin_employee.php on line 38.
 1 APPPATH\Views\admin\admin_employee.php(38): CodeIgniter\Debug\Exceptions->errorHandler(2, 'Undefined property: stdClass::$user_id', 'C:\\xampp\\htdocs\\monitoring_1\\app\\Views\\admin\\admin_employee.php', 38)
 2 SYSTEMPATH\View\View.php(213): include('C:\\xampp\\htdocs\\monitoring_1\\app\\Views\\admin\\admin_employee.php')
 3 SYSTEMPATH\View\View.php(216): CodeIgniter\View\View->CodeIgniter\View\{closure}()
 4 SYSTEMPATH\Common.php(1184): CodeIgniter\View\View->render('admin/admin_employee', [], true)
 5 APPPATH\Controllers\admin.php(22): view('admin/admin_employee', [...])
 6 SYSTEMPATH\CodeIgniter.php(934): App\Controllers\admin->employee_db()
 7 SYSTEMPATH\CodeIgniter.php(499): CodeIgniter\CodeIgniter->runController(Object(App\Controllers\admin))
 8 SYSTEMPATH\CodeIgniter.php(368): CodeIgniter\CodeIgniter->handleRequest(null, Object(Config\Cache), false)
 9 FCPATH\index.php(67): CodeIgniter\CodeIgniter->run()
10 SYSTEMPATH\Commands\Server\rewrite.php(47): require_once('C:\\xampp\\htdocs\\monitoring_1\\public\\index.php')
ERROR - 2023-06-12 10:33:36 --> mysqli_sql_exception: You have an error in your SQL syntax; check the manual that corresponds to your MariaDB server version for the right syntax to use near '= 2' at line 1 in C:\xampp\htdocs\monitoring_1\system\Database\MySQLi\Connection.php:295
Stack trace:
#0 C:\xampp\htdocs\monitoring_1\system\Database\MySQLi\Connection.php(295): mysqli->query('SELECT *  FROM ...', 0)
#1 C:\xampp\htdocs\monitoring_1\system\Database\BaseConnection.php(692): CodeIgniter\Database\MySQLi\Connection->execute('SELECT *  FROM ...')
#2 C:\xampp\htdocs\monitoring_1\system\Database\BaseConnection.php(606): CodeIgniter\Database\BaseConnection->simpleQuery('SELECT *  FROM ...')
#3 C:\xampp\htdocs\monitoring_1\app\Controllers\admin.php(28): CodeIgniter\Database\BaseConnection->query('SELECT *  FROM ...')
#4 C:\xampp\htdocs\monitoring_1\system\CodeIgniter.php(934): App\Controllers\admin->add_employee()
#5 C:\xampp\htdocs\monitoring_1\system\CodeIgniter.php(499): CodeIgniter\CodeIgniter->runController(Object(App\Controllers\admin))
#6 C:\xampp\htdocs\monitoring_1\system\CodeIgniter.php(368): CodeIgniter\CodeIgniter->handleRequest(NULL, Object(Config\Cache), false)
#7 C:\xampp\htdocs\monitoring_1\public\index.php(67): CodeIgniter\CodeIgniter->run()
#8 C:\xampp\htdocs\monitoring_1\system\Commands\Server\rewrite.php(47): require_once('C:\\xampp\\htdocs...')
#9 {main}
CRITICAL - 2023-06-12 10:33:36 --> You have an error in your SQL syntax; check the manual that corresponds to your MariaDB server version for the right syntax to use near '= 2' at line 1
in SYSTEMPATH\Database\MySQLi\Connection.php on line 295.
 1 SYSTEMPATH\Database\MySQLi\Connection.php(295): mysqli->query('SELECT *  FROM  employee where roles == 2 ', 0)
 2 SYSTEMPATH\Database\BaseConnection.php(692): CodeIgniter\Database\MySQLi\Connection->execute('SELECT *  FROM  employee where roles == 2 ')
 3 SYSTEMPATH\Database\BaseConnection.php(606): CodeIgniter\Database\BaseConnection->simpleQuery('SELECT *  FROM  employee where roles == 2 ')
 4 APPPATH\Controllers\admin.php(28): CodeIgniter\Database\BaseConnection->query('SELECT *  FROM  employee where roles == 2 ')
 5 SYSTEMPATH\CodeIgniter.php(934): App\Controllers\admin->add_employee()
 6 SYSTEMPATH\CodeIgniter.php(499): CodeIgniter\CodeIgniter->runController(Object(App\Controllers\admin))
 7 SYSTEMPATH\CodeIgniter.php(368): CodeIgniter\CodeIgniter->handleRequest(null, Object(Config\Cache), false)
 8 FCPATH\index.php(67): CodeIgniter\CodeIgniter->run()
 9 SYSTEMPATH\Commands\Server\rewrite.php(47): require_once('C:\\xampp\\htdocs\\monitoring_1\\public\\index.php')
CRITICAL - 2023-06-12 10:35:24 --> Undefined variable $manager
in APPPATH\Views\admin\add_employee.php on line 90.
 1 APPPATH\Views\admin\add_employee.php(90): CodeIgniter\Debug\Exceptions->errorHandler(2, 'Undefined variable $manager', 'C:\\xampp\\htdocs\\monitoring_1\\app\\Views\\admin\\add_employee.php', 90)
 2 SYSTEMPATH\View\View.php(213): include('C:\\xampp\\htdocs\\monitoring_1\\app\\Views\\admin\\add_employee.php')
 3 SYSTEMPATH\View\View.php(216): CodeIgniter\View\View->CodeIgniter\View\{closure}()
 4 SYSTEMPATH\Common.php(1184): CodeIgniter\View\View->render('admin/add_employee', [], true)
 5 APPPATH\Controllers\admin.php(31): view('admin/add_employee', [...])
 6 SYSTEMPATH\CodeIgniter.php(934): App\Controllers\admin->add_employee()
 7 SYSTEMPATH\CodeIgniter.php(499): CodeIgniter\CodeIgniter->runController(Object(App\Controllers\admin))
 8 SYSTEMPATH\CodeIgniter.php(368): CodeIgniter\CodeIgniter->handleRequest(null, Object(Config\Cache), false)
 9 FCPATH\index.php(67): CodeIgniter\CodeIgniter->run()
10 SYSTEMPATH\Commands\Server\rewrite.php(47): require_once('C:\\xampp\\htdocs\\monitoring_1\\public\\index.php')
CRITICAL - 2023-06-12 10:35:35 --> Undefined variable $manager
in APPPATH\Views\admin\add_employee.php on line 90.
 1 APPPATH\Views\admin\add_employee.php(90): CodeIgniter\Debug\Exceptions->errorHandler(2, 'Undefined variable $manager', 'C:\\xampp\\htdocs\\monitoring_1\\app\\Views\\admin\\add_employee.php', 90)
 2 SYSTEMPATH\View\View.php(213): include('C:\\xampp\\htdocs\\monitoring_1\\app\\Views\\admin\\add_employee.php')
 3 SYSTEMPATH\View\View.php(216): CodeIgniter\View\View->CodeIgniter\View\{closure}()
 4 SYSTEMPATH\Common.php(1184): CodeIgniter\View\View->render('admin/add_employee', [], true)
 5 APPPATH\Controllers\admin.php(31): view('admin/add_employee', [...])
 6 SYSTEMPATH\CodeIgniter.php(934): App\Controllers\admin->add_employee()
 7 SYSTEMPATH\CodeIgniter.php(499): CodeIgniter\CodeIgniter->runController(Object(App\Controllers\admin))
 8 SYSTEMPATH\CodeIgniter.php(368): CodeIgniter\CodeIgniter->handleRequest(null, Object(Config\Cache), false)
 9 FCPATH\index.php(67): CodeIgniter\CodeIgniter->run()
10 SYSTEMPATH\Commands\Server\rewrite.php(47): require_once('C:\\xampp\\htdocs\\monitoring_1\\public\\index.php')
ERROR - 2023-06-12 16:09:13 --> mysqli_sql_exception: Unknown column 'icon-input' in 'field list' in C:\xampp\htdocs\monitoring_1\system\Database\MySQLi\Connection.php:295
Stack trace:
#0 C:\xampp\htdocs\monitoring_1\system\Database\MySQLi\Connection.php(295): mysqli->query('INSERT INTO `em...', 0)
#1 C:\xampp\htdocs\monitoring_1\system\Database\BaseConnection.php(692): CodeIgniter\Database\MySQLi\Connection->execute('INSERT INTO `em...')
#2 C:\xampp\htdocs\monitoring_1\system\Database\BaseConnection.php(606): CodeIgniter\Database\BaseConnection->simpleQuery('INSERT INTO `em...')
#3 C:\xampp\htdocs\monitoring_1\system\Database\BaseBuilder.php(2309): CodeIgniter\Database\BaseConnection->query('INSERT INTO `em...', Array, false)
#4 C:\xampp\htdocs\monitoring_1\app\Controllers\admin.php(35): CodeIgniter\Database\BaseBuilder->insert(Array)
#5 C:\xampp\htdocs\monitoring_1\system\CodeIgniter.php(934): App\Controllers\admin->save_employee()
#6 C:\xampp\htdocs\monitoring_1\system\CodeIgniter.php(499): CodeIgniter\CodeIgniter->runController(Object(App\Controllers\admin))
#7 C:\xampp\htdocs\monitoring_1\system\CodeIgniter.php(368): CodeIgniter\CodeIgniter->handleRequest(NULL, Object(Config\Cache), false)
#8 C:\xampp\htdocs\monitoring_1\public\index.php(67): CodeIgniter\CodeIgniter->run()
#9 C:\xampp\htdocs\monitoring_1\system\Commands\Server\rewrite.php(47): require_once('C:\\xampp\\htdocs...')
#10 {main}
CRITICAL - 2023-06-12 16:09:13 --> Unknown column 'icon-input' in 'field list'
in SYSTEMPATH\Database\MySQLi\Connection.php on line 295.
 1 SYSTEMPATH\Database\MySQLi\Connection.php(295): mysqli->query('INSERT INTO `employee` (`icon-input`) VALUES (\'1\')', 0)
 2 SYSTEMPATH\Database\BaseConnection.php(692): CodeIgniter\Database\MySQLi\Connection->execute('INSERT INTO `employee` (`icon-input`) VALUES (\'1\')')
 3 SYSTEMPATH\Database\BaseConnection.php(606): CodeIgniter\Database\BaseConnection->simpleQuery('INSERT INTO `employee` (`icon-input`) VALUES (\'1\')')
 4 SYSTEMPATH\Database\BaseBuilder.php(2309): CodeIgniter\Database\BaseConnection->query('INSERT INTO `employee` (`icon-input`) VALUES (:icon-input:)', [...], false)
 5 APPPATH\Controllers\admin.php(35): CodeIgniter\Database\BaseBuilder->insert([...])
 6 SYSTEMPATH\CodeIgniter.php(934): App\Controllers\admin->save_employee()
 7 SYSTEMPATH\CodeIgniter.php(499): CodeIgniter\CodeIgniter->runController(Object(App\Controllers\admin))
 8 SYSTEMPATH\CodeIgniter.php(368): CodeIgniter\CodeIgniter->handleRequest(null, Object(Config\Cache), false)
 9 FCPATH\index.php(67): CodeIgniter\CodeIgniter->run()
10 SYSTEMPATH\Commands\Server\rewrite.php(47): require_once('C:\\xampp\\htdocs\\monitoring_1\\public\\index.php')
CRITICAL - 2023-06-12 16:16:52 --> Cannot use object of type stdClass as array
in APPPATH\Views\admin\add_employee.php on line 74.
 1 SYSTEMPATH\View\View.php(213): include()
 2 SYSTEMPATH\View\View.php(216): CodeIgniter\View\View->CodeIgniter\View\{closure}()
 3 SYSTEMPATH\Common.php(1184): CodeIgniter\View\View->render('admin/add_employee', [], true)
 4 APPPATH\Controllers\admin.php(31): view('admin/add_employee', [...])
 5 SYSTEMPATH\CodeIgniter.php(934): App\Controllers\admin->add_employee()
 6 SYSTEMPATH\CodeIgniter.php(499): CodeIgniter\CodeIgniter->runController(Object(App\Controllers\admin))
 7 SYSTEMPATH\CodeIgniter.php(368): CodeIgniter\CodeIgniter->handleRequest(null, Object(Config\Cache), false)
 8 FCPATH\index.php(67): CodeIgniter\CodeIgniter->run()
 9 SYSTEMPATH\Commands\Server\rewrite.php(47): require_once('C:\\xampp\\htdocs\\monitoring_1\\public\\index.php')
CRITICAL - 2023-06-12 16:17:16 --> Cannot use object of type stdClass as array
in APPPATH\Views\admin\add_employee.php on line 74.
 1 SYSTEMPATH\View\View.php(213): include()
 2 SYSTEMPATH\View\View.php(216): CodeIgniter\View\View->CodeIgniter\View\{closure}()
 3 SYSTEMPATH\Common.php(1184): CodeIgniter\View\View->render('admin/add_employee', [], true)
 4 APPPATH\Controllers\admin.php(31): view('admin/add_employee', [...])
 5 SYSTEMPATH\CodeIgniter.php(934): App\Controllers\admin->add_employee()
 6 SYSTEMPATH\CodeIgniter.php(499): CodeIgniter\CodeIgniter->runController(Object(App\Controllers\admin))
 7 SYSTEMPATH\CodeIgniter.php(368): CodeIgniter\CodeIgniter->handleRequest(null, Object(Config\Cache), false)
 8 FCPATH\index.php(67): CodeIgniter\CodeIgniter->run()
 9 SYSTEMPATH\Commands\Server\rewrite.php(47): require_once('C:\\xampp\\htdocs\\monitoring_1\\public\\index.php')
CRITICAL - 2023-06-12 16:17:20 --> Cannot use object of type stdClass as array
in APPPATH\Views\admin\add_employee.php on line 74.
 1 SYSTEMPATH\View\View.php(213): include()
 2 SYSTEMPATH\View\View.php(216): CodeIgniter\View\View->CodeIgniter\View\{closure}()
 3 SYSTEMPATH\Common.php(1184): CodeIgniter\View\View->render('admin/add_employee', [], true)
 4 APPPATH\Controllers\admin.php(31): view('admin/add_employee', [...])
 5 SYSTEMPATH\CodeIgniter.php(934): App\Controllers\admin->add_employee()
 6 SYSTEMPATH\CodeIgniter.php(499): CodeIgniter\CodeIgniter->runController(Object(App\Controllers\admin))
 7 SYSTEMPATH\CodeIgniter.php(368): CodeIgniter\CodeIgniter->handleRequest(null, Object(Config\Cache), false)
 8 FCPATH\index.php(67): CodeIgniter\CodeIgniter->run()
 9 SYSTEMPATH\Commands\Server\rewrite.php(47): require_once('C:\\xampp\\htdocs\\monitoring_1\\public\\index.php')
CRITICAL - 2023-06-12 16:20:12 --> Cannot use object of type stdClass as array
in APPPATH\Views\admin\add_employee.php on line 74.
 1 SYSTEMPATH\View\View.php(213): include()
 2 SYSTEMPATH\View\View.php(216): CodeIgniter\View\View->CodeIgniter\View\{closure}()
 3 SYSTEMPATH\Common.php(1184): CodeIgniter\View\View->render('admin/add_employee', [], true)
 4 APPPATH\Controllers\admin.php(31): view('admin/add_employee', [...])
 5 SYSTEMPATH\CodeIgniter.php(934): App\Controllers\admin->add_employee()
 6 SYSTEMPATH\CodeIgniter.php(499): CodeIgniter\CodeIgniter->runController(Object(App\Controllers\admin))
 7 SYSTEMPATH\CodeIgniter.php(368): CodeIgniter\CodeIgniter->handleRequest(null, Object(Config\Cache), false)
 8 FCPATH\index.php(67): CodeIgniter\CodeIgniter->run()
 9 SYSTEMPATH\Commands\Server\rewrite.php(47): require_once('C:\\xampp\\htdocs\\monitoring_1\\public\\index.php')
CRITICAL - 2023-06-12 16:21:17 --> Cannot use object of type stdClass as array
in APPPATH\Views\admin\add_employee.php on line 74.
 1 SYSTEMPATH\View\View.php(213): include()
 2 SYSTEMPATH\View\View.php(216): CodeIgniter\View\View->CodeIgniter\View\{closure}()
 3 SYSTEMPATH\Common.php(1184): CodeIgniter\View\View->render('admin/add_employee', [], true)
 4 APPPATH\Controllers\admin.php(28): view('admin/add_employee', [...])
 5 SYSTEMPATH\CodeIgniter.php(934): App\Controllers\admin->add_employee()
 6 SYSTEMPATH\CodeIgniter.php(499): CodeIgniter\CodeIgniter->runController(Object(App\Controllers\admin))
 7 SYSTEMPATH\CodeIgniter.php(368): CodeIgniter\CodeIgniter->handleRequest(null, Object(Config\Cache), false)
 8 FCPATH\index.php(67): CodeIgniter\CodeIgniter->run()
 9 SYSTEMPATH\Commands\Server\rewrite.php(47): require_once('C:\\xampp\\htdocs\\monitoring_1\\public\\index.php')
CRITICAL - 2023-06-12 16:29:35 --> syntax error, unexpected string content "admin/add_employee);"
in APPPATH\Controllers\admin.php on line 33.
 1 SYSTEMPATH\Autoloader\Autoloader.php(289): CodeIgniter\Autoloader\Autoloader->includeFile('C:\\xampp\\htdocs\\monitoring_1\\app\\Controllers\\admin.php')
 2 SYSTEMPATH\Autoloader\Autoloader.php(267): CodeIgniter\Autoloader\Autoloader->loadInNamespace('App\\Controllers\\admin')
 3 [internal function]: CodeIgniter\Autoloader\Autoloader->loadClass('App\\Controllers\\admin')
 4 SYSTEMPATH\CodeIgniter.php(892): class_exists('\\App\\Controllers\\admin', true)
 5 SYSTEMPATH\CodeIgniter.php(486): CodeIgniter\CodeIgniter->startController()
 6 SYSTEMPATH\CodeIgniter.php(368): CodeIgniter\CodeIgniter->handleRequest(null, Object(Config\Cache), false)
 7 FCPATH\index.php(67): CodeIgniter\CodeIgniter->run()
 8 SYSTEMPATH\Commands\Server\rewrite.php(47): require_once('C:\\xampp\\htdocs\\monitoring_1\\public\\index.php')
CRITICAL - 2023-06-12 16:30:36 --> syntax error, unexpected string content "admin/employee_db);"
in APPPATH\Controllers\admin.php on line 33.
 1 SYSTEMPATH\Autoloader\Autoloader.php(289): CodeIgniter\Autoloader\Autoloader->includeFile('C:\\xampp\\htdocs\\monitoring_1\\app\\Controllers\\admin.php')
 2 SYSTEMPATH\Autoloader\Autoloader.php(267): CodeIgniter\Autoloader\Autoloader->loadInNamespace('App\\Controllers\\admin')
 3 [internal function]: CodeIgniter\Autoloader\Autoloader->loadClass('App\\Controllers\\admin')
 4 SYSTEMPATH\CodeIgniter.php(892): class_exists('\\App\\Controllers\\admin', true)
 5 SYSTEMPATH\CodeIgniter.php(486): CodeIgniter\CodeIgniter->startController()
 6 SYSTEMPATH\CodeIgniter.php(368): CodeIgniter\CodeIgniter->handleRequest(null, Object(Config\Cache), false)
 7 FCPATH\index.php(67): CodeIgniter\CodeIgniter->run()
 8 SYSTEMPATH\Commands\Server\rewrite.php(47): require_once('C:\\xampp\\htdocs\\monitoring_1\\public\\index.php')
CRITICAL - 2023-06-12 16:30:37 --> syntax error, unexpected string content "admin/employee_db);"
in APPPATH\Controllers\admin.php on line 33.
 1 SYSTEMPATH\Autoloader\Autoloader.php(289): CodeIgniter\Autoloader\Autoloader->includeFile('C:\\xampp\\htdocs\\monitoring_1\\app\\Controllers\\admin.php')
 2 SYSTEMPATH\Autoloader\Autoloader.php(267): CodeIgniter\Autoloader\Autoloader->loadInNamespace('App\\Controllers\\admin')
 3 [internal function]: CodeIgniter\Autoloader\Autoloader->loadClass('App\\Controllers\\admin')
 4 SYSTEMPATH\CodeIgniter.php(892): class_exists('\\App\\Controllers\\admin', true)
 5 SYSTEMPATH\CodeIgniter.php(486): CodeIgniter\CodeIgniter->startController()
 6 SYSTEMPATH\CodeIgniter.php(368): CodeIgniter\CodeIgniter->handleRequest(null, Object(Config\Cache), false)
 7 FCPATH\index.php(67): CodeIgniter\CodeIgniter->run()
 8 SYSTEMPATH\Commands\Server\rewrite.php(47): require_once('C:\\xampp\\htdocs\\monitoring_1\\public\\index.php')
CRITICAL - 2023-06-12 16:30:38 --> syntax error, unexpected string content "admin/employee_db);"
in APPPATH\Controllers\admin.php on line 33.
 1 SYSTEMPATH\Autoloader\Autoloader.php(289): CodeIgniter\Autoloader\Autoloader->includeFile('C:\\xampp\\htdocs\\monitoring_1\\app\\Controllers\\admin.php')
 2 SYSTEMPATH\Autoloader\Autoloader.php(267): CodeIgniter\Autoloader\Autoloader->loadInNamespace('App\\Controllers\\admin')
 3 [internal function]: CodeIgniter\Autoloader\Autoloader->loadClass('App\\Controllers\\admin')
 4 SYSTEMPATH\CodeIgniter.php(892): class_exists('\\App\\Controllers\\admin', true)
 5 SYSTEMPATH\CodeIgniter.php(486): CodeIgniter\CodeIgniter->startController()
 6 SYSTEMPATH\CodeIgniter.php(368): CodeIgniter\CodeIgniter->handleRequest(null, Object(Config\Cache), false)
 7 FCPATH\index.php(67): CodeIgniter\CodeIgniter->run()
 8 SYSTEMPATH\Commands\Server\rewrite.php(47): require_once('C:\\xampp\\htdocs\\monitoring_1\\public\\index.php')
CRITICAL - 2023-06-12 16:30:44 --> syntax error, unexpected string content "admin/employee_db);"
in APPPATH\Controllers\admin.php on line 33.
 1 SYSTEMPATH\Autoloader\Autoloader.php(289): CodeIgniter\Autoloader\Autoloader->includeFile('C:\\xampp\\htdocs\\monitoring_1\\app\\Controllers\\admin.php')
 2 SYSTEMPATH\Autoloader\Autoloader.php(267): CodeIgniter\Autoloader\Autoloader->loadInNamespace('App\\Controllers\\admin')
 3 [internal function]: CodeIgniter\Autoloader\Autoloader->loadClass('App\\Controllers\\admin')
 4 SYSTEMPATH\CodeIgniter.php(892): class_exists('\\App\\Controllers\\admin', true)
 5 SYSTEMPATH\CodeIgniter.php(486): CodeIgniter\CodeIgniter->startController()
 6 SYSTEMPATH\CodeIgniter.php(368): CodeIgniter\CodeIgniter->handleRequest(null, Object(Config\Cache), false)
 7 FCPATH\index.php(67): CodeIgniter\CodeIgniter->run()
 8 SYSTEMPATH\Commands\Server\rewrite.php(47): require_once('C:\\xampp\\htdocs\\monitoring_1\\public\\index.php')
CRITICAL - 2023-06-12 16:31:02 --> syntax error, unexpected string content "admin/employee_db);"
in APPPATH\Controllers\admin.php on line 33.
 1 SYSTEMPATH\Autoloader\Autoloader.php(289): CodeIgniter\Autoloader\Autoloader->includeFile('C:\\xampp\\htdocs\\monitoring_1\\app\\Controllers\\admin.php')
 2 SYSTEMPATH\Autoloader\Autoloader.php(267): CodeIgniter\Autoloader\Autoloader->loadInNamespace('App\\Controllers\\admin')
 3 [internal function]: CodeIgniter\Autoloader\Autoloader->loadClass('App\\Controllers\\admin')
 4 SYSTEMPATH\CodeIgniter.php(892): class_exists('\\App\\Controllers\\admin', true)
 5 SYSTEMPATH\CodeIgniter.php(486): CodeIgniter\CodeIgniter->startController()
 6 SYSTEMPATH\CodeIgniter.php(368): CodeIgniter\CodeIgniter->handleRequest(null, Object(Config\Cache), false)
 7 FCPATH\index.php(67): CodeIgniter\CodeIgniter->run()
 8 SYSTEMPATH\Commands\Server\rewrite.php(47): require_once('C:\\xampp\\htdocs\\monitoring_1\\public\\index.php')
CRITICAL - 2023-06-12 16:32:41 --> syntax error, unexpected string content "admin/employee_db);"
in APPPATH\Controllers\admin.php on line 33.
 1 SYSTEMPATH\Autoloader\Autoloader.php(289): CodeIgniter\Autoloader\Autoloader->includeFile('C:\\xampp\\htdocs\\monitoring_1\\app\\Controllers\\admin.php')
 2 SYSTEMPATH\Autoloader\Autoloader.php(267): CodeIgniter\Autoloader\Autoloader->loadInNamespace('App\\Controllers\\admin')
 3 [internal function]: CodeIgniter\Autoloader\Autoloader->loadClass('App\\Controllers\\admin')
 4 SYSTEMPATH\CodeIgniter.php(892): class_exists('\\App\\Controllers\\admin', true)
 5 SYSTEMPATH\CodeIgniter.php(486): CodeIgniter\CodeIgniter->startController()
 6 SYSTEMPATH\CodeIgniter.php(368): CodeIgniter\CodeIgniter->handleRequest(null, Object(Config\Cache), false)
 7 FCPATH\index.php(67): CodeIgniter\CodeIgniter->run()
 8 SYSTEMPATH\Commands\Server\rewrite.php(47): require_once('C:\\xampp\\htdocs\\monitoring_1\\public\\index.php')
CRITICAL - 2023-06-12 16:32:43 --> syntax error, unexpected string content "admin/employee_db);"
in APPPATH\Controllers\admin.php on line 33.
 1 SYSTEMPATH\Autoloader\Autoloader.php(289): CodeIgniter\Autoloader\Autoloader->includeFile('C:\\xampp\\htdocs\\monitoring_1\\app\\Controllers\\admin.php')
 2 SYSTEMPATH\Autoloader\Autoloader.php(267): CodeIgniter\Autoloader\Autoloader->loadInNamespace('App\\Controllers\\admin')
 3 [internal function]: CodeIgniter\Autoloader\Autoloader->loadClass('App\\Controllers\\admin')
 4 SYSTEMPATH\CodeIgniter.php(892): class_exists('\\App\\Controllers\\admin', true)
 5 SYSTEMPATH\CodeIgniter.php(486): CodeIgniter\CodeIgniter->startController()
 6 SYSTEMPATH\CodeIgniter.php(368): CodeIgniter\CodeIgniter->handleRequest(null, Object(Config\Cache), false)
 7 FCPATH\index.php(67): CodeIgniter\CodeIgniter->run()
 8 SYSTEMPATH\Commands\Server\rewrite.php(47): require_once('C:\\xampp\\htdocs\\monitoring_1\\public\\index.php')
CRITICAL - 2023-06-12 16:32:43 --> syntax error, unexpected string content "admin/employee_db);"
in APPPATH\Controllers\admin.php on line 33.
 1 SYSTEMPATH\Autoloader\Autoloader.php(289): CodeIgniter\Autoloader\Autoloader->includeFile('C:\\xampp\\htdocs\\monitoring_1\\app\\Controllers\\admin.php')
 2 SYSTEMPATH\Autoloader\Autoloader.php(267): CodeIgniter\Autoloader\Autoloader->loadInNamespace('App\\Controllers\\admin')
 3 [internal function]: CodeIgniter\Autoloader\Autoloader->loadClass('App\\Controllers\\admin')
 4 SYSTEMPATH\CodeIgniter.php(892): class_exists('\\App\\Controllers\\admin', true)
 5 SYSTEMPATH\CodeIgniter.php(486): CodeIgniter\CodeIgniter->startController()
 6 SYSTEMPATH\CodeIgniter.php(368): CodeIgniter\CodeIgniter->handleRequest(null, Object(Config\Cache), false)
 7 FCPATH\index.php(67): CodeIgniter\CodeIgniter->run()
 8 SYSTEMPATH\Commands\Server\rewrite.php(47): require_once('C:\\xampp\\htdocs\\monitoring_1\\public\\index.php')
ERROR - 2023-06-12 16:46:12 --> mysqli_sql_exception: Cannot add or update a child row: a foreign key constraint fails (`monitoring`.`employee`, CONSTRAINT `manager_id` FOREIGN KEY (`evaluator_id`) REFERENCES `employee` (`users_id`)) in C:\xampp\htdocs\monitoring_1\system\Database\MySQLi\Connection.php:295
Stack trace:
#0 C:\xampp\htdocs\monitoring_1\system\Database\MySQLi\Connection.php(295): mysqli->query('INSERT INTO `em...', 0)
#1 C:\xampp\htdocs\monitoring_1\system\Database\BaseConnection.php(692): CodeIgniter\Database\MySQLi\Connection->execute('INSERT INTO `em...')
#2 C:\xampp\htdocs\monitoring_1\system\Database\BaseConnection.php(606): CodeIgniter\Database\BaseConnection->simpleQuery('INSERT INTO `em...')
#3 C:\xampp\htdocs\monitoring_1\system\Database\BaseBuilder.php(2309): CodeIgniter\Database\BaseConnection->query('INSERT INTO `em...', Array, false)
#4 C:\xampp\htdocs\monitoring_1\app\Controllers\admin.php(32): CodeIgniter\Database\BaseBuilder->insert(Array)
#5 C:\xampp\htdocs\monitoring_1\system\CodeIgniter.php(934): App\Controllers\admin->save_employee()
#6 C:\xampp\htdocs\monitoring_1\system\CodeIgniter.php(499): CodeIgniter\CodeIgniter->runController(Object(App\Controllers\admin))
#7 C:\xampp\htdocs\monitoring_1\system\CodeIgniter.php(368): CodeIgniter\CodeIgniter->handleRequest(NULL, Object(Config\Cache), false)
#8 C:\xampp\htdocs\monitoring_1\public\index.php(67): CodeIgniter\CodeIgniter->run()
#9 C:\xampp\htdocs\monitoring_1\system\Commands\Server\rewrite.php(47): require_once('C:\\xampp\\htdocs...')
#10 {main}
CRITICAL - 2023-06-12 16:46:12 --> Cannot add or update a child row: a foreign key constraint fails (`monitoring`.`employee`, CONSTRAINT `manager_id` FOREIGN KEY (`evaluator_id`) REFERENCES `employee` (`users_id`))
in SYSTEMPATH\Database\MySQLi\Connection.php on line 295.
 1 SYSTEMPATH\Database\MySQLi\Connection.php(295): mysqli->query('INSERT INTO `employee` (`username`, `password_user`, `name_user`, `job_title`, `address`, `no_telp`, `roles`, `evaluator_id`) VALUES (\'alfiziaulhaq\', \'\', \'\', \'\', \'ac\', \'\', \'3\', \'\')', 0)
 2 SYSTEMPATH\Database\BaseConnection.php(692): CodeIgniter\Database\MySQLi\Connection->execute('INSERT INTO `employee` (`username`, `password_user`, `name_user`, `job_title`, `address`, `no_telp`, `roles`, `evaluator_id`) VALUES (\'alfiziaulhaq\', \'\', \'\', \'\', \'ac\', \'\', \'3\', \'\')')
 3 SYSTEMPATH\Database\BaseConnection.php(606): CodeIgniter\Database\BaseConnection->simpleQuery('INSERT INTO `employee` (`username`, `password_user`, `name_user`, `job_title`, `address`, `no_telp`, `roles`, `evaluator_id`) VALUES (\'alfiziaulhaq\', \'\', \'\', \'\', \'ac\', \'\', \'3\', \'\')')
 4 SYSTEMPATH\Database\BaseBuilder.php(2309): CodeIgniter\Database\BaseConnection->query('INSERT INTO `employee` (`username`, `password_user`, `name_user`, `job_title`, `address`, `no_telp`, `roles`, `evaluator_id`) VALUES (:username:, :password_user:, :name_user:, :job_title:, :address:, :no_telp:, :roles:, :evaluator_id:)', [...], false)
 5 APPPATH\Controllers\admin.php(32): CodeIgniter\Database\BaseBuilder->insert([...])
 6 SYSTEMPATH\CodeIgniter.php(934): App\Controllers\admin->save_employee()
 7 SYSTEMPATH\CodeIgniter.php(499): CodeIgniter\CodeIgniter->runController(Object(App\Controllers\admin))
 8 SYSTEMPATH\CodeIgniter.php(368): CodeIgniter\CodeIgniter->handleRequest(null, Object(Config\Cache), false)
 9 FCPATH\index.php(67): CodeIgniter\CodeIgniter->run()
10 SYSTEMPATH\Commands\Server\rewrite.php(47): require_once('C:\\xampp\\htdocs\\monitoring_1\\public\\index.php')
ERROR - 2023-06-12 16:47:10 --> mysqli_sql_exception: Cannot add or update a child row: a foreign key constraint fails (`monitoring`.`employee`, CONSTRAINT `manager_id` FOREIGN KEY (`evaluator_id`) REFERENCES `employee` (`users_id`)) in C:\xampp\htdocs\monitoring_1\system\Database\MySQLi\Connection.php:295
Stack trace:
#0 C:\xampp\htdocs\monitoring_1\system\Database\MySQLi\Connection.php(295): mysqli->query('INSERT INTO `em...', 0)
#1 C:\xampp\htdocs\monitoring_1\system\Database\BaseConnection.php(692): CodeIgniter\Database\MySQLi\Connection->execute('INSERT INTO `em...')
#2 C:\xampp\htdocs\monitoring_1\system\Database\BaseConnection.php(606): CodeIgniter\Database\BaseConnection->simpleQuery('INSERT INTO `em...')
#3 C:\xampp\htdocs\monitoring_1\system\Database\BaseBuilder.php(2309): CodeIgniter\Database\BaseConnection->query('INSERT INTO `em...', Array, false)
#4 C:\xampp\htdocs\monitoring_1\app\Controllers\admin.php(32): CodeIgniter\Database\BaseBuilder->insert(Array)
#5 C:\xampp\htdocs\monitoring_1\system\CodeIgniter.php(934): App\Controllers\admin->save_employee()
#6 C:\xampp\htdocs\monitoring_1\system\CodeIgniter.php(499): CodeIgniter\CodeIgniter->runController(Object(App\Controllers\admin))
#7 C:\xampp\htdocs\monitoring_1\system\CodeIgniter.php(368): CodeIgniter\CodeIgniter->handleRequest(NULL, Object(Config\Cache), false)
#8 C:\xampp\htdocs\monitoring_1\public\index.php(67): CodeIgniter\CodeIgniter->run()
#9 C:\xampp\htdocs\monitoring_1\system\Commands\Server\rewrite.php(47): require_once('C:\\xampp\\htdocs...')
#10 {main}
CRITICAL - 2023-06-12 16:47:10 --> Cannot add or update a child row: a foreign key constraint fails (`monitoring`.`employee`, CONSTRAINT `manager_id` FOREIGN KEY (`evaluator_id`) REFERENCES `employee` (`users_id`))
in SYSTEMPATH\Database\MySQLi\Connection.php on line 295.
 1 SYSTEMPATH\Database\MySQLi\Connection.php(295): mysqli->query('INSERT INTO `employee` (`username`, `password_user`, `name_user`, `job_title`, `address`, `no_telp`, `gender`, `roles`, `evaluator_id`) VALUES (\'alfiziaulhaq\', \'ca\', \'c\', \'c\', \'ac\', \'cas\', \'2\', \'3\', \'\')', 0)
 2 SYSTEMPATH\Database\BaseConnection.php(692): CodeIgniter\Database\MySQLi\Connection->execute('INSERT INTO `employee` (`username`, `password_user`, `name_user`, `job_title`, `address`, `no_telp`, `gender`, `roles`, `evaluator_id`) VALUES (\'alfiziaulhaq\', \'ca\', \'c\', \'c\', \'ac\', \'cas\', \'2\', \'3\', \'\')')
 3 SYSTEMPATH\Database\BaseConnection.php(606): CodeIgniter\Database\BaseConnection->simpleQuery('INSERT INTO `employee` (`username`, `password_user`, `name_user`, `job_title`, `address`, `no_telp`, `gender`, `roles`, `evaluator_id`) VALUES (\'alfiziaulhaq\', \'ca\', \'c\', \'c\', \'ac\', \'cas\', \'2\', \'3\', \'\')')
 4 SYSTEMPATH\Database\BaseBuilder.php(2309): CodeIgniter\Database\BaseConnection->query('INSERT INTO `employee` (`username`, `password_user`, `name_user`, `job_title`, `address`, `no_telp`, `gender`, `roles`, `evaluator_id`) VALUES (:username:, :password_user:, :name_user:, :job_title:, :address:, :no_telp:, :gender:, :roles:, :evaluator_id:)', [...], false)
 5 APPPATH\Controllers\admin.php(32): CodeIgniter\Database\BaseBuilder->insert([...])
 6 SYSTEMPATH\CodeIgniter.php(934): App\Controllers\admin->save_employee()
 7 SYSTEMPATH\CodeIgniter.php(499): CodeIgniter\CodeIgniter->runController(Object(App\Controllers\admin))
 8 SYSTEMPATH\CodeIgniter.php(368): CodeIgniter\CodeIgniter->handleRequest(null, Object(Config\Cache), false)
 9 FCPATH\index.php(67): CodeIgniter\CodeIgniter->run()
10 SYSTEMPATH\Commands\Server\rewrite.php(47): require_once('C:\\xampp\\htdocs\\monitoring_1\\public\\index.php')
ERROR - 2023-06-12 16:48:13 --> mysqli_sql_exception: Cannot add or update a child row: a foreign key constraint fails (`monitoring`.`employee`, CONSTRAINT `manager_id` FOREIGN KEY (`evaluator_id`) REFERENCES `employee` (`users_id`)) in C:\xampp\htdocs\monitoring_1\system\Database\MySQLi\Connection.php:295
Stack trace:
#0 C:\xampp\htdocs\monitoring_1\system\Database\MySQLi\Connection.php(295): mysqli->query('INSERT INTO `em...', 0)
#1 C:\xampp\htdocs\monitoring_1\system\Database\BaseConnection.php(692): CodeIgniter\Database\MySQLi\Connection->execute('INSERT INTO `em...')
#2 C:\xampp\htdocs\monitoring_1\system\Database\BaseConnection.php(606): CodeIgniter\Database\BaseConnection->simpleQuery('INSERT INTO `em...')
#3 C:\xampp\htdocs\monitoring_1\system\Database\BaseBuilder.php(2309): CodeIgniter\Database\BaseConnection->query('INSERT INTO `em...', Array, false)
#4 C:\xampp\htdocs\monitoring_1\app\Controllers\admin.php(32): CodeIgniter\Database\BaseBuilder->insert(Array)
#5 C:\xampp\htdocs\monitoring_1\system\CodeIgniter.php(934): App\Controllers\admin->save_employee()
#6 C:\xampp\htdocs\monitoring_1\system\CodeIgniter.php(499): CodeIgniter\CodeIgniter->runController(Object(App\Controllers\admin))
#7 C:\xampp\htdocs\monitoring_1\system\CodeIgniter.php(368): CodeIgniter\CodeIgniter->handleRequest(NULL, Object(Config\Cache), false)
#8 C:\xampp\htdocs\monitoring_1\public\index.php(67): CodeIgniter\CodeIgniter->run()
#9 C:\xampp\htdocs\monitoring_1\system\Commands\Server\rewrite.php(47): require_once('C:\\xampp\\htdocs...')
#10 {main}
CRITICAL - 2023-06-12 16:48:13 --> Cannot add or update a child row: a foreign key constraint fails (`monitoring`.`employee`, CONSTRAINT `manager_id` FOREIGN KEY (`evaluator_id`) REFERENCES `employee` (`users_id`))
in SYSTEMPATH\Database\MySQLi\Connection.php on line 295.
 1 SYSTEMPATH\Database\MySQLi\Connection.php(295): mysqli->query('INSERT INTO `employee` (`username`, `password_user`, `name_user`, `job_title`, `address`, `no_telp`, `gender`, `roles`, `evaluator_id`) VALUES (\'alfiziaulhaq\', \'ca\', \'c\', \'c\', \'ac\', \'cas\', \'2\', \'3\', \'0\')', 0)
 2 SYSTEMPATH\Database\BaseConnection.php(692): CodeIgniter\Database\MySQLi\Connection->execute('INSERT INTO `employee` (`username`, `password_user`, `name_user`, `job_title`, `address`, `no_telp`, `gender`, `roles`, `evaluator_id`) VALUES (\'alfiziaulhaq\', \'ca\', \'c\', \'c\', \'ac\', \'cas\', \'2\', \'3\', \'0\')')
 3 SYSTEMPATH\Database\BaseConnection.php(606): CodeIgniter\Database\BaseConnection->simpleQuery('INSERT INTO `employee` (`username`, `password_user`, `name_user`, `job_title`, `address`, `no_telp`, `gender`, `roles`, `evaluator_id`) VALUES (\'alfiziaulhaq\', \'ca\', \'c\', \'c\', \'ac\', \'cas\', \'2\', \'3\', \'0\')')
 4 SYSTEMPATH\Database\BaseBuilder.php(2309): CodeIgniter\Database\BaseConnection->query('INSERT INTO `employee` (`username`, `password_user`, `name_user`, `job_title`, `address`, `no_telp`, `gender`, `roles`, `evaluator_id`) VALUES (:username:, :password_user:, :name_user:, :job_title:, :address:, :no_telp:, :gender:, :roles:, :evaluator_id:)', [...], false)
 5 APPPATH\Controllers\admin.php(32): CodeIgniter\Database\BaseBuilder->insert([...])
 6 SYSTEMPATH\CodeIgniter.php(934): App\Controllers\admin->save_employee()
 7 SYSTEMPATH\CodeIgniter.php(499): CodeIgniter\CodeIgniter->runController(Object(App\Controllers\admin))
 8 SYSTEMPATH\CodeIgniter.php(368): CodeIgniter\CodeIgniter->handleRequest(null, Object(Config\Cache), false)
 9 FCPATH\index.php(67): CodeIgniter\CodeIgniter->run()
10 SYSTEMPATH\Commands\Server\rewrite.php(47): require_once('C:\\xampp\\htdocs\\monitoring_1\\public\\index.php')
ERROR - 2023-06-12 16:49:48 --> mysqli_sql_exception: Cannot add or update a child row: a foreign key constraint fails (`monitoring`.`employee`, CONSTRAINT `manager_id` FOREIGN KEY (`evaluator_id`) REFERENCES `employee` (`users_id`)) in C:\xampp\htdocs\monitoring_1\system\Database\MySQLi\Connection.php:295
Stack trace:
#0 C:\xampp\htdocs\monitoring_1\system\Database\MySQLi\Connection.php(295): mysqli->query('INSERT INTO `em...', 0)
#1 C:\xampp\htdocs\monitoring_1\system\Database\BaseConnection.php(692): CodeIgniter\Database\MySQLi\Connection->execute('INSERT INTO `em...')
#2 C:\xampp\htdocs\monitoring_1\system\Database\BaseConnection.php(606): CodeIgniter\Database\BaseConnection->simpleQuery('INSERT INTO `em...')
#3 C:\xampp\htdocs\monitoring_1\system\Database\BaseBuilder.php(2309): CodeIgniter\Database\BaseConnection->query('INSERT INTO `em...', Array, false)
#4 C:\xampp\htdocs\monitoring_1\app\Controllers\admin.php(32): CodeIgniter\Database\BaseBuilder->insert(Array)
#5 C:\xampp\htdocs\monitoring_1\system\CodeIgniter.php(934): App\Controllers\admin->save_employee()
#6 C:\xampp\htdocs\monitoring_1\system\CodeIgniter.php(499): CodeIgniter\CodeIgniter->runController(Object(App\Controllers\admin))
#7 C:\xampp\htdocs\monitoring_1\system\CodeIgniter.php(368): CodeIgniter\CodeIgniter->handleRequest(NULL, Object(Config\Cache), false)
#8 C:\xampp\htdocs\monitoring_1\public\index.php(67): CodeIgniter\CodeIgniter->run()
#9 C:\xampp\htdocs\monitoring_1\system\Commands\Server\rewrite.php(47): require_once('C:\\xampp\\htdocs...')
#10 {main}
CRITICAL - 2023-06-12 16:49:48 --> Cannot add or update a child row: a foreign key constraint fails (`monitoring`.`employee`, CONSTRAINT `manager_id` FOREIGN KEY (`evaluator_id`) REFERENCES `employee` (`users_id`))
in SYSTEMPATH\Database\MySQLi\Connection.php on line 295.
 1 SYSTEMPATH\Database\MySQLi\Connection.php(295): mysqli->query('INSERT INTO `employee` (`username`, `password_user`, `name_user`, `job_title`, `address`, `no_telp`, `gender`, `roles`, `evaluator_id`) VALUES (\'alfiziaulhaq\', \'ca\', \'c\', \'c\', \'ac\', \'cas\', \'2\', \'1\', \'0\')', 0)
 2 SYSTEMPATH\Database\BaseConnection.php(692): CodeIgniter\Database\MySQLi\Connection->execute('INSERT INTO `employee` (`username`, `password_user`, `name_user`, `job_title`, `address`, `no_telp`, `gender`, `roles`, `evaluator_id`) VALUES (\'alfiziaulhaq\', \'ca\', \'c\', \'c\', \'ac\', \'cas\', \'2\', \'1\', \'0\')')
 3 SYSTEMPATH\Database\BaseConnection.php(606): CodeIgniter\Database\BaseConnection->simpleQuery('INSERT INTO `employee` (`username`, `password_user`, `name_user`, `job_title`, `address`, `no_telp`, `gender`, `roles`, `evaluator_id`) VALUES (\'alfiziaulhaq\', \'ca\', \'c\', \'c\', \'ac\', \'cas\', \'2\', \'1\', \'0\')')
 4 SYSTEMPATH\Database\BaseBuilder.php(2309): CodeIgniter\Database\BaseConnection->query('INSERT INTO `employee` (`username`, `password_user`, `name_user`, `job_title`, `address`, `no_telp`, `gender`, `roles`, `evaluator_id`) VALUES (:username:, :password_user:, :name_user:, :job_title:, :address:, :no_telp:, :gender:, :roles:, :evaluator_id:)', [...], false)
 5 APPPATH\Controllers\admin.php(32): CodeIgniter\Database\BaseBuilder->insert([...])
 6 SYSTEMPATH\CodeIgniter.php(934): App\Controllers\admin->save_employee()
 7 SYSTEMPATH\CodeIgniter.php(499): CodeIgniter\CodeIgniter->runController(Object(App\Controllers\admin))
 8 SYSTEMPATH\CodeIgniter.php(368): CodeIgniter\CodeIgniter->handleRequest(null, Object(Config\Cache), false)
 9 FCPATH\index.php(67): CodeIgniter\CodeIgniter->run()
10 SYSTEMPATH\Commands\Server\rewrite.php(47): require_once('C:\\xampp\\htdocs\\monitoring_1\\public\\index.php')
ERROR - 2023-06-12 16:50:06 --> mysqli_sql_exception: Cannot add or update a child row: a foreign key constraint fails (`monitoring`.`employee`, CONSTRAINT `manager_id` FOREIGN KEY (`evaluator_id`) REFERENCES `employee` (`users_id`)) in C:\xampp\htdocs\monitoring_1\system\Database\MySQLi\Connection.php:295
Stack trace:
#0 C:\xampp\htdocs\monitoring_1\system\Database\MySQLi\Connection.php(295): mysqli->query('INSERT INTO `em...', 0)
#1 C:\xampp\htdocs\monitoring_1\system\Database\BaseConnection.php(692): CodeIgniter\Database\MySQLi\Connection->execute('INSERT INTO `em...')
#2 C:\xampp\htdocs\monitoring_1\system\Database\BaseConnection.php(606): CodeIgniter\Database\BaseConnection->simpleQuery('INSERT INTO `em...')
#3 C:\xampp\htdocs\monitoring_1\system\Database\BaseBuilder.php(2309): CodeIgniter\Database\BaseConnection->query('INSERT INTO `em...', Array, false)
#4 C:\xampp\htdocs\monitoring_1\app\Controllers\admin.php(32): CodeIgniter\Database\BaseBuilder->insert(Array)
#5 C:\xampp\htdocs\monitoring_1\system\CodeIgniter.php(934): App\Controllers\admin->save_employee()
#6 C:\xampp\htdocs\monitoring_1\system\CodeIgniter.php(499): CodeIgniter\CodeIgniter->runController(Object(App\Controllers\admin))
#7 C:\xampp\htdocs\monitoring_1\system\CodeIgniter.php(368): CodeIgniter\CodeIgniter->handleRequest(NULL, Object(Config\Cache), false)
#8 C:\xampp\htdocs\monitoring_1\public\index.php(67): CodeIgniter\CodeIgniter->run()
#9 C:\xampp\htdocs\monitoring_1\system\Commands\Server\rewrite.php(47): require_once('C:\\xampp\\htdocs...')
#10 {main}
CRITICAL - 2023-06-12 16:50:06 --> Cannot add or update a child row: a foreign key constraint fails (`monitoring`.`employee`, CONSTRAINT `manager_id` FOREIGN KEY (`evaluator_id`) REFERENCES `employee` (`users_id`))
in SYSTEMPATH\Database\MySQLi\Connection.php on line 295.
 1 SYSTEMPATH\Database\MySQLi\Connection.php(295): mysqli->query('INSERT INTO `employee` (`username`, `password_user`, `name_user`, `job_title`, `address`, `no_telp`, `gender`, `roles`, `evaluator_id`) VALUES (\'alfiziaulhaq\', \'ca\', \'c\', \'c\', \'ac\', \'cas\', \'2\', \'1\', \'0\')', 0)
 2 SYSTEMPATH\Database\BaseConnection.php(692): CodeIgniter\Database\MySQLi\Connection->execute('INSERT INTO `employee` (`username`, `password_user`, `name_user`, `job_title`, `address`, `no_telp`, `gender`, `roles`, `evaluator_id`) VALUES (\'alfiziaulhaq\', \'ca\', \'c\', \'c\', \'ac\', \'cas\', \'2\', \'1\', \'0\')')
 3 SYSTEMPATH\Database\BaseConnection.php(606): CodeIgniter\Database\BaseConnection->simpleQuery('INSERT INTO `employee` (`username`, `password_user`, `name_user`, `job_title`, `address`, `no_telp`, `gender`, `roles`, `evaluator_id`) VALUES (\'alfiziaulhaq\', \'ca\', \'c\', \'c\', \'ac\', \'cas\', \'2\', \'1\', \'0\')')
 4 SYSTEMPATH\Database\BaseBuilder.php(2309): CodeIgniter\Database\BaseConnection->query('INSERT INTO `employee` (`username`, `password_user`, `name_user`, `job_title`, `address`, `no_telp`, `gender`, `roles`, `evaluator_id`) VALUES (:username:, :password_user:, :name_user:, :job_title:, :address:, :no_telp:, :gender:, :roles:, :evaluator_id:)', [...], false)
 5 APPPATH\Controllers\admin.php(32): CodeIgniter\Database\BaseBuilder->insert([...])
 6 SYSTEMPATH\CodeIgniter.php(934): App\Controllers\admin->save_employee()
 7 SYSTEMPATH\CodeIgniter.php(499): CodeIgniter\CodeIgniter->runController(Object(App\Controllers\admin))
 8 SYSTEMPATH\CodeIgniter.php(368): CodeIgniter\CodeIgniter->handleRequest(null, Object(Config\Cache), false)
 9 FCPATH\index.php(67): CodeIgniter\CodeIgniter->run()
10 SYSTEMPATH\Commands\Server\rewrite.php(47): require_once('C:\\xampp\\htdocs\\monitoring_1\\public\\index.php')
ERROR - 2023-06-12 16:50:32 --> mysqli_sql_exception: Cannot add or update a child row: a foreign key constraint fails (`monitoring`.`employee`, CONSTRAINT `manager_id` FOREIGN KEY (`evaluator_id`) REFERENCES `employee` (`users_id`)) in C:\xampp\htdocs\monitoring_1\system\Database\MySQLi\Connection.php:295
Stack trace:
#0 C:\xampp\htdocs\monitoring_1\system\Database\MySQLi\Connection.php(295): mysqli->query('INSERT INTO `em...', 0)
#1 C:\xampp\htdocs\monitoring_1\system\Database\BaseConnection.php(692): CodeIgniter\Database\MySQLi\Connection->execute('INSERT INTO `em...')
#2 C:\xampp\htdocs\monitoring_1\system\Database\BaseConnection.php(606): CodeIgniter\Database\BaseConnection->simpleQuery('INSERT INTO `em...')
#3 C:\xampp\htdocs\monitoring_1\system\Database\BaseBuilder.php(2309): CodeIgniter\Database\BaseConnection->query('INSERT INTO `em...', Array, false)
#4 C:\xampp\htdocs\monitoring_1\app\Controllers\admin.php(32): CodeIgniter\Database\BaseBuilder->insert(Array)
#5 C:\xampp\htdocs\monitoring_1\system\CodeIgniter.php(934): App\Controllers\admin->save_employee()
#6 C:\xampp\htdocs\monitoring_1\system\CodeIgniter.php(499): CodeIgniter\CodeIgniter->runController(Object(App\Controllers\admin))
#7 C:\xampp\htdocs\monitoring_1\system\CodeIgniter.php(368): CodeIgniter\CodeIgniter->handleRequest(NULL, Object(Config\Cache), false)
#8 C:\xampp\htdocs\monitoring_1\public\index.php(67): CodeIgniter\CodeIgniter->run()
#9 C:\xampp\htdocs\monitoring_1\system\Commands\Server\rewrite.php(47): require_once('C:\\xampp\\htdocs...')
#10 {main}
CRITICAL - 2023-06-12 16:50:32 --> Cannot add or update a child row: a foreign key constraint fails (`monitoring`.`employee`, CONSTRAINT `manager_id` FOREIGN KEY (`evaluator_id`) REFERENCES `employee` (`users_id`))
in SYSTEMPATH\Database\MySQLi\Connection.php on line 295.
 1 SYSTEMPATH\Database\MySQLi\Connection.php(295): mysqli->query('INSERT INTO `employee` (`username`, `password_user`, `name_user`, `job_title`, `address`, `no_telp`, `gender`, `roles`, `evaluator_id`) VALUES (\'alfiziaulhaq\', \'ca\', \'c\', \'c\', \'ac\', \'cas\', \'2\', \'1\', \'0\')', 0)
 2 SYSTEMPATH\Database\BaseConnection.php(692): CodeIgniter\Database\MySQLi\Connection->execute('INSERT INTO `employee` (`username`, `password_user`, `name_user`, `job_title`, `address`, `no_telp`, `gender`, `roles`, `evaluator_id`) VALUES (\'alfiziaulhaq\', \'ca\', \'c\', \'c\', \'ac\', \'cas\', \'2\', \'1\', \'0\')')
 3 SYSTEMPATH\Database\BaseConnection.php(606): CodeIgniter\Database\BaseConnection->simpleQuery('INSERT INTO `employee` (`username`, `password_user`, `name_user`, `job_title`, `address`, `no_telp`, `gender`, `roles`, `evaluator_id`) VALUES (\'alfiziaulhaq\', \'ca\', \'c\', \'c\', \'ac\', \'cas\', \'2\', \'1\', \'0\')')
 4 SYSTEMPATH\Database\BaseBuilder.php(2309): CodeIgniter\Database\BaseConnection->query('INSERT INTO `employee` (`username`, `password_user`, `name_user`, `job_title`, `address`, `no_telp`, `gender`, `roles`, `evaluator_id`) VALUES (:username:, :password_user:, :name_user:, :job_title:, :address:, :no_telp:, :gender:, :roles:, :evaluator_id:)', [...], false)
 5 APPPATH\Controllers\admin.php(32): CodeIgniter\Database\BaseBuilder->insert([...])
 6 SYSTEMPATH\CodeIgniter.php(934): App\Controllers\admin->save_employee()
 7 SYSTEMPATH\CodeIgniter.php(499): CodeIgniter\CodeIgniter->runController(Object(App\Controllers\admin))
 8 SYSTEMPATH\CodeIgniter.php(368): CodeIgniter\CodeIgniter->handleRequest(null, Object(Config\Cache), false)
 9 FCPATH\index.php(67): CodeIgniter\CodeIgniter->run()
10 SYSTEMPATH\Commands\Server\rewrite.php(47): require_once('C:\\xampp\\htdocs\\monitoring_1\\public\\index.php')
ERROR - 2023-06-12 17:11:51 --> mysqli_sql_exception: Cannot add or update a child row: a foreign key constraint fails (`monitoring`.`employee`, CONSTRAINT `manager_id` FOREIGN KEY (`evaluator_id`) REFERENCES `employee` (`users_id`)) in C:\xampp\htdocs\monitoring_1\system\Database\MySQLi\Connection.php:295
Stack trace:
#0 C:\xampp\htdocs\monitoring_1\system\Database\MySQLi\Connection.php(295): mysqli->query('INSERT INTO `em...', 0)
#1 C:\xampp\htdocs\monitoring_1\system\Database\BaseConnection.php(692): CodeIgniter\Database\MySQLi\Connection->execute('INSERT INTO `em...')
#2 C:\xampp\htdocs\monitoring_1\system\Database\BaseConnection.php(606): CodeIgniter\Database\BaseConnection->simpleQuery('INSERT INTO `em...')
#3 C:\xampp\htdocs\monitoring_1\system\Database\BaseBuilder.php(2309): CodeIgniter\Database\BaseConnection->query('INSERT INTO `em...', Array, false)
#4 C:\xampp\htdocs\monitoring_1\app\Controllers\admin.php(32): CodeIgniter\Database\BaseBuilder->insert(Array)
#5 C:\xampp\htdocs\monitoring_1\system\CodeIgniter.php(934): App\Controllers\admin->save_employee()
#6 C:\xampp\htdocs\monitoring_1\system\CodeIgniter.php(499): CodeIgniter\CodeIgniter->runController(Object(App\Controllers\admin))
#7 C:\xampp\htdocs\monitoring_1\system\CodeIgniter.php(368): CodeIgniter\CodeIgniter->handleRequest(NULL, Object(Config\Cache), false)
#8 C:\xampp\htdocs\monitoring_1\public\index.php(67): CodeIgniter\CodeIgniter->run()
#9 C:\xampp\htdocs\monitoring_1\system\Commands\Server\rewrite.php(47): require_once('C:\\xampp\\htdocs...')
#10 {main}
CRITICAL - 2023-06-12 17:11:51 --> Cannot add or update a child row: a foreign key constraint fails (`monitoring`.`employee`, CONSTRAINT `manager_id` FOREIGN KEY (`evaluator_id`) REFERENCES `employee` (`users_id`))
in SYSTEMPATH\Database\MySQLi\Connection.php on line 295.
 1 SYSTEMPATH\Database\MySQLi\Connection.php(295): mysqli->query('INSERT INTO `employee` (`username`, `password_user`, `name_user`, `job_title`, `address`, `no_telp`, `gender`, `roles`, `evaluator_id`) VALUES (\'alfiziaulhaq\', \'asca\', \'c\', \'cas\', \'ac\', \'cas\', \'2\', \'3\', \'\')', 0)
 2 SYSTEMPATH\Database\BaseConnection.php(692): CodeIgniter\Database\MySQLi\Connection->execute('INSERT INTO `employee` (`username`, `password_user`, `name_user`, `job_title`, `address`, `no_telp`, `gender`, `roles`, `evaluator_id`) VALUES (\'alfiziaulhaq\', \'asca\', \'c\', \'cas\', \'ac\', \'cas\', \'2\', \'3\', \'\')')
 3 SYSTEMPATH\Database\BaseConnection.php(606): CodeIgniter\Database\BaseConnection->simpleQuery('INSERT INTO `employee` (`username`, `password_user`, `name_user`, `job_title`, `address`, `no_telp`, `gender`, `roles`, `evaluator_id`) VALUES (\'alfiziaulhaq\', \'asca\', \'c\', \'cas\', \'ac\', \'cas\', \'2\', \'3\', \'\')')
 4 SYSTEMPATH\Database\BaseBuilder.php(2309): CodeIgniter\Database\BaseConnection->query('INSERT INTO `employee` (`username`, `password_user`, `name_user`, `job_title`, `address`, `no_telp`, `gender`, `roles`, `evaluator_id`) VALUES (:username:, :password_user:, :name_user:, :job_title:, :address:, :no_telp:, :gender:, :roles:, :evaluator_id:)', [...], false)
 5 APPPATH\Controllers\admin.php(32): CodeIgniter\Database\BaseBuilder->insert([...])
 6 SYSTEMPATH\CodeIgniter.php(934): App\Controllers\admin->save_employee()
 7 SYSTEMPATH\CodeIgniter.php(499): CodeIgniter\CodeIgniter->runController(Object(App\Controllers\admin))
 8 SYSTEMPATH\CodeIgniter.php(368): CodeIgniter\CodeIgniter->handleRequest(null, Object(Config\Cache), false)
 9 FCPATH\index.php(67): CodeIgniter\CodeIgniter->run()
10 SYSTEMPATH\Commands\Server\rewrite.php(47): require_once('C:\\xampp\\htdocs\\monitoring_1\\public\\index.php')
ERROR - 2023-06-12 17:14:59 --> mysqli_sql_exception: Cannot add or update a child row: a foreign key constraint fails (`monitoring`.`employee`, CONSTRAINT `manager_id` FOREIGN KEY (`evaluator_id`) REFERENCES `employee` (`users_id`)) in C:\xampp\htdocs\monitoring_1\system\Database\MySQLi\Connection.php:295
Stack trace:
#0 C:\xampp\htdocs\monitoring_1\system\Database\MySQLi\Connection.php(295): mysqli->query('INSERT INTO `em...', 0)
#1 C:\xampp\htdocs\monitoring_1\system\Database\BaseConnection.php(692): CodeIgniter\Database\MySQLi\Connection->execute('INSERT INTO `em...')
#2 C:\xampp\htdocs\monitoring_1\system\Database\BaseConnection.php(606): CodeIgniter\Database\BaseConnection->simpleQuery('INSERT INTO `em...')
#3 C:\xampp\htdocs\monitoring_1\system\Database\BaseBuilder.php(2309): CodeIgniter\Database\BaseConnection->query('INSERT INTO `em...', Array, false)
#4 C:\xampp\htdocs\monitoring_1\app\Controllers\admin.php(32): CodeIgniter\Database\BaseBuilder->insert(Array)
#5 C:\xampp\htdocs\monitoring_1\system\CodeIgniter.php(934): App\Controllers\admin->save_employee()
#6 C:\xampp\htdocs\monitoring_1\system\CodeIgniter.php(499): CodeIgniter\CodeIgniter->runController(Object(App\Controllers\admin))
#7 C:\xampp\htdocs\monitoring_1\system\CodeIgniter.php(368): CodeIgniter\CodeIgniter->handleRequest(NULL, Object(Config\Cache), false)
#8 C:\xampp\htdocs\monitoring_1\public\index.php(67): CodeIgniter\CodeIgniter->run()
#9 C:\xampp\htdocs\monitoring_1\system\Commands\Server\rewrite.php(47): require_once('C:\\xampp\\htdocs...')
#10 {main}
CRITICAL - 2023-06-12 17:14:59 --> Cannot add or update a child row: a foreign key constraint fails (`monitoring`.`employee`, CONSTRAINT `manager_id` FOREIGN KEY (`evaluator_id`) REFERENCES `employee` (`users_id`))
in SYSTEMPATH\Database\MySQLi\Connection.php on line 295.
 1 SYSTEMPATH\Database\MySQLi\Connection.php(295): mysqli->query('INSERT INTO `employee` (`username`, `password_user`, `name_user`, `job_title`, `address`, `no_telp`, `gender`, `roles`, `evaluator_id`) VALUES (\'alfiziaulhaq\', \'asca\', \'c\', \'cas\', \'ac\', \'cas\', \'2\', \'3\', \'\')', 0)
 2 SYSTEMPATH\Database\BaseConnection.php(692): CodeIgniter\Database\MySQLi\Connection->execute('INSERT INTO `employee` (`username`, `password_user`, `name_user`, `job_title`, `address`, `no_telp`, `gender`, `roles`, `evaluator_id`) VALUES (\'alfiziaulhaq\', \'asca\', \'c\', \'cas\', \'ac\', \'cas\', \'2\', \'3\', \'\')')
 3 SYSTEMPATH\Database\BaseConnection.php(606): CodeIgniter\Database\BaseConnection->simpleQuery('INSERT INTO `employee` (`username`, `password_user`, `name_user`, `job_title`, `address`, `no_telp`, `gender`, `roles`, `evaluator_id`) VALUES (\'alfiziaulhaq\', \'asca\', \'c\', \'cas\', \'ac\', \'cas\', \'2\', \'3\', \'\')')
 4 SYSTEMPATH\Database\BaseBuilder.php(2309): CodeIgniter\Database\BaseConnection->query('INSERT INTO `employee` (`username`, `password_user`, `name_user`, `job_title`, `address`, `no_telp`, `gender`, `roles`, `evaluator_id`) VALUES (:username:, :password_user:, :name_user:, :job_title:, :address:, :no_telp:, :gender:, :roles:, :evaluator_id:)', [...], false)
 5 APPPATH\Controllers\admin.php(32): CodeIgniter\Database\BaseBuilder->insert([...])
 6 SYSTEMPATH\CodeIgniter.php(934): App\Controllers\admin->save_employee()
 7 SYSTEMPATH\CodeIgniter.php(499): CodeIgniter\CodeIgniter->runController(Object(App\Controllers\admin))
 8 SYSTEMPATH\CodeIgniter.php(368): CodeIgniter\CodeIgniter->handleRequest(null, Object(Config\Cache), false)
 9 FCPATH\index.php(67): CodeIgniter\CodeIgniter->run()
10 SYSTEMPATH\Commands\Server\rewrite.php(47): require_once('C:\\xampp\\htdocs\\monitoring_1\\public\\index.php')
ERROR - 2023-06-12 17:16:46 --> mysqli_sql_exception: Cannot add or update a child row: a foreign key constraint fails (`monitoring`.`employee`, CONSTRAINT `manager_id` FOREIGN KEY (`evaluator_id`) REFERENCES `employee` (`users_id`)) in C:\xampp\htdocs\monitoring_1\system\Database\MySQLi\Connection.php:295
Stack trace:
#0 C:\xampp\htdocs\monitoring_1\system\Database\MySQLi\Connection.php(295): mysqli->query('INSERT INTO `em...', 0)
#1 C:\xampp\htdocs\monitoring_1\system\Database\BaseConnection.php(692): CodeIgniter\Database\MySQLi\Connection->execute('INSERT INTO `em...')
#2 C:\xampp\htdocs\monitoring_1\system\Database\BaseConnection.php(606): CodeIgniter\Database\BaseConnection->simpleQuery('INSERT INTO `em...')
#3 C:\xampp\htdocs\monitoring_1\system\Database\BaseBuilder.php(2309): CodeIgniter\Database\BaseConnection->query('INSERT INTO `em...', Array, false)
#4 C:\xampp\htdocs\monitoring_1\app\Controllers\admin.php(32): CodeIgniter\Database\BaseBuilder->insert(Array)
#5 C:\xampp\htdocs\monitoring_1\system\CodeIgniter.php(934): App\Controllers\admin->save_employee()
#6 C:\xampp\htdocs\monitoring_1\system\CodeIgniter.php(499): CodeIgniter\CodeIgniter->runController(Object(App\Controllers\admin))
#7 C:\xampp\htdocs\monitoring_1\system\CodeIgniter.php(368): CodeIgniter\CodeIgniter->handleRequest(NULL, Object(Config\Cache), false)
#8 C:\xampp\htdocs\monitoring_1\public\index.php(67): CodeIgniter\CodeIgniter->run()
#9 C:\xampp\htdocs\monitoring_1\system\Commands\Server\rewrite.php(47): require_once('C:\\xampp\\htdocs...')
#10 {main}
CRITICAL - 2023-06-12 17:16:46 --> Cannot add or update a child row: a foreign key constraint fails (`monitoring`.`employee`, CONSTRAINT `manager_id` FOREIGN KEY (`evaluator_id`) REFERENCES `employee` (`users_id`))
in SYSTEMPATH\Database\MySQLi\Connection.php on line 295.
 1 SYSTEMPATH\Database\MySQLi\Connection.php(295): mysqli->query('INSERT INTO `employee` (`username`, `password_user`, `name_user`, `job_title`, `address`, `no_telp`, `gender`, `roles`, `evaluator_id`) VALUES (\'alfiziaulhaq\', \'asca\', \'c\', \'cas\', \'ac\', \'cas\', \'2\', \'3\', \'\')', 0)
 2 SYSTEMPATH\Database\BaseConnection.php(692): CodeIgniter\Database\MySQLi\Connection->execute('INSERT INTO `employee` (`username`, `password_user`, `name_user`, `job_title`, `address`, `no_telp`, `gender`, `roles`, `evaluator_id`) VALUES (\'alfiziaulhaq\', \'asca\', \'c\', \'cas\', \'ac\', \'cas\', \'2\', \'3\', \'\')')
 3 SYSTEMPATH\Database\BaseConnection.php(606): CodeIgniter\Database\BaseConnection->simpleQuery('INSERT INTO `employee` (`username`, `password_user`, `name_user`, `job_title`, `address`, `no_telp`, `gender`, `roles`, `evaluator_id`) VALUES (\'alfiziaulhaq\', \'asca\', \'c\', \'cas\', \'ac\', \'cas\', \'2\', \'3\', \'\')')
 4 SYSTEMPATH\Database\BaseBuilder.php(2309): CodeIgniter\Database\BaseConnection->query('INSERT INTO `employee` (`username`, `password_user`, `name_user`, `job_title`, `address`, `no_telp`, `gender`, `roles`, `evaluator_id`) VALUES (:username:, :password_user:, :name_user:, :job_title:, :address:, :no_telp:, :gender:, :roles:, :evaluator_id:)', [...], false)
 5 APPPATH\Controllers\admin.php(32): CodeIgniter\Database\BaseBuilder->insert([...])
 6 SYSTEMPATH\CodeIgniter.php(934): App\Controllers\admin->save_employee()
 7 SYSTEMPATH\CodeIgniter.php(499): CodeIgniter\CodeIgniter->runController(Object(App\Controllers\admin))
 8 SYSTEMPATH\CodeIgniter.php(368): CodeIgniter\CodeIgniter->handleRequest(null, Object(Config\Cache), false)
 9 FCPATH\index.php(67): CodeIgniter\CodeIgniter->run()
10 SYSTEMPATH\Commands\Server\rewrite.php(47): require_once('C:\\xampp\\htdocs\\monitoring_1\\public\\index.php')
ERROR - 2023-06-12 17:17:09 --> mysqli_sql_exception: Cannot add or update a child row: a foreign key constraint fails (`monitoring`.`employee`, CONSTRAINT `manager_id` FOREIGN KEY (`evaluator_id`) REFERENCES `employee` (`users_id`)) in C:\xampp\htdocs\monitoring_1\system\Database\MySQLi\Connection.php:295
Stack trace:
#0 C:\xampp\htdocs\monitoring_1\system\Database\MySQLi\Connection.php(295): mysqli->query('INSERT INTO `em...', 0)
#1 C:\xampp\htdocs\monitoring_1\system\Database\BaseConnection.php(692): CodeIgniter\Database\MySQLi\Connection->execute('INSERT INTO `em...')
#2 C:\xampp\htdocs\monitoring_1\system\Database\BaseConnection.php(606): CodeIgniter\Database\BaseConnection->simpleQuery('INSERT INTO `em...')
#3 C:\xampp\htdocs\monitoring_1\system\Database\BaseBuilder.php(2309): CodeIgniter\Database\BaseConnection->query('INSERT INTO `em...', Array, false)
#4 C:\xampp\htdocs\monitoring_1\app\Controllers\admin.php(32): CodeIgniter\Database\BaseBuilder->insert(Array)
#5 C:\xampp\htdocs\monitoring_1\system\CodeIgniter.php(934): App\Controllers\admin->save_employee()
#6 C:\xampp\htdocs\monitoring_1\system\CodeIgniter.php(499): CodeIgniter\CodeIgniter->runController(Object(App\Controllers\admin))
#7 C:\xampp\htdocs\monitoring_1\system\CodeIgniter.php(368): CodeIgniter\CodeIgniter->handleRequest(NULL, Object(Config\Cache), false)
#8 C:\xampp\htdocs\monitoring_1\public\index.php(67): CodeIgniter\CodeIgniter->run()
#9 C:\xampp\htdocs\monitoring_1\system\Commands\Server\rewrite.php(47): require_once('C:\\xampp\\htdocs...')
#10 {main}
CRITICAL - 2023-06-12 17:17:09 --> Cannot add or update a child row: a foreign key constraint fails (`monitoring`.`employee`, CONSTRAINT `manager_id` FOREIGN KEY (`evaluator_id`) REFERENCES `employee` (`users_id`))
in SYSTEMPATH\Database\MySQLi\Connection.php on line 295.
 1 SYSTEMPATH\Database\MySQLi\Connection.php(295): mysqli->query('INSERT INTO `employee` (`username`, `password_user`, `name_user`, `job_title`, `address`, `no_telp`, `gender`, `roles`, `evaluator_id`) VALUES (\'alfiziaulhaq\', \'asca\', \'c\', \'cas\', \'ac\', \'cas\', \'2\', \'3\', \'\')', 0)
 2 SYSTEMPATH\Database\BaseConnection.php(692): CodeIgniter\Database\MySQLi\Connection->execute('INSERT INTO `employee` (`username`, `password_user`, `name_user`, `job_title`, `address`, `no_telp`, `gender`, `roles`, `evaluator_id`) VALUES (\'alfiziaulhaq\', \'asca\', \'c\', \'cas\', \'ac\', \'cas\', \'2\', \'3\', \'\')')
 3 SYSTEMPATH\Database\BaseConnection.php(606): CodeIgniter\Database\BaseConnection->simpleQuery('INSERT INTO `employee` (`username`, `password_user`, `name_user`, `job_title`, `address`, `no_telp`, `gender`, `roles`, `evaluator_id`) VALUES (\'alfiziaulhaq\', \'asca\', \'c\', \'cas\', \'ac\', \'cas\', \'2\', \'3\', \'\')')
 4 SYSTEMPATH\Database\BaseBuilder.php(2309): CodeIgniter\Database\BaseConnection->query('INSERT INTO `employee` (`username`, `password_user`, `name_user`, `job_title`, `address`, `no_telp`, `gender`, `roles`, `evaluator_id`) VALUES (:username:, :password_user:, :name_user:, :job_title:, :address:, :no_telp:, :gender:, :roles:, :evaluator_id:)', [...], false)
 5 APPPATH\Controllers\admin.php(32): CodeIgniter\Database\BaseBuilder->insert([...])
 6 SYSTEMPATH\CodeIgniter.php(934): App\Controllers\admin->save_employee()
 7 SYSTEMPATH\CodeIgniter.php(499): CodeIgniter\CodeIgniter->runController(Object(App\Controllers\admin))
 8 SYSTEMPATH\CodeIgniter.php(368): CodeIgniter\CodeIgniter->handleRequest(null, Object(Config\Cache), false)
 9 FCPATH\index.php(67): CodeIgniter\CodeIgniter->run()
10 SYSTEMPATH\Commands\Server\rewrite.php(47): require_once('C:\\xampp\\htdocs\\monitoring_1\\public\\index.php')
ERROR - 2023-06-12 17:17:15 --> mysqli_sql_exception: Cannot add or update a child row: a foreign key constraint fails (`monitoring`.`employee`, CONSTRAINT `manager_id` FOREIGN KEY (`evaluator_id`) REFERENCES `employee` (`users_id`)) in C:\xampp\htdocs\monitoring_1\system\Database\MySQLi\Connection.php:295
Stack trace:
#0 C:\xampp\htdocs\monitoring_1\system\Database\MySQLi\Connection.php(295): mysqli->query('INSERT INTO `em...', 0)
#1 C:\xampp\htdocs\monitoring_1\system\Database\BaseConnection.php(692): CodeIgniter\Database\MySQLi\Connection->execute('INSERT INTO `em...')
#2 C:\xampp\htdocs\monitoring_1\system\Database\BaseConnection.php(606): CodeIgniter\Database\BaseConnection->simpleQuery('INSERT INTO `em...')
#3 C:\xampp\htdocs\monitoring_1\system\Database\BaseBuilder.php(2309): CodeIgniter\Database\BaseConnection->query('INSERT INTO `em...', Array, false)
#4 C:\xampp\htdocs\monitoring_1\app\Controllers\admin.php(32): CodeIgniter\Database\BaseBuilder->insert(Array)
#5 C:\xampp\htdocs\monitoring_1\system\CodeIgniter.php(934): App\Controllers\admin->save_employee()
#6 C:\xampp\htdocs\monitoring_1\system\CodeIgniter.php(499): CodeIgniter\CodeIgniter->runController(Object(App\Controllers\admin))
#7 C:\xampp\htdocs\monitoring_1\system\CodeIgniter.php(368): CodeIgniter\CodeIgniter->handleRequest(NULL, Object(Config\Cache), false)
#8 C:\xampp\htdocs\monitoring_1\public\index.php(67): CodeIgniter\CodeIgniter->run()
#9 C:\xampp\htdocs\monitoring_1\system\Commands\Server\rewrite.php(47): require_once('C:\\xampp\\htdocs...')
#10 {main}
CRITICAL - 2023-06-12 17:17:15 --> Cannot add or update a child row: a foreign key constraint fails (`monitoring`.`employee`, CONSTRAINT `manager_id` FOREIGN KEY (`evaluator_id`) REFERENCES `employee` (`users_id`))
in SYSTEMPATH\Database\MySQLi\Connection.php on line 295.
 1 SYSTEMPATH\Database\MySQLi\Connection.php(295): mysqli->query('INSERT INTO `employee` (`username`, `password_user`, `name_user`, `job_title`, `address`, `no_telp`, `gender`, `roles`, `evaluator_id`) VALUES (\'alfiziaulhaq\', \'asca\', \'c\', \'cas\', \'ac\', \'cas\', \'2\', \'3\', \'\')', 0)
 2 SYSTEMPATH\Database\BaseConnection.php(692): CodeIgniter\Database\MySQLi\Connection->execute('INSERT INTO `employee` (`username`, `password_user`, `name_user`, `job_title`, `address`, `no_telp`, `gender`, `roles`, `evaluator_id`) VALUES (\'alfiziaulhaq\', \'asca\', \'c\', \'cas\', \'ac\', \'cas\', \'2\', \'3\', \'\')')
 3 SYSTEMPATH\Database\BaseConnection.php(606): CodeIgniter\Database\BaseConnection->simpleQuery('INSERT INTO `employee` (`username`, `password_user`, `name_user`, `job_title`, `address`, `no_telp`, `gender`, `roles`, `evaluator_id`) VALUES (\'alfiziaulhaq\', \'asca\', \'c\', \'cas\', \'ac\', \'cas\', \'2\', \'3\', \'\')')
 4 SYSTEMPATH\Database\BaseBuilder.php(2309): CodeIgniter\Database\BaseConnection->query('INSERT INTO `employee` (`username`, `password_user`, `name_user`, `job_title`, `address`, `no_telp`, `gender`, `roles`, `evaluator_id`) VALUES (:username:, :password_user:, :name_user:, :job_title:, :address:, :no_telp:, :gender:, :roles:, :evaluator_id:)', [...], false)
 5 APPPATH\Controllers\admin.php(32): CodeIgniter\Database\BaseBuilder->insert([...])
 6 SYSTEMPATH\CodeIgniter.php(934): App\Controllers\admin->save_employee()
 7 SYSTEMPATH\CodeIgniter.php(499): CodeIgniter\CodeIgniter->runController(Object(App\Controllers\admin))
 8 SYSTEMPATH\CodeIgniter.php(368): CodeIgniter\CodeIgniter->handleRequest(null, Object(Config\Cache), false)
 9 FCPATH\index.php(67): CodeIgniter\CodeIgniter->run()
10 SYSTEMPATH\Commands\Server\rewrite.php(47): require_once('C:\\xampp\\htdocs\\monitoring_1\\public\\index.php')
ERROR - 2023-06-12 17:17:47 --> mysqli_sql_exception: Cannot add or update a child row: a foreign key constraint fails (`monitoring`.`employee`, CONSTRAINT `manager_id` FOREIGN KEY (`evaluator_id`) REFERENCES `employee` (`users_id`)) in C:\xampp\htdocs\monitoring_1\system\Database\MySQLi\Connection.php:295
Stack trace:
#0 C:\xampp\htdocs\monitoring_1\system\Database\MySQLi\Connection.php(295): mysqli->query('INSERT INTO `em...', 0)
#1 C:\xampp\htdocs\monitoring_1\system\Database\BaseConnection.php(692): CodeIgniter\Database\MySQLi\Connection->execute('INSERT INTO `em...')
#2 C:\xampp\htdocs\monitoring_1\system\Database\BaseConnection.php(606): CodeIgniter\Database\BaseConnection->simpleQuery('INSERT INTO `em...')
#3 C:\xampp\htdocs\monitoring_1\system\Database\BaseBuilder.php(2309): CodeIgniter\Database\BaseConnection->query('INSERT INTO `em...', Array, false)
#4 C:\xampp\htdocs\monitoring_1\app\Controllers\admin.php(32): CodeIgniter\Database\BaseBuilder->insert(Array)
#5 C:\xampp\htdocs\monitoring_1\system\CodeIgniter.php(934): App\Controllers\admin->save_employee()
#6 C:\xampp\htdocs\monitoring_1\system\CodeIgniter.php(499): CodeIgniter\CodeIgniter->runController(Object(App\Controllers\admin))
#7 C:\xampp\htdocs\monitoring_1\system\CodeIgniter.php(368): CodeIgniter\CodeIgniter->handleRequest(NULL, Object(Config\Cache), false)
#8 C:\xampp\htdocs\monitoring_1\public\index.php(67): CodeIgniter\CodeIgniter->run()
#9 C:\xampp\htdocs\monitoring_1\system\Commands\Server\rewrite.php(47): require_once('C:\\xampp\\htdocs...')
#10 {main}
CRITICAL - 2023-06-12 17:17:47 --> Cannot add or update a child row: a foreign key constraint fails (`monitoring`.`employee`, CONSTRAINT `manager_id` FOREIGN KEY (`evaluator_id`) REFERENCES `employee` (`users_id`))
in SYSTEMPATH\Database\MySQLi\Connection.php on line 295.
 1 SYSTEMPATH\Database\MySQLi\Connection.php(295): mysqli->query('INSERT INTO `employee` (`username`, `password_user`, `name_user`, `job_title`, `address`, `no_telp`, `gender`, `roles`, `evaluator_id`) VALUES (\'alfiziaulhaq\', \'asca\', \'c\', \'cas\', \'ac\', \'cas\', \'2\', \'3\', \'\')', 0)
 2 SYSTEMPATH\Database\BaseConnection.php(692): CodeIgniter\Database\MySQLi\Connection->execute('INSERT INTO `employee` (`username`, `password_user`, `name_user`, `job_title`, `address`, `no_telp`, `gender`, `roles`, `evaluator_id`) VALUES (\'alfiziaulhaq\', \'asca\', \'c\', \'cas\', \'ac\', \'cas\', \'2\', \'3\', \'\')')
 3 SYSTEMPATH\Database\BaseConnection.php(606): CodeIgniter\Database\BaseConnection->simpleQuery('INSERT INTO `employee` (`username`, `password_user`, `name_user`, `job_title`, `address`, `no_telp`, `gender`, `roles`, `evaluator_id`) VALUES (\'alfiziaulhaq\', \'asca\', \'c\', \'cas\', \'ac\', \'cas\', \'2\', \'3\', \'\')')
 4 SYSTEMPATH\Database\BaseBuilder.php(2309): CodeIgniter\Database\BaseConnection->query('INSERT INTO `employee` (`username`, `password_user`, `name_user`, `job_title`, `address`, `no_telp`, `gender`, `roles`, `evaluator_id`) VALUES (:username:, :password_user:, :name_user:, :job_title:, :address:, :no_telp:, :gender:, :roles:, :evaluator_id:)', [...], false)
 5 APPPATH\Controllers\admin.php(32): CodeIgniter\Database\BaseBuilder->insert([...])
 6 SYSTEMPATH\CodeIgniter.php(934): App\Controllers\admin->save_employee()
 7 SYSTEMPATH\CodeIgniter.php(499): CodeIgniter\CodeIgniter->runController(Object(App\Controllers\admin))
 8 SYSTEMPATH\CodeIgniter.php(368): CodeIgniter\CodeIgniter->handleRequest(null, Object(Config\Cache), false)
 9 FCPATH\index.php(67): CodeIgniter\CodeIgniter->run()
10 SYSTEMPATH\Commands\Server\rewrite.php(47): require_once('C:\\xampp\\htdocs\\monitoring_1\\public\\index.php')
CRITICAL - 2023-06-12 17:25:39 --> Trying to access array offset on value of type int
in APPPATH\Views\admin\add_employee.php on line 77.
 1 APPPATH\Views\admin\add_employee.php(77): CodeIgniter\Debug\Exceptions->errorHandler(2, 'Trying to access array offset on value of type int', 'C:\\xampp\\htdocs\\monitoring_1\\app\\Views\\admin\\add_employee.php', 77)
 2 SYSTEMPATH\View\View.php(213): include('C:\\xampp\\htdocs\\monitoring_1\\app\\Views\\admin\\add_employee.php')
 3 SYSTEMPATH\View\View.php(216): CodeIgniter\View\View->CodeIgniter\View\{closure}()
 4 SYSTEMPATH\Common.php(1184): CodeIgniter\View\View->render('admin/add_employee', [], true)
 5 APPPATH\Controllers\admin.php(28): view('admin/add_employee', [...])
 6 SYSTEMPATH\CodeIgniter.php(934): App\Controllers\admin->add_employee()
 7 SYSTEMPATH\CodeIgniter.php(499): CodeIgniter\CodeIgniter->runController(Object(App\Controllers\admin))
 8 SYSTEMPATH\CodeIgniter.php(368): CodeIgniter\CodeIgniter->handleRequest(null, Object(Config\Cache), false)
 9 FCPATH\index.php(67): CodeIgniter\CodeIgniter->run()
10 SYSTEMPATH\Commands\Server\rewrite.php(47): require_once('C:\\xampp\\htdocs\\monitoring_1\\public\\index.php')
CRITICAL - 2023-06-12 17:27:01 --> Array to string conversion
in APPPATH\Views\admin\add_employee.php on line 75.
 1 APPPATH\Views\admin\add_employee.php(75): CodeIgniter\Debug\Exceptions->errorHandler(2, 'Array to string conversion', 'C:\\xampp\\htdocs\\monitoring_1\\app\\Views\\admin\\add_employee.php', 75)
 2 SYSTEMPATH\View\View.php(213): include('C:\\xampp\\htdocs\\monitoring_1\\app\\Views\\admin\\add_employee.php')
 3 SYSTEMPATH\View\View.php(216): CodeIgniter\View\View->CodeIgniter\View\{closure}()
 4 SYSTEMPATH\Common.php(1184): CodeIgniter\View\View->render('admin/add_employee', [], true)
 5 APPPATH\Controllers\admin.php(28): view('admin/add_employee', [...])
 6 SYSTEMPATH\CodeIgniter.php(934): App\Controllers\admin->add_employee()
 7 SYSTEMPATH\CodeIgniter.php(499): CodeIgniter\CodeIgniter->runController(Object(App\Controllers\admin))
 8 SYSTEMPATH\CodeIgniter.php(368): CodeIgniter\CodeIgniter->handleRequest(null, Object(Config\Cache), false)
 9 FCPATH\index.php(67): CodeIgniter\CodeIgniter->run()
10 SYSTEMPATH\Commands\Server\rewrite.php(47): require_once('C:\\xampp\\htdocs\\monitoring_1\\public\\index.php')
CRITICAL - 2023-06-12 17:27:18 --> Array to string conversion
in APPPATH\Views\admin\add_employee.php on line 75.
 1 APPPATH\Views\admin\add_employee.php(75): CodeIgniter\Debug\Exceptions->errorHandler(2, 'Array to string conversion', 'C:\\xampp\\htdocs\\monitoring_1\\app\\Views\\admin\\add_employee.php', 75)
 2 SYSTEMPATH\View\View.php(213): include('C:\\xampp\\htdocs\\monitoring_1\\app\\Views\\admin\\add_employee.php')
 3 SYSTEMPATH\View\View.php(216): CodeIgniter\View\View->CodeIgniter\View\{closure}()
 4 SYSTEMPATH\Common.php(1184): CodeIgniter\View\View->render('admin/add_employee', [], true)
 5 APPPATH\Controllers\admin.php(28): view('admin/add_employee', [...])
 6 SYSTEMPATH\CodeIgniter.php(934): App\Controllers\admin->add_employee()
 7 SYSTEMPATH\CodeIgniter.php(499): CodeIgniter\CodeIgniter->runController(Object(App\Controllers\admin))
 8 SYSTEMPATH\CodeIgniter.php(368): CodeIgniter\CodeIgniter->handleRequest(null, Object(Config\Cache), false)
 9 FCPATH\index.php(67): CodeIgniter\CodeIgniter->run()
10 SYSTEMPATH\Commands\Server\rewrite.php(47): require_once('C:\\xampp\\htdocs\\monitoring_1\\public\\index.php')
CRITICAL - 2023-06-12 17:27:20 --> Array to string conversion
in APPPATH\Views\admin\add_employee.php on line 75.
 1 APPPATH\Views\admin\add_employee.php(75): CodeIgniter\Debug\Exceptions->errorHandler(2, 'Array to string conversion', 'C:\\xampp\\htdocs\\monitoring_1\\app\\Views\\admin\\add_employee.php', 75)
 2 SYSTEMPATH\View\View.php(213): include('C:\\xampp\\htdocs\\monitoring_1\\app\\Views\\admin\\add_employee.php')
 3 SYSTEMPATH\View\View.php(216): CodeIgniter\View\View->CodeIgniter\View\{closure}()
 4 SYSTEMPATH\Common.php(1184): CodeIgniter\View\View->render('admin/add_employee', [], true)
 5 APPPATH\Controllers\admin.php(28): view('admin/add_employee', [...])
 6 SYSTEMPATH\CodeIgniter.php(934): App\Controllers\admin->add_employee()
 7 SYSTEMPATH\CodeIgniter.php(499): CodeIgniter\CodeIgniter->runController(Object(App\Controllers\admin))
 8 SYSTEMPATH\CodeIgniter.php(368): CodeIgniter\CodeIgniter->handleRequest(null, Object(Config\Cache), false)
 9 FCPATH\index.php(67): CodeIgniter\CodeIgniter->run()
10 SYSTEMPATH\Commands\Server\rewrite.php(47): require_once('C:\\xampp\\htdocs\\monitoring_1\\public\\index.php')
ERROR - 2023-06-12 17:27:49 --> mysqli_sql_exception: Cannot add or update a child row: a foreign key constraint fails (`monitoring`.`employee`, CONSTRAINT `manager_id` FOREIGN KEY (`evaluator_id`) REFERENCES `employee` (`users_id`)) in C:\xampp\htdocs\monitoring_1\system\Database\MySQLi\Connection.php:295
Stack trace:
#0 C:\xampp\htdocs\monitoring_1\system\Database\MySQLi\Connection.php(295): mysqli->query('INSERT INTO `em...', 0)
#1 C:\xampp\htdocs\monitoring_1\system\Database\BaseConnection.php(692): CodeIgniter\Database\MySQLi\Connection->execute('INSERT INTO `em...')
#2 C:\xampp\htdocs\monitoring_1\system\Database\BaseConnection.php(606): CodeIgniter\Database\BaseConnection->simpleQuery('INSERT INTO `em...')
#3 C:\xampp\htdocs\monitoring_1\system\Database\BaseBuilder.php(2309): CodeIgniter\Database\BaseConnection->query('INSERT INTO `em...', Array, false)
#4 C:\xampp\htdocs\monitoring_1\app\Controllers\admin.php(32): CodeIgniter\Database\BaseBuilder->insert(Array)
#5 C:\xampp\htdocs\monitoring_1\system\CodeIgniter.php(934): App\Controllers\admin->save_employee()
#6 C:\xampp\htdocs\monitoring_1\system\CodeIgniter.php(499): CodeIgniter\CodeIgniter->runController(Object(App\Controllers\admin))
#7 C:\xampp\htdocs\monitoring_1\system\CodeIgniter.php(368): CodeIgniter\CodeIgniter->handleRequest(NULL, Object(Config\Cache), false)
#8 C:\xampp\htdocs\monitoring_1\public\index.php(67): CodeIgniter\CodeIgniter->run()
#9 C:\xampp\htdocs\monitoring_1\system\Commands\Server\rewrite.php(47): require_once('C:\\xampp\\htdocs...')
#10 {main}
CRITICAL - 2023-06-12 17:27:49 --> Cannot add or update a child row: a foreign key constraint fails (`monitoring`.`employee`, CONSTRAINT `manager_id` FOREIGN KEY (`evaluator_id`) REFERENCES `employee` (`users_id`))
in SYSTEMPATH\Database\MySQLi\Connection.php on line 295.
 1 SYSTEMPATH\Database\MySQLi\Connection.php(295): mysqli->query('INSERT INTO `employee` (`username`, `password_user`, `name_user`, `job_title`, `address`, `no_telp`, `evaluator_id`) VALUES (\'developer\', \'asca\', \'c\', \'\', \'\', \'\', \'\')', 0)
 2 SYSTEMPATH\Database\BaseConnection.php(692): CodeIgniter\Database\MySQLi\Connection->execute('INSERT INTO `employee` (`username`, `password_user`, `name_user`, `job_title`, `address`, `no_telp`, `evaluator_id`) VALUES (\'developer\', \'asca\', \'c\', \'\', \'\', \'\', \'\')')
 3 SYSTEMPATH\Database\BaseConnection.php(606): CodeIgniter\Database\BaseConnection->simpleQuery('INSERT INTO `employee` (`username`, `password_user`, `name_user`, `job_title`, `address`, `no_telp`, `evaluator_id`) VALUES (\'developer\', \'asca\', \'c\', \'\', \'\', \'\', \'\')')
 4 SYSTEMPATH\Database\BaseBuilder.php(2309): CodeIgniter\Database\BaseConnection->query('INSERT INTO `employee` (`username`, `password_user`, `name_user`, `job_title`, `address`, `no_telp`, `evaluator_id`) VALUES (:username:, :password_user:, :name_user:, :job_title:, :address:, :no_telp:, :evaluator_id:)', [...], false)
 5 APPPATH\Controllers\admin.php(32): CodeIgniter\Database\BaseBuilder->insert([...])
 6 SYSTEMPATH\CodeIgniter.php(934): App\Controllers\admin->save_employee()
 7 SYSTEMPATH\CodeIgniter.php(499): CodeIgniter\CodeIgniter->runController(Object(App\Controllers\admin))
 8 SYSTEMPATH\CodeIgniter.php(368): CodeIgniter\CodeIgniter->handleRequest(null, Object(Config\Cache), false)
 9 FCPATH\index.php(67): CodeIgniter\CodeIgniter->run()
10 SYSTEMPATH\Commands\Server\rewrite.php(47): require_once('C:\\xampp\\htdocs\\monitoring_1\\public\\index.php')
ERROR - 2023-06-12 18:15:15 --> mysqli_sql_exception: Unknown column 'password' in 'field list' in C:\xampp\htdocs\monitoring_1\system\Database\MySQLi\Connection.php:295
Stack trace:
#0 C:\xampp\htdocs\monitoring_1\system\Database\MySQLi\Connection.php(295): mysqli->query('INSERT INTO `em...', 0)
#1 C:\xampp\htdocs\monitoring_1\system\Database\BaseConnection.php(692): CodeIgniter\Database\MySQLi\Connection->execute('INSERT INTO `em...')
#2 C:\xampp\htdocs\monitoring_1\system\Database\BaseConnection.php(606): CodeIgniter\Database\BaseConnection->simpleQuery('INSERT INTO `em...')
#3 C:\xampp\htdocs\monitoring_1\system\Database\BaseBuilder.php(2309): CodeIgniter\Database\BaseConnection->query('INSERT INTO `em...', Array, false)
#4 C:\xampp\htdocs\monitoring_1\app\Controllers\admin.php(46): CodeIgniter\Database\BaseBuilder->insert(Array)
#5 C:\xampp\htdocs\monitoring_1\system\CodeIgniter.php(934): App\Controllers\admin->save_employee()
#6 C:\xampp\htdocs\monitoring_1\system\CodeIgniter.php(499): CodeIgniter\CodeIgniter->runController(Object(App\Controllers\admin))
#7 C:\xampp\htdocs\monitoring_1\system\CodeIgniter.php(368): CodeIgniter\CodeIgniter->handleRequest(NULL, Object(Config\Cache), false)
#8 C:\xampp\htdocs\monitoring_1\public\index.php(67): CodeIgniter\CodeIgniter->run()
#9 C:\xampp\htdocs\monitoring_1\system\Commands\Server\rewrite.php(47): require_once('C:\\xampp\\htdocs...')
#10 {main}
CRITICAL - 2023-06-12 18:15:15 --> Unknown column 'password' in 'field list'
in SYSTEMPATH\Database\MySQLi\Connection.php on line 295.
 1 SYSTEMPATH\Database\MySQLi\Connection.php(295): mysqli->query('INSERT INTO `employee` (`username`, `password`, `name_user`, `job_title`, `address`, `gender`, `no_telp`, `roles`) VALUES (\'developer\', NULL, \'\', \'\', \'asd\', NULL, \'\', NULL)', 0)
 2 SYSTEMPATH\Database\BaseConnection.php(692): CodeIgniter\Database\MySQLi\Connection->execute('INSERT INTO `employee` (`username`, `password`, `name_user`, `job_title`, `address`, `gender`, `no_telp`, `roles`) VALUES (\'developer\', NULL, \'\', \'\', \'asd\', NULL, \'\', NULL)')
 3 SYSTEMPATH\Database\BaseConnection.php(606): CodeIgniter\Database\BaseConnection->simpleQuery('INSERT INTO `employee` (`username`, `password`, `name_user`, `job_title`, `address`, `gender`, `no_telp`, `roles`) VALUES (\'developer\', NULL, \'\', \'\', \'asd\', NULL, \'\', NULL)')
 4 SYSTEMPATH\Database\BaseBuilder.php(2309): CodeIgniter\Database\BaseConnection->query('INSERT INTO `employee` (`username`, `password`, `name_user`, `job_title`, `address`, `gender`, `no_telp`, `roles`) VALUES (:username:, :password:, :name_user:, :job_title:, :address:, :gender:, :no_telp:, :roles:)', [...], false)
 5 APPPATH\Controllers\admin.php(46): CodeIgniter\Database\BaseBuilder->insert([...])
 6 SYSTEMPATH\CodeIgniter.php(934): App\Controllers\admin->save_employee()
 7 SYSTEMPATH\CodeIgniter.php(499): CodeIgniter\CodeIgniter->runController(Object(App\Controllers\admin))
 8 SYSTEMPATH\CodeIgniter.php(368): CodeIgniter\CodeIgniter->handleRequest(null, Object(Config\Cache), false)
 9 FCPATH\index.php(67): CodeIgniter\CodeIgniter->run()
10 SYSTEMPATH\Commands\Server\rewrite.php(47): require_once('C:\\xampp\\htdocs\\monitoring_1\\public\\index.php')
CRITICAL - 2023-06-12 19:54:52 --> Undefined property: CodeIgniter\Database\MySQLi\Result::$resultId
in APPPATH\Controllers\admin.php on line 62.
 1 APPPATH\Controllers\admin.php(62): CodeIgniter\Debug\Exceptions->errorHandler(2, 'Undefined property: CodeIgniter\\Database\\MySQLi\\Result::$resultId', 'C:\\xampp\\htdocs\\monitoring_1\\app\\Controllers\\admin.php', 62)
 2 SYSTEMPATH\CodeIgniter.php(934): App\Controllers\admin->edit_employee('1')
 3 SYSTEMPATH\CodeIgniter.php(499): CodeIgniter\CodeIgniter->runController(Object(App\Controllers\admin))
 4 SYSTEMPATH\CodeIgniter.php(368): CodeIgniter\CodeIgniter->handleRequest(null, Object(Config\Cache), false)
 5 FCPATH\index.php(67): CodeIgniter\CodeIgniter->run()
 6 SYSTEMPATH\Commands\Server\rewrite.php(47): require_once('C:\\xampp\\htdocs\\monitoring_1\\public\\index.php')
CRITICAL - 2023-06-12 19:55:46 --> Undefined property: mysqli_result::$num_Rows
in APPPATH\Controllers\admin.php on line 62.
 1 APPPATH\Controllers\admin.php(62): CodeIgniter\Debug\Exceptions->errorHandler(2, 'Undefined property: mysqli_result::$num_Rows', 'C:\\xampp\\htdocs\\monitoring_1\\app\\Controllers\\admin.php', 62)
 2 SYSTEMPATH\CodeIgniter.php(934): App\Controllers\admin->edit_employee('1')
 3 SYSTEMPATH\CodeIgniter.php(499): CodeIgniter\CodeIgniter->runController(Object(App\Controllers\admin))
 4 SYSTEMPATH\CodeIgniter.php(368): CodeIgniter\CodeIgniter->handleRequest(null, Object(Config\Cache), false)
 5 FCPATH\index.php(67): CodeIgniter\CodeIgniter->run()
 6 SYSTEMPATH\Commands\Server\rewrite.php(47): require_once('C:\\xampp\\htdocs\\monitoring_1\\public\\index.php')
CRITICAL - 2023-06-12 19:56:11 --> Undefined variable $manager
in APPPATH\Views\admin\edit_employee.php on line 76.
 1 APPPATH\Views\admin\edit_employee.php(76): CodeIgniter\Debug\Exceptions->errorHandler(2, 'Undefined variable $manager', 'C:\\xampp\\htdocs\\monitoring_1\\app\\Views\\admin\\edit_employee.php', 76)
 2 SYSTEMPATH\View\View.php(213): include('C:\\xampp\\htdocs\\monitoring_1\\app\\Views\\admin\\edit_employee.php')
 3 SYSTEMPATH\View\View.php(216): CodeIgniter\View\View->CodeIgniter\View\{closure}()
 4 SYSTEMPATH\Common.php(1184): CodeIgniter\View\View->render('admin/edit_employee', [], true)
 5 APPPATH\Controllers\admin.php(64): view('admin/edit_employee', [...])
 6 SYSTEMPATH\CodeIgniter.php(934): App\Controllers\admin->edit_employee('1')
 7 SYSTEMPATH\CodeIgniter.php(499): CodeIgniter\CodeIgniter->runController(Object(App\Controllers\admin))
 8 SYSTEMPATH\CodeIgniter.php(368): CodeIgniter\CodeIgniter->handleRequest(null, Object(Config\Cache), false)
 9 FCPATH\index.php(67): CodeIgniter\CodeIgniter->run()
10 SYSTEMPATH\Commands\Server\rewrite.php(47): require_once('C:\\xampp\\htdocs\\monitoring_1\\public\\index.php')
CRITICAL - 2023-06-12 20:07:58 --> Call to undefined function CodeIgniter\Exceptions\PageNotFoundException()
in APPPATH\Controllers\admin.php on line 69.
 1 SYSTEMPATH\CodeIgniter.php(934): App\Controllers\admin->edit_employee('100')
 2 SYSTEMPATH\CodeIgniter.php(499): CodeIgniter\CodeIgniter->runController(Object(App\Controllers\admin))
 3 SYSTEMPATH\CodeIgniter.php(368): CodeIgniter\CodeIgniter->handleRequest(null, Object(Config\Cache), false)
 4 FCPATH\index.php(67): CodeIgniter\CodeIgniter->run()
 5 SYSTEMPATH\Commands\Server\rewrite.php(47): require_once('C:\\xampp\\htdocs\\monitoring_1\\public\\index.php')
ERROR - 2023-06-12 20:44:50 --> mysqli_sql_exception: Cannot add or update a child row: a foreign key constraint fails (`monitoring`.`employee`, CONSTRAINT `manager_id` FOREIGN KEY (`evaluator_id`) REFERENCES `employee` (`users_id`)) in C:\xampp\htdocs\monitoring_1\system\Database\MySQLi\Connection.php:295
Stack trace:
#0 C:\xampp\htdocs\monitoring_1\system\Database\MySQLi\Connection.php(295): mysqli->query('UPDATE `employe...', 0)
#1 C:\xampp\htdocs\monitoring_1\system\Database\BaseConnection.php(692): CodeIgniter\Database\MySQLi\Connection->execute('UPDATE `employe...')
#2 C:\xampp\htdocs\monitoring_1\system\Database\BaseConnection.php(606): CodeIgniter\Database\BaseConnection->simpleQuery('UPDATE `employe...')
#3 C:\xampp\htdocs\monitoring_1\system\Database\BaseBuilder.php(2476): CodeIgniter\Database\BaseConnection->query('UPDATE `employe...', Array, false)
#4 C:\xampp\htdocs\monitoring_1\app\Controllers\admin.php(100): CodeIgniter\Database\BaseBuilder->update(Array)
#5 C:\xampp\htdocs\monitoring_1\system\CodeIgniter.php(934): App\Controllers\admin->update_employee('1')
#6 C:\xampp\htdocs\monitoring_1\system\CodeIgniter.php(499): CodeIgniter\CodeIgniter->runController(Object(App\Controllers\admin))
#7 C:\xampp\htdocs\monitoring_1\system\CodeIgniter.php(368): CodeIgniter\CodeIgniter->handleRequest(NULL, Object(Config\Cache), false)
#8 C:\xampp\htdocs\monitoring_1\public\index.php(67): CodeIgniter\CodeIgniter->run()
#9 C:\xampp\htdocs\monitoring_1\system\Commands\Server\rewrite.php(47): require_once('C:\\xampp\\htdocs...')
#10 {main}
CRITICAL - 2023-06-12 20:44:50 --> Cannot add or update a child row: a foreign key constraint fails (`monitoring`.`employee`, CONSTRAINT `manager_id` FOREIGN KEY (`evaluator_id`) REFERENCES `employee` (`users_id`))
in SYSTEMPATH\Database\MySQLi\Connection.php on line 295.
 1 SYSTEMPATH\Database\MySQLi\Connection.php(295): mysqli->query('UPDATE `employee` SET `username` = \'alfi_ziacdsv\', `password_user` = \'asca\', `name_user` = \'alfi zia ulhaq\', `job_title` = \'super admin\', `address` = \'pancoran mas\', `no_telp` = \'0123\', `gender` = \'1\', `roles` = \'1\', `evaluator_id` = \'NULL\'
WHERE `users_id` = \'1\'', 0)
 2 SYSTEMPATH\Database\BaseConnection.php(692): CodeIgniter\Database\MySQLi\Connection->execute('UPDATE `employee` SET `username` = \'alfi_ziacdsv\', `password_user` = \'asca\', `name_user` = \'alfi zia ulhaq\', `job_title` = \'super admin\', `address` = \'pancoran mas\', `no_telp` = \'0123\', `gender` = \'1\', `roles` = \'1\', `evaluator_id` = \'NULL\'
WHERE `users_id` = \'1\'')
 3 SYSTEMPATH\Database\BaseConnection.php(606): CodeIgniter\Database\BaseConnection->simpleQuery('UPDATE `employee` SET `username` = \'alfi_ziacdsv\', `password_user` = \'asca\', `name_user` = \'alfi zia ulhaq\', `job_title` = \'super admin\', `address` = \'pancoran mas\', `no_telp` = \'0123\', `gender` = \'1\', `roles` = \'1\', `evaluator_id` = \'NULL\'
WHERE `users_id` = \'1\'')
 4 SYSTEMPATH\Database\BaseBuilder.php(2476): CodeIgniter\Database\BaseConnection->query('UPDATE `employee` SET `username` = :username:, `password_user` = :password_user:, `name_user` = :name_user:, `job_title` = :job_title:, `address` = :address:, `no_telp` = :no_telp:, `gender` = :gender:, `roles` = :roles:, `evaluator_id` = :evaluator_id:
WHERE `users_id` = :users_id:', [...], false)
 5 APPPATH\Controllers\admin.php(100): CodeIgniter\Database\BaseBuilder->update([...])
 6 SYSTEMPATH\CodeIgniter.php(934): App\Controllers\admin->update_employee('1')
 7 SYSTEMPATH\CodeIgniter.php(499): CodeIgniter\CodeIgniter->runController(Object(App\Controllers\admin))
 8 SYSTEMPATH\CodeIgniter.php(368): CodeIgniter\CodeIgniter->handleRequest(null, Object(Config\Cache), false)
 9 FCPATH\index.php(67): CodeIgniter\CodeIgniter->run()
10 SYSTEMPATH\Commands\Server\rewrite.php(47): require_once('C:\\xampp\\htdocs\\monitoring_1\\public\\index.php')
ERROR - 2023-06-12 20:45:06 --> mysqli_sql_exception: Cannot add or update a child row: a foreign key constraint fails (`monitoring`.`employee`, CONSTRAINT `manager_id` FOREIGN KEY (`evaluator_id`) REFERENCES `employee` (`users_id`)) in C:\xampp\htdocs\monitoring_1\system\Database\MySQLi\Connection.php:295
Stack trace:
#0 C:\xampp\htdocs\monitoring_1\system\Database\MySQLi\Connection.php(295): mysqli->query('UPDATE `employe...', 0)
#1 C:\xampp\htdocs\monitoring_1\system\Database\BaseConnection.php(692): CodeIgniter\Database\MySQLi\Connection->execute('UPDATE `employe...')
#2 C:\xampp\htdocs\monitoring_1\system\Database\BaseConnection.php(606): CodeIgniter\Database\BaseConnection->simpleQuery('UPDATE `employe...')
#3 C:\xampp\htdocs\monitoring_1\system\Database\BaseBuilder.php(2476): CodeIgniter\Database\BaseConnection->query('UPDATE `employe...', Array, false)
#4 C:\xampp\htdocs\monitoring_1\app\Controllers\admin.php(100): CodeIgniter\Database\BaseBuilder->update(Array)
#5 C:\xampp\htdocs\monitoring_1\system\CodeIgniter.php(934): App\Controllers\admin->update_employee('1')
#6 C:\xampp\htdocs\monitoring_1\system\CodeIgniter.php(499): CodeIgniter\CodeIgniter->runController(Object(App\Controllers\admin))
#7 C:\xampp\htdocs\monitoring_1\system\CodeIgniter.php(368): CodeIgniter\CodeIgniter->handleRequest(NULL, Object(Config\Cache), false)
#8 C:\xampp\htdocs\monitoring_1\public\index.php(67): CodeIgniter\CodeIgniter->run()
#9 C:\xampp\htdocs\monitoring_1\system\Commands\Server\rewrite.php(47): require_once('C:\\xampp\\htdocs...')
#10 {main}
CRITICAL - 2023-06-12 20:45:06 --> Cannot add or update a child row: a foreign key constraint fails (`monitoring`.`employee`, CONSTRAINT `manager_id` FOREIGN KEY (`evaluator_id`) REFERENCES `employee` (`users_id`))
in SYSTEMPATH\Database\MySQLi\Connection.php on line 295.
 1 SYSTEMPATH\Database\MySQLi\Connection.php(295): mysqli->query('UPDATE `employee` SET `username` = \'alfi_ziacdsv\', `password_user` = \'asca\', `name_user` = \'alfi zia ulhaq\', `job_title` = \'super admin\', `address` = \'pancoran mas\', `no_telp` = \'0123\', `gender` = \'1\', `roles` = \'1\', `evaluator_id` = \'NULL\'
WHERE `users_id` = \'1\'', 0)
 2 SYSTEMPATH\Database\BaseConnection.php(692): CodeIgniter\Database\MySQLi\Connection->execute('UPDATE `employee` SET `username` = \'alfi_ziacdsv\', `password_user` = \'asca\', `name_user` = \'alfi zia ulhaq\', `job_title` = \'super admin\', `address` = \'pancoran mas\', `no_telp` = \'0123\', `gender` = \'1\', `roles` = \'1\', `evaluator_id` = \'NULL\'
WHERE `users_id` = \'1\'')
 3 SYSTEMPATH\Database\BaseConnection.php(606): CodeIgniter\Database\BaseConnection->simpleQuery('UPDATE `employee` SET `username` = \'alfi_ziacdsv\', `password_user` = \'asca\', `name_user` = \'alfi zia ulhaq\', `job_title` = \'super admin\', `address` = \'pancoran mas\', `no_telp` = \'0123\', `gender` = \'1\', `roles` = \'1\', `evaluator_id` = \'NULL\'
WHERE `users_id` = \'1\'')
 4 SYSTEMPATH\Database\BaseBuilder.php(2476): CodeIgniter\Database\BaseConnection->query('UPDATE `employee` SET `username` = :username:, `password_user` = :password_user:, `name_user` = :name_user:, `job_title` = :job_title:, `address` = :address:, `no_telp` = :no_telp:, `gender` = :gender:, `roles` = :roles:, `evaluator_id` = :evaluator_id:
WHERE `users_id` = :users_id:', [...], false)
 5 APPPATH\Controllers\admin.php(100): CodeIgniter\Database\BaseBuilder->update([...])
 6 SYSTEMPATH\CodeIgniter.php(934): App\Controllers\admin->update_employee('1')
 7 SYSTEMPATH\CodeIgniter.php(499): CodeIgniter\CodeIgniter->runController(Object(App\Controllers\admin))
 8 SYSTEMPATH\CodeIgniter.php(368): CodeIgniter\CodeIgniter->handleRequest(null, Object(Config\Cache), false)
 9 FCPATH\index.php(67): CodeIgniter\CodeIgniter->run()
10 SYSTEMPATH\Commands\Server\rewrite.php(47): require_once('C:\\xampp\\htdocs\\monitoring_1\\public\\index.php')
