CRITICAL - 2023-06-23 14:47:01 --> Attempt to read property "name_user" on null
in APPPATH\Views\layout\default.php on line 47.
 1 APPPATH\Views\layout\default.php(47): CodeIgniter\Debug\Exceptions->errorHandler(2, 'Attempt to read property "name_user" on null', 'C:\\xampp\\htdocs\\monitoring_1\\app\\Views\\layout\\default.php', 47)
 2 SYSTEMPATH\View\View.php(213): include('C:\\xampp\\htdocs\\monitoring_1\\app\\Views\\layout\\default.php')
 3 SYSTEMPATH\View\View.php(216): CodeIgniter\View\View->CodeIgniter\View\{closure}()
 4 SYSTEMPATH\View\View.php(229): CodeIgniter\View\View->render('layout/default', [], true)
 5 SYSTEMPATH\Common.php(1184): CodeIgniter\View\View->render('manager/staff_goal', [], true)
 6 APPPATH\Controllers\Manager.php(43): view('manager/staff_goal', [...])
 7 SYSTEMPATH\CodeIgniter.php(934): App\Controllers\Manager->show('4')
 8 SYSTEMPATH\CodeIgniter.php(499): CodeIgniter\CodeIgniter->runController(Object(App\Controllers\Manager))
 9 SYSTEMPATH\CodeIgniter.php(368): CodeIgniter\CodeIgniter->handleRequest(null, Object(Config\Cache), false)
10 FCPATH\index.php(67): CodeIgniter\CodeIgniter->run()
11 SYSTEMPATH\Commands\Server\rewrite.php(47): require_once('C:\\xampp\\htdocs\\monitoring_1\\public\\index.php')
CRITICAL - 2023-06-23 15:11:10 --> There is no data to update.
in SYSTEMPATH\BaseModel.php on line 1680.
 1 SYSTEMPATH\BaseModel.php(1680): CodeIgniter\Database\Exceptions\DataException::forEmptyDataset('update')
 2 SYSTEMPATH\BaseModel.php(910): CodeIgniter\BaseModel->transformDataToArray(null, 'update')
 3 SYSTEMPATH\Model.php(756): CodeIgniter\BaseModel->update([...], null)
 4 APPPATH\Controllers\Manager.php(154): CodeIgniter\Model->update([...])
 5 SYSTEMPATH\CodeIgniter.php(934): App\Controllers\Manager->update('5')
 6 SYSTEMPATH\CodeIgniter.php(499): CodeIgniter\CodeIgniter->runController(Object(App\Controllers\Manager))
 7 SYSTEMPATH\CodeIgniter.php(368): CodeIgniter\CodeIgniter->handleRequest(null, Object(Config\Cache), false)
 8 FCPATH\index.php(67): CodeIgniter\CodeIgniter->run()
 9 SYSTEMPATH\Commands\Server\rewrite.php(47): require_once('C:\\xampp\\htdocs\\monitoring_1\\public\\index.php')
CRITICAL - 2023-06-23 15:12:37 --> There is no data to update.
in SYSTEMPATH\BaseModel.php on line 1680.
 1 SYSTEMPATH\BaseModel.php(1680): CodeIgniter\Database\Exceptions\DataException::forEmptyDataset('update')
 2 SYSTEMPATH\BaseModel.php(910): CodeIgniter\BaseModel->transformDataToArray(null, 'update')
 3 SYSTEMPATH\Model.php(756): CodeIgniter\BaseModel->update([...], null)
 4 APPPATH\Controllers\Manager.php(154): CodeIgniter\Model->update([...])
 5 SYSTEMPATH\CodeIgniter.php(934): App\Controllers\Manager->update('6')
 6 SYSTEMPATH\CodeIgniter.php(499): CodeIgniter\CodeIgniter->runController(Object(App\Controllers\Manager))
 7 SYSTEMPATH\CodeIgniter.php(368): CodeIgniter\CodeIgniter->handleRequest(null, Object(Config\Cache), false)
 8 FCPATH\index.php(67): CodeIgniter\CodeIgniter->run()
 9 SYSTEMPATH\Commands\Server\rewrite.php(47): require_once('C:\\xampp\\htdocs\\monitoring_1\\public\\index.php')
CRITICAL - 2023-06-23 15:34:01 --> Undefined variable $goal
in APPPATH\Views\manager\staff_goal.php on line 66.
 1 APPPATH\Views\manager\staff_goal.php(66): CodeIgniter\Debug\Exceptions->errorHandler(2, 'Undefined variable $goal', 'C:\\xampp\\htdocs\\monitoring_1\\app\\Views\\manager\\staff_goal.php', 66)
 2 SYSTEMPATH\View\View.php(213): include('C:\\xampp\\htdocs\\monitoring_1\\app\\Views\\manager\\staff_goal.php')
 3 SYSTEMPATH\View\View.php(216): CodeIgniter\View\View->CodeIgniter\View\{closure}()
 4 SYSTEMPATH\Common.php(1184): CodeIgniter\View\View->render('manager/staff_goal', [], true)
 5 APPPATH\Controllers\Manager.php(43): view('manager/staff_goal', [...])
 6 SYSTEMPATH\CodeIgniter.php(934): App\Controllers\Manager->show('4')
 7 SYSTEMPATH\CodeIgniter.php(499): CodeIgniter\CodeIgniter->runController(Object(App\Controllers\Manager))
 8 SYSTEMPATH\CodeIgniter.php(368): CodeIgniter\CodeIgniter->handleRequest(null, Object(Config\Cache), false)
 9 FCPATH\index.php(67): CodeIgniter\CodeIgniter->run()
10 SYSTEMPATH\Commands\Server\rewrite.php(47): require_once('C:\\xampp\\htdocs\\monitoring_1\\public\\index.php')
ERROR - 2023-06-23 15:40:20 --> mysqli_sql_exception: Column 'users_id' in where clause is ambiguous in C:\xampp\htdocs\monitoring_1\system\Database\MySQLi\Connection.php:295
Stack trace:
#0 C:\xampp\htdocs\monitoring_1\system\Database\MySQLi\Connection.php(295): mysqli->query('SELECT *\nFROM `...', 0)
#1 C:\xampp\htdocs\monitoring_1\system\Database\BaseConnection.php(692): CodeIgniter\Database\MySQLi\Connection->execute('SELECT *\nFROM `...')
#2 C:\xampp\htdocs\monitoring_1\system\Database\BaseConnection.php(606): CodeIgniter\Database\BaseConnection->simpleQuery('SELECT *\nFROM `...')
#3 C:\xampp\htdocs\monitoring_1\system\Database\BaseBuilder.php(1616): CodeIgniter\Database\BaseConnection->query('SELECT *\nFROM `...', Array, false)
#4 C:\xampp\htdocs\monitoring_1\app\Models\goal_model.php(22): CodeIgniter\Database\BaseBuilder->get()
#5 C:\xampp\htdocs\monitoring_1\app\Controllers\Manager.php(41): App\Models\goal_model->getdatajoin(Array)
#6 C:\xampp\htdocs\monitoring_1\system\CodeIgniter.php(934): App\Controllers\Manager->show('4')
#7 C:\xampp\htdocs\monitoring_1\system\CodeIgniter.php(499): CodeIgniter\CodeIgniter->runController(Object(App\Controllers\Manager))
#8 C:\xampp\htdocs\monitoring_1\system\CodeIgniter.php(368): CodeIgniter\CodeIgniter->handleRequest(NULL, Object(Config\Cache), false)
#9 C:\xampp\htdocs\monitoring_1\public\index.php(67): CodeIgniter\CodeIgniter->run()
#10 C:\xampp\htdocs\monitoring_1\system\Commands\Server\rewrite.php(47): require_once('C:\\xampp\\htdocs...')
#11 {main}
CRITICAL - 2023-06-23 15:40:20 --> Column 'users_id' in where clause is ambiguous
in SYSTEMPATH\Database\MySQLi\Connection.php on line 295.
 1 SYSTEMPATH\Database\MySQLi\Connection.php(295): mysqli->query('SELECT *
FROM `goals`
LEFT JOIN `periodic` ON `periodic`.`periodic_id` = `goals`.`periodic_id`
LEFT JOIN `employee` ON `employee`.`users_id` = `goals`.`users_id`
WHERE `users_id` = \'4\'
AND `status_goal` != 3
ORDER BY `goals`.`status_goal` ASC', 0)
 2 SYSTEMPATH\Database\BaseConnection.php(692): CodeIgniter\Database\MySQLi\Connection->execute('SELECT *
FROM `goals`
LEFT JOIN `periodic` ON `periodic`.`periodic_id` = `goals`.`periodic_id`
LEFT JOIN `employee` ON `employee`.`users_id` = `goals`.`users_id`
WHERE `users_id` = \'4\'
AND `status_goal` != 3
ORDER BY `goals`.`status_goal` ASC')
 3 SYSTEMPATH\Database\BaseConnection.php(606): CodeIgniter\Database\BaseConnection->simpleQuery('SELECT *
FROM `goals`
LEFT JOIN `periodic` ON `periodic`.`periodic_id` = `goals`.`periodic_id`
LEFT JOIN `employee` ON `employee`.`users_id` = `goals`.`users_id`
WHERE `users_id` = \'4\'
AND `status_goal` != 3
ORDER BY `goals`.`status_goal` ASC')
 4 SYSTEMPATH\Database\BaseBuilder.php(1616): CodeIgniter\Database\BaseConnection->query('SELECT *
FROM `goals`
LEFT JOIN `periodic` ON `periodic`.`periodic_id` = `goals`.`periodic_id`
LEFT JOIN `employee` ON `employee`.`users_id` = `goals`.`users_id`
WHERE `users_id` = :users_id:
AND `status_goal` != :status_goal:
ORDER BY `goals`.`status_goal` ASC', [...], false)
 5 APPPATH\Models\goal_model.php(22): CodeIgniter\Database\BaseBuilder->get()
 6 APPPATH\Controllers\Manager.php(41): App\Models\goal_model->getdatajoin([...])
 7 SYSTEMPATH\CodeIgniter.php(934): App\Controllers\Manager->show('4')
 8 SYSTEMPATH\CodeIgniter.php(499): CodeIgniter\CodeIgniter->runController(Object(App\Controllers\Manager))
 9 SYSTEMPATH\CodeIgniter.php(368): CodeIgniter\CodeIgniter->handleRequest(null, Object(Config\Cache), false)
10 FCPATH\index.php(67): CodeIgniter\CodeIgniter->run()
11 SYSTEMPATH\Commands\Server\rewrite.php(47): require_once('C:\\xampp\\htdocs\\monitoring_1\\public\\index.php')
CRITICAL - 2023-06-23 15:40:47 --> Undefined variable $employee
in APPPATH\Views\manager\staff_db.php on line 56.
 1 APPPATH\Views\manager\staff_db.php(56): CodeIgniter\Debug\Exceptions->errorHandler(2, 'Undefined variable $employee', 'C:\\xampp\\htdocs\\monitoring_1\\app\\Views\\manager\\staff_db.php', 56)
 2 SYSTEMPATH\View\View.php(213): include('C:\\xampp\\htdocs\\monitoring_1\\app\\Views\\manager\\staff_db.php')
 3 SYSTEMPATH\View\View.php(216): CodeIgniter\View\View->CodeIgniter\View\{closure}()
 4 SYSTEMPATH\Common.php(1184): CodeIgniter\View\View->render('manager/staff_db', [], true)
 5 APPPATH\Controllers\Manager.php(42): view('manager/staff_db', [...])
 6 SYSTEMPATH\CodeIgniter.php(934): App\Controllers\Manager->show('4')
 7 SYSTEMPATH\CodeIgniter.php(499): CodeIgniter\CodeIgniter->runController(Object(App\Controllers\Manager))
 8 SYSTEMPATH\CodeIgniter.php(368): CodeIgniter\CodeIgniter->handleRequest(null, Object(Config\Cache), false)
 9 FCPATH\index.php(67): CodeIgniter\CodeIgniter->run()
10 SYSTEMPATH\Commands\Server\rewrite.php(47): require_once('C:\\xampp\\htdocs\\monitoring_1\\public\\index.php')
CRITICAL - 2023-06-23 15:42:40 --> Undefined variable $index
in APPPATH\Views\manager\staff_db.php on line 59.
 1 APPPATH\Views\manager\staff_db.php(59): CodeIgniter\Debug\Exceptions->errorHandler(2, 'Undefined variable $index', 'C:\\xampp\\htdocs\\monitoring_1\\app\\Views\\manager\\staff_db.php', 59)
 2 SYSTEMPATH\View\View.php(213): include('C:\\xampp\\htdocs\\monitoring_1\\app\\Views\\manager\\staff_db.php')
 3 SYSTEMPATH\View\View.php(216): CodeIgniter\View\View->CodeIgniter\View\{closure}()
 4 SYSTEMPATH\Common.php(1184): CodeIgniter\View\View->render('manager/staff_db', [], true)
 5 APPPATH\Controllers\Manager.php(196): view('manager/staff_db', [...])
 6 SYSTEMPATH\CodeIgniter.php(934): App\Controllers\Manager->staff_db()
 7 SYSTEMPATH\CodeIgniter.php(499): CodeIgniter\CodeIgniter->runController(Object(App\Controllers\Manager))
 8 SYSTEMPATH\CodeIgniter.php(368): CodeIgniter\CodeIgniter->handleRequest(null, Object(Config\Cache), false)
 9 FCPATH\index.php(67): CodeIgniter\CodeIgniter->run()
10 SYSTEMPATH\Commands\Server\rewrite.php(47): require_once('C:\\xampp\\htdocs\\monitoring_1\\public\\index.php')
CRITICAL - 2023-06-23 15:42:42 --> Undefined variable $index
in APPPATH\Views\manager\staff_db.php on line 59.
 1 APPPATH\Views\manager\staff_db.php(59): CodeIgniter\Debug\Exceptions->errorHandler(2, 'Undefined variable $index', 'C:\\xampp\\htdocs\\monitoring_1\\app\\Views\\manager\\staff_db.php', 59)
 2 SYSTEMPATH\View\View.php(213): include('C:\\xampp\\htdocs\\monitoring_1\\app\\Views\\manager\\staff_db.php')
 3 SYSTEMPATH\View\View.php(216): CodeIgniter\View\View->CodeIgniter\View\{closure}()
 4 SYSTEMPATH\Common.php(1184): CodeIgniter\View\View->render('manager/staff_db', [], true)
 5 APPPATH\Controllers\Manager.php(196): view('manager/staff_db', [...])
 6 SYSTEMPATH\CodeIgniter.php(934): App\Controllers\Manager->staff_db()
 7 SYSTEMPATH\CodeIgniter.php(499): CodeIgniter\CodeIgniter->runController(Object(App\Controllers\Manager))
 8 SYSTEMPATH\CodeIgniter.php(368): CodeIgniter\CodeIgniter->handleRequest(null, Object(Config\Cache), false)
 9 FCPATH\index.php(67): CodeIgniter\CodeIgniter->run()
10 SYSTEMPATH\Commands\Server\rewrite.php(47): require_once('C:\\xampp\\htdocs\\monitoring_1\\public\\index.php')
CRITICAL - 2023-06-23 15:42:43 --> Undefined variable $index
in APPPATH\Views\manager\staff_db.php on line 59.
 1 APPPATH\Views\manager\staff_db.php(59): CodeIgniter\Debug\Exceptions->errorHandler(2, 'Undefined variable $index', 'C:\\xampp\\htdocs\\monitoring_1\\app\\Views\\manager\\staff_db.php', 59)
 2 SYSTEMPATH\View\View.php(213): include('C:\\xampp\\htdocs\\monitoring_1\\app\\Views\\manager\\staff_db.php')
 3 SYSTEMPATH\View\View.php(216): CodeIgniter\View\View->CodeIgniter\View\{closure}()
 4 SYSTEMPATH\Common.php(1184): CodeIgniter\View\View->render('manager/staff_db', [], true)
 5 APPPATH\Controllers\Manager.php(196): view('manager/staff_db', [...])
 6 SYSTEMPATH\CodeIgniter.php(934): App\Controllers\Manager->staff_db()
 7 SYSTEMPATH\CodeIgniter.php(499): CodeIgniter\CodeIgniter->runController(Object(App\Controllers\Manager))
 8 SYSTEMPATH\CodeIgniter.php(368): CodeIgniter\CodeIgniter->handleRequest(null, Object(Config\Cache), false)
 9 FCPATH\index.php(67): CodeIgniter\CodeIgniter->run()
10 SYSTEMPATH\Commands\Server\rewrite.php(47): require_once('C:\\xampp\\htdocs\\monitoring_1\\public\\index.php')
CRITICAL - 2023-06-23 15:42:44 --> Undefined variable $employee
in APPPATH\Views\manager\staff_db.php on line 56.
 1 APPPATH\Views\manager\staff_db.php(56): CodeIgniter\Debug\Exceptions->errorHandler(2, 'Undefined variable $employee', 'C:\\xampp\\htdocs\\monitoring_1\\app\\Views\\manager\\staff_db.php', 56)
 2 SYSTEMPATH\View\View.php(213): include('C:\\xampp\\htdocs\\monitoring_1\\app\\Views\\manager\\staff_db.php')
 3 SYSTEMPATH\View\View.php(216): CodeIgniter\View\View->CodeIgniter\View\{closure}()
 4 SYSTEMPATH\Common.php(1184): CodeIgniter\View\View->render('manager/staff_db', [], true)
 5 APPPATH\Controllers\Manager.php(42): view('manager/staff_db', [...])
 6 SYSTEMPATH\CodeIgniter.php(934): App\Controllers\Manager->show('4')
 7 SYSTEMPATH\CodeIgniter.php(499): CodeIgniter\CodeIgniter->runController(Object(App\Controllers\Manager))
 8 SYSTEMPATH\CodeIgniter.php(368): CodeIgniter\CodeIgniter->handleRequest(null, Object(Config\Cache), false)
 9 FCPATH\index.php(67): CodeIgniter\CodeIgniter->run()
10 SYSTEMPATH\Commands\Server\rewrite.php(47): require_once('C:\\xampp\\htdocs\\monitoring_1\\public\\index.php')
CRITICAL - 2023-06-23 15:42:44 --> Undefined variable $index
in APPPATH\Views\manager\staff_db.php on line 59.
 1 APPPATH\Views\manager\staff_db.php(59): CodeIgniter\Debug\Exceptions->errorHandler(2, 'Undefined variable $index', 'C:\\xampp\\htdocs\\monitoring_1\\app\\Views\\manager\\staff_db.php', 59)
 2 SYSTEMPATH\View\View.php(213): include('C:\\xampp\\htdocs\\monitoring_1\\app\\Views\\manager\\staff_db.php')
 3 SYSTEMPATH\View\View.php(216): CodeIgniter\View\View->CodeIgniter\View\{closure}()
 4 SYSTEMPATH\Common.php(1184): CodeIgniter\View\View->render('manager/staff_db', [], true)
 5 APPPATH\Controllers\Manager.php(196): view('manager/staff_db', [...])
 6 SYSTEMPATH\CodeIgniter.php(934): App\Controllers\Manager->staff_db()
 7 SYSTEMPATH\CodeIgniter.php(499): CodeIgniter\CodeIgniter->runController(Object(App\Controllers\Manager))
 8 SYSTEMPATH\CodeIgniter.php(368): CodeIgniter\CodeIgniter->handleRequest(null, Object(Config\Cache), false)
 9 FCPATH\index.php(67): CodeIgniter\CodeIgniter->run()
10 SYSTEMPATH\Commands\Server\rewrite.php(47): require_once('C:\\xampp\\htdocs\\monitoring_1\\public\\index.php')
CRITICAL - 2023-06-23 15:42:47 --> Undefined variable $index
in APPPATH\Views\manager\staff_db.php on line 59.
 1 APPPATH\Views\manager\staff_db.php(59): CodeIgniter\Debug\Exceptions->errorHandler(2, 'Undefined variable $index', 'C:\\xampp\\htdocs\\monitoring_1\\app\\Views\\manager\\staff_db.php', 59)
 2 SYSTEMPATH\View\View.php(213): include('C:\\xampp\\htdocs\\monitoring_1\\app\\Views\\manager\\staff_db.php')
 3 SYSTEMPATH\View\View.php(216): CodeIgniter\View\View->CodeIgniter\View\{closure}()
 4 SYSTEMPATH\Common.php(1184): CodeIgniter\View\View->render('manager/staff_db', [], true)
 5 APPPATH\Controllers\Manager.php(196): view('manager/staff_db', [...])
 6 SYSTEMPATH\CodeIgniter.php(934): App\Controllers\Manager->staff_db()
 7 SYSTEMPATH\CodeIgniter.php(499): CodeIgniter\CodeIgniter->runController(Object(App\Controllers\Manager))
 8 SYSTEMPATH\CodeIgniter.php(368): CodeIgniter\CodeIgniter->handleRequest(null, Object(Config\Cache), false)
 9 FCPATH\index.php(67): CodeIgniter\CodeIgniter->run()
10 SYSTEMPATH\Commands\Server\rewrite.php(47): require_once('C:\\xampp\\htdocs\\monitoring_1\\public\\index.php')
CRITICAL - 2023-06-23 15:43:02 --> Undefined variable $employee
in APPPATH\Views\manager\staff_db.php on line 56.
 1 APPPATH\Views\manager\staff_db.php(56): CodeIgniter\Debug\Exceptions->errorHandler(2, 'Undefined variable $employee', 'C:\\xampp\\htdocs\\monitoring_1\\app\\Views\\manager\\staff_db.php', 56)
 2 SYSTEMPATH\View\View.php(213): include('C:\\xampp\\htdocs\\monitoring_1\\app\\Views\\manager\\staff_db.php')
 3 SYSTEMPATH\View\View.php(216): CodeIgniter\View\View->CodeIgniter\View\{closure}()
 4 SYSTEMPATH\Common.php(1184): CodeIgniter\View\View->render('manager/staff_db', [], true)
 5 APPPATH\Controllers\Manager.php(42): view('manager/staff_db', [...])
 6 SYSTEMPATH\CodeIgniter.php(934): App\Controllers\Manager->show('4')
 7 SYSTEMPATH\CodeIgniter.php(499): CodeIgniter\CodeIgniter->runController(Object(App\Controllers\Manager))
 8 SYSTEMPATH\CodeIgniter.php(368): CodeIgniter\CodeIgniter->handleRequest(null, Object(Config\Cache), false)
 9 FCPATH\index.php(67): CodeIgniter\CodeIgniter->run()
10 SYSTEMPATH\Commands\Server\rewrite.php(47): require_once('C:\\xampp\\htdocs\\monitoring_1\\public\\index.php')
CRITICAL - 2023-06-23 15:45:32 --> Undefined variable $employee
in APPPATH\Views\manager\staff_db.php on line 56.
 1 APPPATH\Views\manager\staff_db.php(56): CodeIgniter\Debug\Exceptions->errorHandler(2, 'Undefined variable $employee', 'C:\\xampp\\htdocs\\monitoring_1\\app\\Views\\manager\\staff_db.php', 56)
 2 SYSTEMPATH\View\View.php(213): include('C:\\xampp\\htdocs\\monitoring_1\\app\\Views\\manager\\staff_db.php')
 3 SYSTEMPATH\View\View.php(216): CodeIgniter\View\View->CodeIgniter\View\{closure}()
 4 SYSTEMPATH\Common.php(1184): CodeIgniter\View\View->render('manager/staff_db', [], true)
 5 APPPATH\Controllers\Manager.php(42): view('manager/staff_db', [...])
 6 SYSTEMPATH\CodeIgniter.php(934): App\Controllers\Manager->show('4')
 7 SYSTEMPATH\CodeIgniter.php(499): CodeIgniter\CodeIgniter->runController(Object(App\Controllers\Manager))
 8 SYSTEMPATH\CodeIgniter.php(368): CodeIgniter\CodeIgniter->handleRequest(null, Object(Config\Cache), false)
 9 FCPATH\index.php(67): CodeIgniter\CodeIgniter->run()
10 SYSTEMPATH\Commands\Server\rewrite.php(47): require_once('C:\\xampp\\htdocs\\monitoring_1\\public\\index.php')
CRITICAL - 2023-06-23 15:46:41 --> Invalid file: "manager/staff_db/.php"
in SYSTEMPATH\Exceptions\FrameworkException.php on line 33.
 1 SYSTEMPATH\View\View.php(201): CodeIgniter\Exceptions\FrameworkException::forInvalidFile('manager/staff_db/.php')
 2 SYSTEMPATH\Common.php(1184): CodeIgniter\View\View->render('manager/staff_db/', [], true)
 3 APPPATH\Controllers\Manager.php(42): view('manager/staff_db/', [...])
 4 SYSTEMPATH\CodeIgniter.php(934): App\Controllers\Manager->show('4')
 5 SYSTEMPATH\CodeIgniter.php(499): CodeIgniter\CodeIgniter->runController(Object(App\Controllers\Manager))
 6 SYSTEMPATH\CodeIgniter.php(368): CodeIgniter\CodeIgniter->handleRequest(null, Object(Config\Cache), false)
 7 FCPATH\index.php(67): CodeIgniter\CodeIgniter->run()
 8 SYSTEMPATH\Commands\Server\rewrite.php(47): require_once('C:\\xampp\\htdocs\\monitoring_1\\public\\index.php')
CRITICAL - 2023-06-23 15:48:34 --> Undefined variable $employee
in APPPATH\Views\manager\staff_db.php on line 56.
 1 APPPATH\Views\manager\staff_db.php(56): CodeIgniter\Debug\Exceptions->errorHandler(2, 'Undefined variable $employee', 'C:\\xampp\\htdocs\\monitoring_1\\app\\Views\\manager\\staff_db.php', 56)
 2 SYSTEMPATH\View\View.php(213): include('C:\\xampp\\htdocs\\monitoring_1\\app\\Views\\manager\\staff_db.php')
 3 SYSTEMPATH\View\View.php(216): CodeIgniter\View\View->CodeIgniter\View\{closure}()
 4 SYSTEMPATH\Common.php(1184): CodeIgniter\View\View->render('manager/staff_db', [], true)
 5 APPPATH\Controllers\Manager.php(42): view('manager/staff_db', [...])
 6 SYSTEMPATH\CodeIgniter.php(934): App\Controllers\Manager->show('4')
 7 SYSTEMPATH\CodeIgniter.php(499): CodeIgniter\CodeIgniter->runController(Object(App\Controllers\Manager))
 8 SYSTEMPATH\CodeIgniter.php(368): CodeIgniter\CodeIgniter->handleRequest(null, Object(Config\Cache), false)
 9 FCPATH\index.php(67): CodeIgniter\CodeIgniter->run()
10 SYSTEMPATH\Commands\Server\rewrite.php(47): require_once('C:\\xampp\\htdocs\\monitoring_1\\public\\index.php')
CRITICAL - 2023-06-23 15:51:31 --> Undefined property: stdClass::$deleted_at
in APPPATH\Views\manager\staff_goal.php on line 104.
 1 APPPATH\Views\manager\staff_goal.php(104): CodeIgniter\Debug\Exceptions->errorHandler(2, 'Undefined property: stdClass::$deleted_at', 'C:\\xampp\\htdocs\\monitoring_1\\app\\Views\\manager\\staff_goal.php', 104)
 2 SYSTEMPATH\View\View.php(213): include('C:\\xampp\\htdocs\\monitoring_1\\app\\Views\\manager\\staff_goal.php')
 3 SYSTEMPATH\View\View.php(216): CodeIgniter\View\View->CodeIgniter\View\{closure}()
 4 SYSTEMPATH\Common.php(1184): CodeIgniter\View\View->render('manager/staff_goal', [], true)
 5 APPPATH\Controllers\Manager.php(42): view('manager/staff_goal', [...])
 6 SYSTEMPATH\CodeIgniter.php(934): App\Controllers\Manager->show('4')
 7 SYSTEMPATH\CodeIgniter.php(499): CodeIgniter\CodeIgniter->runController(Object(App\Controllers\Manager))
 8 SYSTEMPATH\CodeIgniter.php(368): CodeIgniter\CodeIgniter->handleRequest(null, Object(Config\Cache), false)
 9 FCPATH\index.php(67): CodeIgniter\CodeIgniter->run()
10 SYSTEMPATH\Commands\Server\rewrite.php(47): require_once('C:\\xampp\\htdocs\\monitoring_1\\public\\index.php')
CRITICAL - 2023-06-23 16:02:14 --> Call to undefined method CodeIgniter\Database\MySQLi\Connection::delete()
in APPPATH\Controllers\Manager.php on line 183.
 1 SYSTEMPATH\CodeIgniter.php(934): App\Controllers\Manager->delete('6')
 2 SYSTEMPATH\CodeIgniter.php(499): CodeIgniter\CodeIgniter->runController(Object(App\Controllers\Manager))
 3 SYSTEMPATH\CodeIgniter.php(368): CodeIgniter\CodeIgniter->handleRequest(null, Object(Config\Cache), false)
 4 FCPATH\index.php(67): CodeIgniter\CodeIgniter->run()
 5 SYSTEMPATH\Commands\Server\rewrite.php(47): require_once('C:\\xampp\\htdocs\\monitoring_1\\public\\index.php')
CRITICAL - 2023-06-23 16:08:13 --> Attempt to read property "users_id" on null
in APPPATH\Controllers\Manager.php on line 200.
 1 APPPATH\Controllers\Manager.php(200): CodeIgniter\Debug\Exceptions->errorHandler(2, 'Attempt to read property "users_id" on null', 'C:\\xampp\\htdocs\\monitoring_1\\app\\Controllers\\Manager.php', 200)
 2 SYSTEMPATH\CodeIgniter.php(934): App\Controllers\Manager->staff_db()
 3 SYSTEMPATH\CodeIgniter.php(499): CodeIgniter\CodeIgniter->runController(Object(App\Controllers\Manager))
 4 SYSTEMPATH\CodeIgniter.php(368): CodeIgniter\CodeIgniter->handleRequest(null, Object(Config\Cache), false)
 5 FCPATH\index.php(67): CodeIgniter\CodeIgniter->run()
 6 SYSTEMPATH\Commands\Server\rewrite.php(47): require_once('C:\\xampp\\htdocs\\monitoring_1\\public\\index.php')
CRITICAL - 2023-06-23 16:08:30 --> Attempt to read property "name_user" on null
in APPPATH\Views\layout\default.php on line 48.
 1 APPPATH\Views\layout\default.php(48): CodeIgniter\Debug\Exceptions->errorHandler(2, 'Attempt to read property "name_user" on null', 'C:\\xampp\\htdocs\\monitoring_1\\app\\Views\\layout\\default.php', 48)
 2 SYSTEMPATH\View\View.php(213): include('C:\\xampp\\htdocs\\monitoring_1\\app\\Views\\layout\\default.php')
 3 SYSTEMPATH\View\View.php(216): CodeIgniter\View\View->CodeIgniter\View\{closure}()
 4 SYSTEMPATH\View\View.php(229): CodeIgniter\View\View->render('layout/default', [], true)
 5 SYSTEMPATH\Common.php(1184): CodeIgniter\View\View->render('manager/manager_dash', [], true)
 6 APPPATH\Controllers\Manager.php(27): view('manager/manager_dash')
 7 SYSTEMPATH\CodeIgniter.php(934): App\Controllers\Manager->index()
 8 SYSTEMPATH\CodeIgniter.php(499): CodeIgniter\CodeIgniter->runController(Object(App\Controllers\Manager))
 9 SYSTEMPATH\CodeIgniter.php(368): CodeIgniter\CodeIgniter->handleRequest(null, Object(Config\Cache), false)
10 FCPATH\index.php(67): CodeIgniter\CodeIgniter->run()
11 SYSTEMPATH\Commands\Server\rewrite.php(47): require_once('C:\\xampp\\htdocs\\monitoring_1\\public\\index.php')
ERROR - 2023-06-23 17:38:06 --> mysqli_sql_exception: Unknown column 'ratings.ratings_id' in 'order clause' in C:\xampp\htdocs\monitoring_1\system\Database\MySQLi\Connection.php:295
Stack trace:
#0 C:\xampp\htdocs\monitoring_1\system\Database\MySQLi\Connection.php(295): mysqli->query('SELECT *\nFROM `...', 0)
#1 C:\xampp\htdocs\monitoring_1\system\Database\BaseConnection.php(692): CodeIgniter\Database\MySQLi\Connection->execute('SELECT *\nFROM `...')
#2 C:\xampp\htdocs\monitoring_1\system\Database\BaseConnection.php(606): CodeIgniter\Database\BaseConnection->simpleQuery('SELECT *\nFROM `...')
#3 C:\xampp\htdocs\monitoring_1\system\Database\BaseBuilder.php(1616): CodeIgniter\Database\BaseConnection->query('SELECT *\nFROM `...', Array, false)
#4 C:\xampp\htdocs\monitoring_1\app\Models\ratings_model.php(22): CodeIgniter\Database\BaseBuilder->get()
#5 C:\xampp\htdocs\monitoring_1\app\Controllers\Manager.php(275): App\Models\ratings_model->getdatajoin(Array)
#6 C:\xampp\htdocs\monitoring_1\system\CodeIgniter.php(934): App\Controllers\Manager->ratings_db()
#7 C:\xampp\htdocs\monitoring_1\system\CodeIgniter.php(499): CodeIgniter\CodeIgniter->runController(Object(App\Controllers\Manager))
#8 C:\xampp\htdocs\monitoring_1\system\CodeIgniter.php(368): CodeIgniter\CodeIgniter->handleRequest(NULL, Object(Config\Cache), false)
#9 C:\xampp\htdocs\monitoring_1\public\index.php(67): CodeIgniter\CodeIgniter->run()
#10 C:\xampp\htdocs\monitoring_1\system\Commands\Server\rewrite.php(47): require_once('C:\\xampp\\htdocs...')
#11 {main}
CRITICAL - 2023-06-23 17:38:06 --> Unknown column 'ratings.ratings_id' in 'order clause'
in SYSTEMPATH\Database\MySQLi\Connection.php on line 295.
 1 SYSTEMPATH\Database\MySQLi\Connection.php(295): mysqli->query('SELECT *
FROM `ratings`
LEFT JOIN `periodic` ON `periodic`.`periodic_id` = `ratings`.`periodic_id`
LEFT JOIN `employee` ON `employee`.`users_id` = `ratings`.`users_id`
WHERE `evaluator_id` = \'6\'
ORDER BY `ratings`.`ratings_id` DESC', 0)
 2 SYSTEMPATH\Database\BaseConnection.php(692): CodeIgniter\Database\MySQLi\Connection->execute('SELECT *
FROM `ratings`
LEFT JOIN `periodic` ON `periodic`.`periodic_id` = `ratings`.`periodic_id`
LEFT JOIN `employee` ON `employee`.`users_id` = `ratings`.`users_id`
WHERE `evaluator_id` = \'6\'
ORDER BY `ratings`.`ratings_id` DESC')
 3 SYSTEMPATH\Database\BaseConnection.php(606): CodeIgniter\Database\BaseConnection->simpleQuery('SELECT *
FROM `ratings`
LEFT JOIN `periodic` ON `periodic`.`periodic_id` = `ratings`.`periodic_id`
LEFT JOIN `employee` ON `employee`.`users_id` = `ratings`.`users_id`
WHERE `evaluator_id` = \'6\'
ORDER BY `ratings`.`ratings_id` DESC')
 4 SYSTEMPATH\Database\BaseBuilder.php(1616): CodeIgniter\Database\BaseConnection->query('SELECT *
FROM `ratings`
LEFT JOIN `periodic` ON `periodic`.`periodic_id` = `ratings`.`periodic_id`
LEFT JOIN `employee` ON `employee`.`users_id` = `ratings`.`users_id`
WHERE `evaluator_id` = :evaluator_id:
ORDER BY `ratings`.`ratings_id` DESC', [...], false)
 5 APPPATH\Models\ratings_model.php(22): CodeIgniter\Database\BaseBuilder->get()
 6 APPPATH\Controllers\Manager.php(275): App\Models\ratings_model->getdatajoin([...])
 7 SYSTEMPATH\CodeIgniter.php(934): App\Controllers\Manager->ratings_db()
 8 SYSTEMPATH\CodeIgniter.php(499): CodeIgniter\CodeIgniter->runController(Object(App\Controllers\Manager))
 9 SYSTEMPATH\CodeIgniter.php(368): CodeIgniter\CodeIgniter->handleRequest(null, Object(Config\Cache), false)
10 FCPATH\index.php(67): CodeIgniter\CodeIgniter->run()
11 SYSTEMPATH\Commands\Server\rewrite.php(47): require_once('C:\\xampp\\htdocs\\monitoring_1\\public\\index.php')
CRITICAL - 2023-06-23 17:39:10 --> Undefined variable $ratings
in APPPATH\Views\manager\ratings_db.php on line 61.
 1 APPPATH\Views\manager\ratings_db.php(61): CodeIgniter\Debug\Exceptions->errorHandler(2, 'Undefined variable $ratings', 'C:\\xampp\\htdocs\\monitoring_1\\app\\Views\\manager\\ratings_db.php', 61)
 2 SYSTEMPATH\View\View.php(213): include('C:\\xampp\\htdocs\\monitoring_1\\app\\Views\\manager\\ratings_db.php')
 3 SYSTEMPATH\View\View.php(216): CodeIgniter\View\View->CodeIgniter\View\{closure}()
 4 SYSTEMPATH\Common.php(1184): CodeIgniter\View\View->render('manager/ratings_db', [], true)
 5 APPPATH\Controllers\Manager.php(276): view('manager/ratings_db', [...])
 6 SYSTEMPATH\CodeIgniter.php(934): App\Controllers\Manager->ratings_db()
 7 SYSTEMPATH\CodeIgniter.php(499): CodeIgniter\CodeIgniter->runController(Object(App\Controllers\Manager))
 8 SYSTEMPATH\CodeIgniter.php(368): CodeIgniter\CodeIgniter->handleRequest(null, Object(Config\Cache), false)
 9 FCPATH\index.php(67): CodeIgniter\CodeIgniter->run()
10 SYSTEMPATH\Commands\Server\rewrite.php(47): require_once('C:\\xampp\\htdocs\\monitoring_1\\public\\index.php')
CRITICAL - 2023-06-23 17:39:12 --> Undefined variable $ratings
in APPPATH\Views\manager\ratings_db.php on line 61.
 1 APPPATH\Views\manager\ratings_db.php(61): CodeIgniter\Debug\Exceptions->errorHandler(2, 'Undefined variable $ratings', 'C:\\xampp\\htdocs\\monitoring_1\\app\\Views\\manager\\ratings_db.php', 61)
 2 SYSTEMPATH\View\View.php(213): include('C:\\xampp\\htdocs\\monitoring_1\\app\\Views\\manager\\ratings_db.php')
 3 SYSTEMPATH\View\View.php(216): CodeIgniter\View\View->CodeIgniter\View\{closure}()
 4 SYSTEMPATH\Common.php(1184): CodeIgniter\View\View->render('manager/ratings_db', [], true)
 5 APPPATH\Controllers\Manager.php(276): view('manager/ratings_db', [...])
 6 SYSTEMPATH\CodeIgniter.php(934): App\Controllers\Manager->ratings_db()
 7 SYSTEMPATH\CodeIgniter.php(499): CodeIgniter\CodeIgniter->runController(Object(App\Controllers\Manager))
 8 SYSTEMPATH\CodeIgniter.php(368): CodeIgniter\CodeIgniter->handleRequest(null, Object(Config\Cache), false)
 9 FCPATH\index.php(67): CodeIgniter\CodeIgniter->run()
10 SYSTEMPATH\Commands\Server\rewrite.php(47): require_once('C:\\xampp\\htdocs\\monitoring_1\\public\\index.php')
CRITICAL - 2023-06-23 17:40:12 --> Undefined property: stdClass::$goal_id
in APPPATH\Views\manager\ratings_db.php on line 91.
 1 APPPATH\Views\manager\ratings_db.php(91): CodeIgniter\Debug\Exceptions->errorHandler(2, 'Undefined property: stdClass::$goal_id', 'C:\\xampp\\htdocs\\monitoring_1\\app\\Views\\manager\\ratings_db.php', 91)
 2 SYSTEMPATH\View\View.php(213): include('C:\\xampp\\htdocs\\monitoring_1\\app\\Views\\manager\\ratings_db.php')
 3 SYSTEMPATH\View\View.php(216): CodeIgniter\View\View->CodeIgniter\View\{closure}()
 4 SYSTEMPATH\Common.php(1184): CodeIgniter\View\View->render('manager/ratings_db', [], true)
 5 APPPATH\Controllers\Manager.php(276): view('manager/ratings_db', [...])
 6 SYSTEMPATH\CodeIgniter.php(934): App\Controllers\Manager->ratings_db()
 7 SYSTEMPATH\CodeIgniter.php(499): CodeIgniter\CodeIgniter->runController(Object(App\Controllers\Manager))
 8 SYSTEMPATH\CodeIgniter.php(368): CodeIgniter\CodeIgniter->handleRequest(null, Object(Config\Cache), false)
 9 FCPATH\index.php(67): CodeIgniter\CodeIgniter->run()
10 SYSTEMPATH\Commands\Server\rewrite.php(47): require_once('C:\\xampp\\htdocs\\monitoring_1\\public\\index.php')
CRITICAL - 2023-06-23 17:42:39 --> Attempt to read property "users_id" on null
in APPPATH\Controllers\Manager.php on line 193.
 1 APPPATH\Controllers\Manager.php(193): CodeIgniter\Debug\Exceptions->errorHandler(2, 'Attempt to read property "users_id" on null', 'C:\\xampp\\htdocs\\monitoring_1\\app\\Controllers\\Manager.php', 193)
 2 SYSTEMPATH\CodeIgniter.php(934): App\Controllers\Manager->goal_db()
 3 SYSTEMPATH\CodeIgniter.php(499): CodeIgniter\CodeIgniter->runController(Object(App\Controllers\Manager))
 4 SYSTEMPATH\CodeIgniter.php(368): CodeIgniter\CodeIgniter->handleRequest(null, Object(Config\Cache), false)
 5 FCPATH\index.php(67): CodeIgniter\CodeIgniter->run()
 6 SYSTEMPATH\Commands\Server\rewrite.php(47): require_once('C:\\xampp\\htdocs\\monitoring_1\\public\\index.php')
CRITICAL - 2023-06-23 17:42:41 --> Attempt to read property "users_id" on null
in APPPATH\Controllers\Manager.php on line 200.
 1 APPPATH\Controllers\Manager.php(200): CodeIgniter\Debug\Exceptions->errorHandler(2, 'Attempt to read property "users_id" on null', 'C:\\xampp\\htdocs\\monitoring_1\\app\\Controllers\\Manager.php', 200)
 2 SYSTEMPATH\CodeIgniter.php(934): App\Controllers\Manager->staff_db()
 3 SYSTEMPATH\CodeIgniter.php(499): CodeIgniter\CodeIgniter->runController(Object(App\Controllers\Manager))
 4 SYSTEMPATH\CodeIgniter.php(368): CodeIgniter\CodeIgniter->handleRequest(null, Object(Config\Cache), false)
 5 FCPATH\index.php(67): CodeIgniter\CodeIgniter->run()
 6 SYSTEMPATH\Commands\Server\rewrite.php(47): require_once('C:\\xampp\\htdocs\\monitoring_1\\public\\index.php')
ERROR - 2023-06-23 17:53:10 --> mysqli_sql_exception: Unknown column 'ratings.ratings_id' in 'order clause' in C:\xampp\htdocs\monitoring_1\system\Database\MySQLi\Connection.php:295
Stack trace:
#0 C:\xampp\htdocs\monitoring_1\system\Database\MySQLi\Connection.php(295): mysqli->query('SELECT *\nFROM `...', 0)
#1 C:\xampp\htdocs\monitoring_1\system\Database\BaseConnection.php(692): CodeIgniter\Database\MySQLi\Connection->execute('SELECT *\nFROM `...')
#2 C:\xampp\htdocs\monitoring_1\system\Database\BaseConnection.php(606): CodeIgniter\Database\BaseConnection->simpleQuery('SELECT *\nFROM `...')
#3 C:\xampp\htdocs\monitoring_1\system\Database\BaseBuilder.php(1616): CodeIgniter\Database\BaseConnection->query('SELECT *\nFROM `...', Array, false)
#4 C:\xampp\htdocs\monitoring_1\app\Models\ratings_model.php(32): CodeIgniter\Database\BaseBuilder->get()
#5 C:\xampp\htdocs\monitoring_1\app\Controllers\Manager.php(248): App\Models\ratings_model->getdatajoinrow(Array)
#6 C:\xampp\htdocs\monitoring_1\system\CodeIgniter.php(934): App\Controllers\Manager->approve('12')
#7 C:\xampp\htdocs\monitoring_1\system\CodeIgniter.php(499): CodeIgniter\CodeIgniter->runController(Object(App\Controllers\Manager))
#8 C:\xampp\htdocs\monitoring_1\system\CodeIgniter.php(368): CodeIgniter\CodeIgniter->handleRequest(NULL, Object(Config\Cache), false)
#9 C:\xampp\htdocs\monitoring_1\public\index.php(67): CodeIgniter\CodeIgniter->run()
#10 C:\xampp\htdocs\monitoring_1\system\Commands\Server\rewrite.php(47): require_once('C:\\xampp\\htdocs...')
#11 {main}
CRITICAL - 2023-06-23 17:53:10 --> Unknown column 'ratings.ratings_id' in 'order clause'
in SYSTEMPATH\Database\MySQLi\Connection.php on line 295.
 1 SYSTEMPATH\Database\MySQLi\Connection.php(295): mysqli->query('SELECT *
FROM `ratings`
LEFT JOIN `periodic` ON `periodic`.`periodic_id` = `ratings`.`periodic_id`
LEFT JOIN `employee` ON `employee`.`users_id` = `ratings`.`users_id`
WHERE `ratings`.`created_at` = \'12\'
ORDER BY `ratings`.`ratings_id` DESC', 0)
 2 SYSTEMPATH\Database\BaseConnection.php(692): CodeIgniter\Database\MySQLi\Connection->execute('SELECT *
FROM `ratings`
LEFT JOIN `periodic` ON `periodic`.`periodic_id` = `ratings`.`periodic_id`
LEFT JOIN `employee` ON `employee`.`users_id` = `ratings`.`users_id`
WHERE `ratings`.`created_at` = \'12\'
ORDER BY `ratings`.`ratings_id` DESC')
 3 SYSTEMPATH\Database\BaseConnection.php(606): CodeIgniter\Database\BaseConnection->simpleQuery('SELECT *
FROM `ratings`
LEFT JOIN `periodic` ON `periodic`.`periodic_id` = `ratings`.`periodic_id`
LEFT JOIN `employee` ON `employee`.`users_id` = `ratings`.`users_id`
WHERE `ratings`.`created_at` = \'12\'
ORDER BY `ratings`.`ratings_id` DESC')
 4 SYSTEMPATH\Database\BaseBuilder.php(1616): CodeIgniter\Database\BaseConnection->query('SELECT *
FROM `ratings`
LEFT JOIN `periodic` ON `periodic`.`periodic_id` = `ratings`.`periodic_id`
LEFT JOIN `employee` ON `employee`.`users_id` = `ratings`.`users_id`
WHERE `ratings`.`created_at` = :ratings.created_at:
ORDER BY `ratings`.`ratings_id` DESC', [...], false)
 5 APPPATH\Models\ratings_model.php(32): CodeIgniter\Database\BaseBuilder->get()
 6 APPPATH\Controllers\Manager.php(248): App\Models\ratings_model->getdatajoinrow([...])
 7 SYSTEMPATH\CodeIgniter.php(934): App\Controllers\Manager->approve('12')
 8 SYSTEMPATH\CodeIgniter.php(499): CodeIgniter\CodeIgniter->runController(Object(App\Controllers\Manager))
 9 SYSTEMPATH\CodeIgniter.php(368): CodeIgniter\CodeIgniter->handleRequest(null, Object(Config\Cache), false)
10 FCPATH\index.php(67): CodeIgniter\CodeIgniter->run()
11 SYSTEMPATH\Commands\Server\rewrite.php(47): require_once('C:\\xampp\\htdocs\\monitoring_1\\public\\index.php')
CRITICAL - 2023-06-23 17:57:26 --> Attempt to read property "rating_id" on null
in APPPATH\Controllers\Manager.php on line 256.
 1 APPPATH\Controllers\Manager.php(256): CodeIgniter\Debug\Exceptions->errorHandler(2, 'Attempt to read property "rating_id" on null', 'C:\\xampp\\htdocs\\monitoring_1\\app\\Controllers\\Manager.php', 256)
 2 SYSTEMPATH\CodeIgniter.php(934): App\Controllers\Manager->approve('12')
 3 SYSTEMPATH\CodeIgniter.php(499): CodeIgniter\CodeIgniter->runController(Object(App\Controllers\Manager))
 4 SYSTEMPATH\CodeIgniter.php(368): CodeIgniter\CodeIgniter->handleRequest(null, Object(Config\Cache), false)
 5 FCPATH\index.php(67): CodeIgniter\CodeIgniter->run()
 6 SYSTEMPATH\Commands\Server\rewrite.php(47): require_once('C:\\xampp\\htdocs\\monitoring_1\\public\\index.php')
CRITICAL - 2023-06-23 17:58:05 --> Attempt to read property "rating_id" on null
in APPPATH\Controllers\Manager.php on line 256.
 1 APPPATH\Controllers\Manager.php(256): CodeIgniter\Debug\Exceptions->errorHandler(2, 'Attempt to read property "rating_id" on null', 'C:\\xampp\\htdocs\\monitoring_1\\app\\Controllers\\Manager.php', 256)
 2 SYSTEMPATH\CodeIgniter.php(934): App\Controllers\Manager->approve('12')
 3 SYSTEMPATH\CodeIgniter.php(499): CodeIgniter\CodeIgniter->runController(Object(App\Controllers\Manager))
 4 SYSTEMPATH\CodeIgniter.php(368): CodeIgniter\CodeIgniter->handleRequest(null, Object(Config\Cache), false)
 5 FCPATH\index.php(67): CodeIgniter\CodeIgniter->run()
 6 SYSTEMPATH\Commands\Server\rewrite.php(47): require_once('C:\\xampp\\htdocs\\monitoring_1\\public\\index.php')
CRITICAL - 2023-06-23 18:59:06 --> 2 is not a valid HTTP return status code
in SYSTEMPATH\HTTP\ResponseTrait.php on line 155.
 1 SYSTEMPATH\HTTP\ResponseTrait.php(155): CodeIgniter\HTTP\Exceptions\HTTPException::forInvalidStatusCode(2)
 2 SYSTEMPATH\HTTP\ResponseTrait.php(544): CodeIgniter\HTTP\Response->setStatusCode(2)
 3 SYSTEMPATH\HTTP\RedirectResponse.php(78): CodeIgniter\HTTP\Response->redirect('http://localhost:8080/manager/edit/14', 'auto', 2)
 4 APPPATH\Controllers\Manager.php(156): CodeIgniter\HTTP\RedirectResponse->back(2)
 5 SYSTEMPATH\CodeIgniter.php(934): App\Controllers\Manager->update('14')
 6 SYSTEMPATH\CodeIgniter.php(499): CodeIgniter\CodeIgniter->runController(Object(App\Controllers\Manager))
 7 SYSTEMPATH\CodeIgniter.php(368): CodeIgniter\CodeIgniter->handleRequest(null, Object(Config\Cache), false)
 8 FCPATH\index.php(67): CodeIgniter\CodeIgniter->run()
 9 SYSTEMPATH\Commands\Server\rewrite.php(47): require_once('C:\\xampp\\htdocs\\monitoring_1\\public\\index.php')
CRITICAL - 2023-06-23 18:59:18 --> 2 is not a valid HTTP return status code
in SYSTEMPATH\HTTP\ResponseTrait.php on line 155.
 1 SYSTEMPATH\HTTP\ResponseTrait.php(155): CodeIgniter\HTTP\Exceptions\HTTPException::forInvalidStatusCode(2)
 2 SYSTEMPATH\HTTP\ResponseTrait.php(544): CodeIgniter\HTTP\Response->setStatusCode(2)
 3 SYSTEMPATH\HTTP\RedirectResponse.php(78): CodeIgniter\HTTP\Response->redirect('http://localhost:8080/manager/edit/14', 'auto', 2)
 4 APPPATH\Controllers\Manager.php(156): CodeIgniter\HTTP\RedirectResponse->back(2)
 5 SYSTEMPATH\CodeIgniter.php(934): App\Controllers\Manager->update('14')
 6 SYSTEMPATH\CodeIgniter.php(499): CodeIgniter\CodeIgniter->runController(Object(App\Controllers\Manager))
 7 SYSTEMPATH\CodeIgniter.php(368): CodeIgniter\CodeIgniter->handleRequest(null, Object(Config\Cache), false)
 8 FCPATH\index.php(67): CodeIgniter\CodeIgniter->run()
 9 SYSTEMPATH\Commands\Server\rewrite.php(47): require_once('C:\\xampp\\htdocs\\monitoring_1\\public\\index.php')
CRITICAL - 2023-06-23 19:42:30 --> Undefined variable $staff
in APPPATH\Views\manager\ratings_detail.php on line 38.
 1 APPPATH\Views\manager\ratings_detail.php(38): CodeIgniter\Debug\Exceptions->errorHandler(2, 'Undefined variable $staff', 'C:\\xampp\\htdocs\\monitoring_1\\app\\Views\\manager\\ratings_detail.php', 38)
 2 SYSTEMPATH\View\View.php(213): include('C:\\xampp\\htdocs\\monitoring_1\\app\\Views\\manager\\ratings_detail.php')
 3 SYSTEMPATH\View\View.php(216): CodeIgniter\View\View->CodeIgniter\View\{closure}()
 4 SYSTEMPATH\Common.php(1184): CodeIgniter\View\View->render('manager/ratings_detail', [], true)
 5 APPPATH\Controllers\Manager.php(285): view('manager/ratings_detail', [...])
 6 SYSTEMPATH\CodeIgniter.php(934): App\Controllers\Manager->ratings_detail('', '10')
 7 SYSTEMPATH\CodeIgniter.php(499): CodeIgniter\CodeIgniter->runController(Object(App\Controllers\Manager))
 8 SYSTEMPATH\CodeIgniter.php(368): CodeIgniter\CodeIgniter->handleRequest(null, Object(Config\Cache), false)
 9 FCPATH\index.php(67): CodeIgniter\CodeIgniter->run()
10 SYSTEMPATH\Commands\Server\rewrite.php(47): require_once('C:\\xampp\\htdocs\\monitoring_1\\public\\index.php')
CRITICAL - 2023-06-23 23:36:32 --> Attempt to read property "name_user" on null
in APPPATH\Views\layout\default.php on line 48.
 1 APPPATH\Views\layout\default.php(48): CodeIgniter\Debug\Exceptions->errorHandler(2, 'Attempt to read property "name_user" on null', 'C:\\xampp\\htdocs\\monitoring_1\\app\\Views\\layout\\default.php', 48)
 2 SYSTEMPATH\View\View.php(213): include('C:\\xampp\\htdocs\\monitoring_1\\app\\Views\\layout\\default.php')
 3 SYSTEMPATH\View\View.php(216): CodeIgniter\View\View->CodeIgniter\View\{closure}()
 4 SYSTEMPATH\View\View.php(229): CodeIgniter\View\View->render('layout/default', [], true)
 5 SYSTEMPATH\Common.php(1184): CodeIgniter\View\View->render('manager/ratings_detail', [], true)
 6 APPPATH\Controllers\Manager.php(285): view('manager/ratings_detail', [...])
 7 SYSTEMPATH\CodeIgniter.php(934): App\Controllers\Manager->ratings_detail('', '10')
 8 SYSTEMPATH\CodeIgniter.php(499): CodeIgniter\CodeIgniter->runController(Object(App\Controllers\Manager))
 9 SYSTEMPATH\CodeIgniter.php(368): CodeIgniter\CodeIgniter->handleRequest(null, Object(Config\Cache), false)
10 FCPATH\index.php(67): CodeIgniter\CodeIgniter->run()
11 SYSTEMPATH\Commands\Server\rewrite.php(47): require_once('C:\\xampp\\htdocs\\monitoring_1\\public\\index.php')
CRITICAL - 2023-06-23 23:36:36 --> Attempt to read property "users_id" on null
in APPPATH\Controllers\Manager.php on line 278.
 1 APPPATH\Controllers\Manager.php(278): CodeIgniter\Debug\Exceptions->errorHandler(2, 'Attempt to read property "users_id" on null', 'C:\\xampp\\htdocs\\monitoring_1\\app\\Controllers\\Manager.php', 278)
 2 SYSTEMPATH\CodeIgniter.php(934): App\Controllers\Manager->ratings_db()
 3 SYSTEMPATH\CodeIgniter.php(499): CodeIgniter\CodeIgniter->runController(Object(App\Controllers\Manager))
 4 SYSTEMPATH\CodeIgniter.php(368): CodeIgniter\CodeIgniter->handleRequest(null, Object(Config\Cache), false)
 5 FCPATH\index.php(67): CodeIgniter\CodeIgniter->run()
 6 SYSTEMPATH\Commands\Server\rewrite.php(47): require_once('C:\\xampp\\htdocs\\monitoring_1\\public\\index.php')
CRITICAL - 2023-06-23 23:36:38 --> Attempt to read property "users_id" on null
in APPPATH\Controllers\Manager.php on line 200.
 1 APPPATH\Controllers\Manager.php(200): CodeIgniter\Debug\Exceptions->errorHandler(2, 'Attempt to read property "users_id" on null', 'C:\\xampp\\htdocs\\monitoring_1\\app\\Controllers\\Manager.php', 200)
 2 SYSTEMPATH\CodeIgniter.php(934): App\Controllers\Manager->staff_db()
 3 SYSTEMPATH\CodeIgniter.php(499): CodeIgniter\CodeIgniter->runController(Object(App\Controllers\Manager))
 4 SYSTEMPATH\CodeIgniter.php(368): CodeIgniter\CodeIgniter->handleRequest(null, Object(Config\Cache), false)
 5 FCPATH\index.php(67): CodeIgniter\CodeIgniter->run()
 6 SYSTEMPATH\Commands\Server\rewrite.php(47): require_once('C:\\xampp\\htdocs\\monitoring_1\\public\\index.php')
